#
# There is insufficient memory for the Java Runtime Environment to continue.
# Native memory allocation (mmap) failed to map 4194304 bytes for G1 virtual space
# Possible reasons:
#   The system is out of physical RAM or swap space
#   The process is running with CompressedOops enabled, and the Java Heap may be blocking the growth of the native heap
# Possible solutions:
#   Reduce memory load on the system
#   Increase physical memory or swap space
#   Check if swap backing store is full
#   Decrease Java heap size (-Xmx/-Xms)
#   Decrease number of Java threads
#   Decrease Java thread stack sizes (-Xss)
#   Set larger code cache with -XX:ReservedCodeCacheSize=
#   JVM is running with Unscaled Compressed Oops mode in which the Java heap is
#     placed in the first 4GB address space. The Java Heap base address is the
#     maximum limit for the native heap growth. Please use -XX:HeapBaseMinAddress
#     to set the Java Heap base and to place the Java Heap above 4GB virtual address.
# This output file may be truncated or incomplete.
#
#  Out of Memory Error (os_windows.cpp:3559), pid=5172, tid=16896
#
# JRE version:  (17.0.7+7) (build )
# Java VM: OpenJDK 64-Bit Server VM (17.0.7+7, mixed mode, emulated-client, sharing, tiered, compressed oops, compressed class ptrs, g1 gc, windows-amd64)
# No core dump will be written. Minidumps are not enabled by default on client versions of Windows
#

---------------  S U M M A R Y ------------

Command Line: -XX:+HeapDumpOnOutOfMemoryError -Xmx1024m -Dsts.lsp.client=vscode -Dsts.log.file=/dev/null -XX:TieredStopAtLevel=1 -Xlog:jni+resolve=off -Dspring.config.location=file:c:\Users\nayem\.vscode\extensions\vmware.vscode-spring-boot-1.46.0\language-server\BOOT-INF\classes\application.properties org.springframework.ide.vscode.boot.app.BootLanguageServerBootApp

Host: Intel(R) Core(TM) i5-8250U CPU @ 1.60GHz, 8 cores, 15G,  Windows 10 , 64 bit Build 19041 (10.0.19041.2913)
Time: Wed Jun  7 17:41:28 2023 Bangladesh Standard Time elapsed time: 0.022455 seconds (0d 0h 0m 0s)

---------------  T H R E A D  ---------------

Current thread (0x000001432b88f5d0):  JavaThread "Unknown thread" [_thread_in_vm, id=16896, stack(0x00000001f9600000,0x00000001f9700000)]

Stack: [0x00000001f9600000,0x00000001f9700000]
Native frames: (J=compiled Java code, j=interpreted, Vv=VM code, C=native code)
V  [jvm.dll+0x67754a]
V  [jvm.dll+0x834304]
V  [jvm.dll+0x835aae]
V  [jvm.dll+0x836113]
V  [jvm.dll+0x24696f]
V  [jvm.dll+0x6743f9]
V  [jvm.dll+0x668c8a]
V  [jvm.dll+0x3061bb]
V  [jvm.dll+0x30d6a6]
V  [jvm.dll+0x35cef8]
V  [jvm.dll+0x35d0ff]
V  [jvm.dll+0x2dd048]
V  [jvm.dll+0x2ddfb4]
V  [jvm.dll+0x8066d1]
V  [jvm.dll+0x36ac91]
V  [jvm.dll+0x7e5cec]
V  [jvm.dll+0x3ed56f]
V  [jvm.dll+0x3ef0a1]
C  [jli.dll+0x528b]
C  [ucrtbase.dll+0x21bb2]
C  [KERNEL32.DLL+0x17614]
C  [ntdll.dll+0x526a1]


---------------  P R O C E S S  ---------------

Threads class SMR info:
_java_thread_list=0x00007ffac2ce7018, length=0, elements={
}

Java Threads: ( => current thread )

Other Threads:
  0x000001432b8d0e70 GCTaskThread "GC Thread#0" [stack: 0x00000001f9700000,0x00000001f9800000] [id=11084]
  0x000001432b8d9cb0 ConcurrentGCThread "G1 Main Marker" [stack: 0x00000001f9800000,0x00000001f9900000] [id=10560]
  0x000001432b8dad60 ConcurrentGCThread "G1 Conc#0" [stack: 0x00000001f9900000,0x00000001f9a00000] [id=11472]

[error occurred during error reporting (printing all threads), id 0xc0000005, EXCEPTION_ACCESS_VIOLATION (0xc0000005) at pc=0x00007ffac24bdaf7]

VM state: not at safepoint (not fully initialized)

VM Mutex/Monitor currently owned by a thread:  ([mutex/lock_event])
[0x000001432b88d3e0] Heap_lock - owner thread: 0x000001432b88f5d0

Heap address: 0x00000000c0000000, size: 1024 MB, Compressed Oops mode: 32-bit

CDS archive(s) mapped at: [0x0000000000000000-0x0000000000000000-0x0000000000000000), size 0, SharedBaseAddress: 0x0000000800000000, ArchiveRelocationMode: 0.
Narrow klass base: 0x0000000000000000, Narrow klass shift: 0, Narrow klass range: 0x0

GC Precious Log:
<Empty>

Heap:
 garbage-first heap   total 0K, used 0K [0x00000000c0000000, 0x0000000100000000)
  region size 1024K, 0 young (0K), 0 survivors (0K)

[error occurred during error reporting (printing heap information), id 0xc0000005, EXCEPTION_ACCESS_VIOLATION (0xc0000005) at pc=0x00007ffac28a0db9]

GC Heap History (0 events):
No events

Dll operation events (1 events):
Event: 0.010 Loaded shared library c:\Users\nayem\.vscode\extensions\redhat.java-1.19.0-win32-x64\jre\17.0.7-win32-x86_64\bin\java.dll

Deoptimization events (0 events):
No events

Classes unloaded (0 events):
No events

Classes redefined (0 events):
No events

Internal exceptions (0 events):
No events

VM Operations (0 events):
No events

Events (0 events):
No events


Dynamic libraries:
0x00007ff6d6200000 - 0x00007ff6d620e000 	c:\Users\nayem\.vscode\extensions\redhat.java-1.19.0-win32-x64\jre\17.0.7-win32-x86_64\bin\java.exe
0x00007ffb33710000 - 0x00007ffb33908000 	C:\WINDOWS\SYSTEM32\ntdll.dll
0x00007ffb334b0000 - 0x00007ffb3356f000 	C:\WINDOWS\System32\KERNEL32.DLL
0x00007ffb31270000 - 0x00007ffb31566000 	C:\WINDOWS\System32\KERNELBASE.dll
0x00007ffb30df0000 - 0x00007ffb30ef0000 	C:\WINDOWS\System32\ucrtbase.dll
0x00007ffb21fc0000 - 0x00007ffb21fd7000 	c:\Users\nayem\.vscode\extensions\redhat.java-1.19.0-win32-x64\jre\17.0.7-win32-x86_64\bin\jli.dll
0x00007ffb21e60000 - 0x00007ffb21e79000 	c:\Users\nayem\.vscode\extensions\redhat.java-1.19.0-win32-x64\jre\17.0.7-win32-x86_64\bin\VCRUNTIME140.dll
0x00007ffb330e0000 - 0x00007ffb3327d000 	C:\WINDOWS\System32\USER32.dll
0x00007ffb315e0000 - 0x00007ffb31602000 	C:\WINDOWS\System32\win32u.dll
0x00007ffb33570000 - 0x00007ffb3359c000 	C:\WINDOWS\System32\GDI32.dll
0x00007ffb19c30000 - 0x00007ffb19eca000 	C:\WINDOWS\WinSxS\amd64_microsoft.windows.common-controls_6595b64144ccf1df_6.0.19041.1110_none_60b5254171f9507e\COMCTL32.dll
0x00007ffb31020000 - 0x00007ffb31135000 	C:\WINDOWS\System32\gdi32full.dll
0x00007ffb33040000 - 0x00007ffb330de000 	C:\WINDOWS\System32\msvcrt.dll
0x00007ffb30ef0000 - 0x00007ffb30f8d000 	C:\WINDOWS\System32\msvcp_win.dll
0x00007ffb31c70000 - 0x00007ffb31ca0000 	C:\WINDOWS\System32\IMM32.DLL
0x00007ffb2af00000 - 0x00007ffb2af0c000 	c:\Users\nayem\.vscode\extensions\redhat.java-1.19.0-win32-x64\jre\17.0.7-win32-x86_64\bin\vcruntime140_1.dll
0x00007ffafeb50000 - 0x00007ffafebe1000 	c:\Users\nayem\.vscode\extensions\redhat.java-1.19.0-win32-x64\jre\17.0.7-win32-x86_64\bin\msvcp140.dll
0x00007ffac21d0000 - 0x00007ffac2e18000 	c:\Users\nayem\.vscode\extensions\redhat.java-1.19.0-win32-x64\jre\17.0.7-win32-x86_64\bin\server\jvm.dll
0x00007ffb317d0000 - 0x00007ffb3187f000 	C:\WINDOWS\System32\ADVAPI32.dll
0x00007ffb31ee0000 - 0x00007ffb31f7c000 	C:\WINDOWS\System32\sechost.dll
0x00007ffb319c0000 - 0x00007ffb31ae6000 	C:\WINDOWS\System32\RPCRT4.dll
0x00007ffb19a80000 - 0x00007ffb19a89000 	C:\WINDOWS\SYSTEM32\WSOCK32.dll
0x00007ffb1bd70000 - 0x00007ffb1bd97000 	C:\WINDOWS\SYSTEM32\WINMM.dll
0x00007ffb27150000 - 0x00007ffb2715a000 	C:\WINDOWS\SYSTEM32\VERSION.dll
0x00007ffb31ca0000 - 0x00007ffb31d0b000 	C:\WINDOWS\System32\WS2_32.dll
0x00007ffb2f620000 - 0x00007ffb2f632000 	C:\WINDOWS\SYSTEM32\kernel.appcore.dll
0x00007ffb29a80000 - 0x00007ffb29a8a000 	c:\Users\nayem\.vscode\extensions\redhat.java-1.19.0-win32-x64\jre\17.0.7-win32-x86_64\bin\jimage.dll
0x00007ffb2eb80000 - 0x00007ffb2ed64000 	C:\WINDOWS\SYSTEM32\DBGHELP.DLL
0x00007ffb134d0000 - 0x00007ffb13504000 	C:\WINDOWS\SYSTEM32\dbgcore.DLL
0x00007ffb30f90000 - 0x00007ffb31012000 	C:\WINDOWS\System32\bcryptPrimitives.dll
0x00007ffb1e9a0000 - 0x00007ffb1e9c5000 	c:\Users\nayem\.vscode\extensions\redhat.java-1.19.0-win32-x64\jre\17.0.7-win32-x86_64\bin\java.dll

dbghelp: loaded successfully - version: 4.0.5 - missing functions: none
symbol engine: initialized successfully - sym options: 0x614 - pdb path: .;c:\Users\nayem\.vscode\extensions\redhat.java-1.19.0-win32-x64\jre\17.0.7-win32-x86_64\bin;C:\WINDOWS\SYSTEM32;C:\WINDOWS\WinSxS\amd64_microsoft.windows.common-controls_6595b64144ccf1df_6.0.19041.1110_none_60b5254171f9507e;c:\Users\nayem\.vscode\extensions\redhat.java-1.19.0-win32-x64\jre\17.0.7-win32-x86_64\bin\server

VM Arguments:
jvm_args: -XX:+HeapDumpOnOutOfMemoryError -Xmx1024m -Dsts.lsp.client=vscode -Dsts.log.file=/dev/null -XX:TieredStopAtLevel=1 -Xlog:jni+resolve=off -Dspring.config.location=file:c:\Users\nayem\.vscode\extensions\vmware.vscode-spring-boot-1.46.0\language-server\BOOT-INF\classes\application.properties 
java_command: org.springframework.ide.vscode.boot.app.BootLanguageServerBootApp
java_class_path (initial): c:\Users\nayem\.vscode\extensions\vmware.vscode-spring-boot-1.46.0\language-server\BOOT-INF\classes;c:\Users\nayem\.vscode\extensions\vmware.vscode-spring-boot-1.46.0\language-server\BOOT-INF\lib\annotations-24.0.1.jar;c:\Users\nayem\.vscode\extensions\vmware.vscode-spring-boot-1.46.0\language-server\BOOT-INF\lib\antlr-runtime-3.5.3.jar;c:\Users\nayem\.vscode\extensions\vmware.vscode-spring-boot-1.46.0\language-server\BOOT-INF\lib\antlr4-4.11.1.jar;c:\Users\nayem\.vscode\extensions\vmware.vscode-spring-boot-1.46.0\language-server\BOOT-INF\lib\antlr4-runtime-4.11.1.jar;c:\Users\nayem\.vscode\extensions\vmware.vscode-spring-boot-1.46.0\language-server\BOOT-INF\lib\asm-9.5.jar;c:\Users\nayem\.vscode\extensions\vmware.vscode-spring-boot-1.46.0\language-server\BOOT-INF\lib\asm-analysis-9.5.jar;c:\Users\nayem\.vscode\extensions\vmware.vscode-spring-boot-1.46.0\language-server\BOOT-INF\lib\asm-tree-9.5.jar;c:\Users\nayem\.vscode\extensions\vmware.vscode-spring-boot-1.46.0\language-server\BOOT-INF\lib\asm-util-9.5.jar;c:\Users\nayem\.vscode\extensions\vmware.vscode-spring-boot-1.46.0\language-server\BOOT-INF\lib\caffeine-3.1.2.jar;c:\Users\nayem\.vscode\extensions\vmware.vscode-spring-boot-1.46.0\language-server\BOOT-INF\lib\checker-qual-3.12.0.jar;c:\Users\nayem\.vscode\extensions\vmware.vscode-spring-boot-1.46.0\language-server\BOOT-INF\lib\classgraph-4.8.149.jar;c:\Users\nayem\.vscode\extensions\vmware.vscode-spring-boot-1.46.0\language-server\BOOT-INF\lib\commons-codec-1.15.jar;c:\Users\nayem\.vscode\extensions\vmware.vscode-spring-boot-1.46.0\language-server\BOOT-INF\lib\commons-compress-1.23.0.jar;c:\Users\nayem\.vscode\extensions\vmware.vscode-spring-boot-1.46.0\language-server\BOOT-INF\lib\commons-io-2.4.jar;c:\Users\nayem\.vscode\extensions\vmware.vscode-spring-boot-1.46.0\language-server\BOOT-INF\lib\commons-java-1.46.0-SNAPSHOT.jar;c:\Users\nayem\.vscode\extensions\vmware.vscode-spring-boot-1.46.0\language-server\BOOT-INF\lib\commons-
Launcher Type: SUN_STANDARD

[Global flags]
     intx CICompilerCount                          = 4                                         {product} {ergonomic}
     uint ConcGCThreads                            = 2                                         {product} {ergonomic}
     uint G1ConcRefinementThreads                  = 8                                         {product} {ergonomic}
   size_t G1HeapRegionSize                         = 1048576                                   {product} {ergonomic}
    uintx GCDrainStackTargetSize                   = 64                                        {product} {ergonomic}
     bool HeapDumpOnOutOfMemoryError               = true                                   {manageable} {command line}
   size_t InitialHeapSize                          = 268435456                                 {product} {ergonomic}
   size_t MarkStackSize                            = 4194304                                   {product} {ergonomic}
   size_t MaxHeapSize                              = 1073741824                                {product} {command line}
   size_t MinHeapDeltaBytes                        = 1048576                                   {product} {ergonomic}
   size_t MinHeapSize                              = 8388608                                   {product} {ergonomic}
    uintx NonProfiledCodeHeapSize                  = 0                                      {pd product} {ergonomic}
     bool ProfileInterpreter                       = false                                  {pd product} {command line}
    uintx ProfiledCodeHeapSize                     = 0                                      {pd product} {ergonomic}
   size_t SoftMaxHeapSize                          = 1073741824                             {manageable} {ergonomic}
     intx TieredStopAtLevel                        = 1                                         {product} {command line}
     bool UseCompressedClassPointers               = true                           {product lp64_product} {ergonomic}
     bool UseCompressedOops                        = true                           {product lp64_product} {ergonomic}
     bool UseG1GC                                  = true                                      {product} {ergonomic}
     bool UseLargePagesIndividualAllocation        = false                                  {pd product} {ergonomic}

Logging:
Log output configuration:
 #0: stdout all=warning,jni+resolve=off uptime,level,tags (reconfigured)
 #1: stderr all=off uptime,level,tags

Environment Variables:
PATH=C:\Program Files\Common Files\Oracle\Java\javapath;C:\Program Files (x86)\Intel\iCLS Client\;C:\Program Files\Intel\iCLS Client\;C:\Windows\system32;C:\Windows;C:\Windows\System32\Wbem;C:\Windows\System32\WindowsPowerShell\v1.0\;C:\Program Files (x86)\Intel\Intel(R) Management Engine Components\DAL;C:\Program Files\Intel\Intel(R) Management Engine Components\DAL;C:\Program Files (x86)\Intel\Intel(R) Management Engine Components\IPT;C:\Program Files\Intel\Intel(R) Management Engine Components\IPT;C:\Program Files (x86)\NVIDIA Corporation\PhysX\Common;C:\Program Files\Intel\WiFi\bin\;C:\Program Files\Common Files\Intel\WirelessCommon\;C:\WINDOWS\system32;C:\WINDOWS;C:\WINDOWS\System32\Wbem;C:\WINDOWS\System32\WindowsPowerShell\v1.0\;C:\WINDOWS\System32\OpenSSH\;C:\MinGW\bin;C:\Program Files\Git\cmd;C:\Program Files\nodejs\;C:\Users\nayem\AppData\Local\Programs\Python\Python311\Scripts\;C:\Users\nayem\AppData\Local\Programs\Python\Python311\;C:\Users\nayem\AppData\Local\Microsoft\WindowsApps;;C:\Users\nayem\AppData\Local\Programs\Microsoft VS Code\bin;C:\Program Files\JetBrains\IntelliJ IDEA Community Edition 2023.1.1\bin;;C:\Users\nayem\AppData\Roaming\npm
USERNAME=nayem
OS=Windows_NT
PROCESSOR_IDENTIFIER=Intel64 Family 6 Model 142 Stepping 10, GenuineIntel
TMP=C:\Users\nayem\AppData\Local\Temp
TEMP=C:\Users\nayem\AppData\Local\Temp



---------------  S Y S T E M  ---------------

OS:
 Windows 10 , 64 bit Build 19041 (10.0.19041.2913)
OS uptime: 9 days 5:52 hours

CPU: total 8 (initial active 8) (4 cores per cpu, 2 threads per core) family 6 model 142 stepping 10 microcode 0xb4, cx8, cmov, fxsr, ht, mmx, 3dnowpref, sse, sse2, sse3, ssse3, sse4.1, sse4.2, popcnt, lzcnt, tsc, tscinvbit, avx, avx2, aes, erms, clmul, bmi1, bmi2, adx, fma, vzeroupper, clflush, clflushopt

Memory: 4k page, system-wide physical 16270M (5656M free)
TotalPageFile size 31398M (AvailPageFile size 4M)
current process WorkingSet (physical memory assigned to process): 10M, peak: 10M
current process commit charge ("private bytes"): 315M, peak: 319M

vm_info: OpenJDK 64-Bit Server VM (17.0.7+7) for windows-amd64 JRE (17.0.7+7), built on Apr 18 2023 22:10:42 by "temurin" with MS VC++ 16.7 (VS2019)

END.
