#
# There is insufficient memory for the Java Runtime Environment to continue.
# Native memory allocation (malloc) failed to allocate 2097152 bytes for AllocateHeap
# Possible reasons:
#   The system is out of physical RAM or swap space
#   The process is running with CompressedOops enabled, and the Java Heap may be blocking the growth of the native heap
# Possible solutions:
#   Reduce memory load on the system
#   Increase physical memory or swap space
#   Check if swap backing store is full
#   Decrease Java heap size (-Xmx/-Xms)
#   Decrease number of Java threads
#   Decrease Java thread stack sizes (-Xss)
#   Set larger code cache with -XX:ReservedCodeCacheSize=
#   JVM is running with Unscaled Compressed Oops mode in which the Java heap is
#     placed in the first 4GB address space. The Java Heap base address is the
#     maximum limit for the native heap growth. Please use -XX:HeapBaseMinAddress
#     to set the Java Heap base and to place the Java Heap above 4GB virtual address.
# This output file may be truncated or incomplete.
#
#  Out of Memory Error (allocation.cpp:44), pid=11648, tid=9504
#
# JRE version: OpenJDK Runtime Environment Temurin-17.0.7+7 (17.0.7+7) (build 17.0.7+7)
# Java VM: OpenJDK 64-Bit Server VM Temurin-17.0.7+7 (17.0.7+7, mixed mode, emulated-client, tiered, compressed oops, compressed class ptrs, g1 gc, windows-amd64)
# No core dump will be written. Minidumps are not enabled by default on client versions of Windows
#

---------------  S U M M A R Y ------------

Command Line: -XX:+HeapDumpOnOutOfMemoryError -Xmx1024m -Dsts.lsp.client=vscode -Dsts.log.file=/dev/null -XX:TieredStopAtLevel=1 -Xlog:jni+resolve=off -Dspring.config.location=file:c:\Users\nayem\.vscode\extensions\vmware.vscode-spring-boot-1.46.0\language-server\BOOT-INF\classes\application.properties org.springframework.ide.vscode.boot.app.BootLanguageServerBootApp

Host: Intel(R) Core(TM) i5-8250U CPU @ 1.60GHz, 8 cores, 15G,  Windows 10 , 64 bit Build 19041 (10.0.19041.2913)
Time: Wed Jun  7 20:20:04 2023 Bangladesh Standard Time elapsed time: 6951.888325 seconds (0d 1h 55m 51s)

---------------  T H R E A D  ---------------

Current thread (0x0000020620bb1d10):  VMThread "VM Thread" [stack: 0x000000990ad00000,0x000000990ae00000] [id=9504]

Stack: [0x000000990ad00000,0x000000990ae00000]
Native frames: (J=compiled Java code, j=interpreted, Vv=VM code, C=native code)
V  [jvm.dll+0x67754a]
V  [jvm.dll+0x834304]
V  [jvm.dll+0x835aae]
V  [jvm.dll+0x836113]
V  [jvm.dll+0x24696f]
V  [jvm.dll+0xa681f]
V  [jvm.dll+0x2f7481]
V  [jvm.dll+0x2f30f0]
V  [jvm.dll+0x2db6c7]
V  [jvm.dll+0x31e777]
V  [jvm.dll+0x83a5bb]
V  [jvm.dll+0x83b2f4]
V  [jvm.dll+0x83b80c]
V  [jvm.dll+0x83bbe4]
V  [jvm.dll+0x83bcb0]
V  [jvm.dll+0x7e4e7a]
V  [jvm.dll+0x676395]
C  [ucrtbase.dll+0x21bb2]
C  [KERNEL32.DLL+0x17614]
C  [ntdll.dll+0x526a1]

VM_Operation (0x000000990c6fe880): G1CollectFull, mode: safepoint, requested by thread 0x00000206257c3910


---------------  P R O C E S S  ---------------

Threads class SMR info:
_java_thread_list=0x000002062677c700, length=28, elements={
0x0000020620bb5790, 0x0000020620bb6510, 0x0000020620bfa830, 0x0000020620bfb5b0,
0x0000020620bff730, 0x0000020620c00790, 0x0000020620c04cf0, 0x0000020620c08540,
0x0000020620e13910, 0x0000020620e21ab0, 0x0000020620cd1830, 0x00000206257c3440,
0x00000206257c3910, 0x00000206257c3de0, 0x0000020613d64760, 0x00000206256b3ae0,
0x000002062637f090, 0x0000020626395240, 0x000002062663c3f0, 0x00000206266398a0,
0x0000020626638090, 0x0000020626635ee0, 0x00000206266393d0, 0x00000206266363b0,
0x0000020626639d70, 0x0000020626636880, 0x000002062663ba50, 0x000002062663bf20
}

Java Threads: ( => current thread )
  0x0000020620bb5790 JavaThread "Reference Handler" daemon [_thread_blocked, id=9760, stack(0x000000990ae00000,0x000000990af00000)]
  0x0000020620bb6510 JavaThread "Finalizer" daemon [_thread_blocked, id=10484, stack(0x000000990af00000,0x000000990b000000)]
  0x0000020620bfa830 JavaThread "Signal Dispatcher" daemon [_thread_blocked, id=13896, stack(0x000000990b000000,0x000000990b100000)]
  0x0000020620bfb5b0 JavaThread "Attach Listener" daemon [_thread_blocked, id=11040, stack(0x000000990b100000,0x000000990b200000)]
  0x0000020620bff730 JavaThread "Service Thread" daemon [_thread_blocked, id=688, stack(0x000000990b200000,0x000000990b300000)]
  0x0000020620c00790 JavaThread "Monitor Deflation Thread" daemon [_thread_blocked, id=3316, stack(0x000000990b300000,0x000000990b400000)]
  0x0000020620c04cf0 JavaThread "C1 CompilerThread0" daemon [_thread_blocked, id=18988, stack(0x000000990b400000,0x000000990b500000)]
  0x0000020620c08540 JavaThread "Sweeper thread" daemon [_thread_blocked, id=2052, stack(0x000000990b500000,0x000000990b600000)]
  0x0000020620e13910 JavaThread "Notification Thread" daemon [_thread_blocked, id=15928, stack(0x000000990b800000,0x000000990b900000)]
  0x0000020620e21ab0 JavaThread "Common-Cleaner" daemon [_thread_blocked, id=13780, stack(0x000000990ba00000,0x000000990bb00000)]
  0x0000020620cd1830 JavaThread "boundedElastic-evictor-1" daemon [_thread_blocked, id=13868, stack(0x000000990c000000,0x000000990c100000)]
  0x00000206257c3440 JavaThread "boundedElastic-evictor-2" daemon [_thread_blocked, id=6292, stack(0x000000990c500000,0x000000990c600000)]
  0x00000206257c3910 JavaThread "pool-10-thread-1" [_thread_blocked, id=17268, stack(0x000000990c600000,0x000000990c700000)]
  0x00000206257c3de0 JavaThread "LanguageServerApp-lifecycle" [_thread_blocked, id=8660, stack(0x000000990c700000,0x000000990c800000)]
  0x0000020613d64760 JavaThread "DestroyJavaVM" [_thread_blocked, id=16116, stack(0x000000990a700000,0x000000990a800000)]
  0x00000206256b3ae0 JavaThread "pool-11-thread-1" [_thread_in_native, id=16380, stack(0x000000990c800000,0x000000990c900000)]
  0x000002062637f090 JavaThread "Simple-Language-Server main thread" daemon [_thread_blocked, id=11088, stack(0x000000990c900000,0x000000990ca00000)]
  0x0000020626395240 JavaThread "pool-6-thread-1" [_thread_blocked, id=17136, stack(0x000000990cd00000,0x000000990ce00000)]
  0x000002062663c3f0 JavaThread "parallel-1" daemon [_thread_blocked, id=5864, stack(0x000000990dd00000,0x000000990de00000)]
  0x00000206266398a0 JavaThread "pool-4-thread-1" [_thread_blocked, id=16332, stack(0x000000990e200000,0x000000990e300000)]
  0x0000020626638090 JavaThread "parallel-2" daemon [_thread_blocked, id=16852, stack(0x000000990e300000,0x000000990e400000)]
  0x0000020626635ee0 JavaThread "parallel-3" daemon [_thread_blocked, id=12416, stack(0x000000990d000000,0x000000990d100000)]
  0x00000206266393d0 JavaThread "parallel-4" daemon [_thread_blocked, id=15532, stack(0x000000990d100000,0x000000990d200000)]
  0x00000206266363b0 JavaThread "parallel-5" daemon [_thread_blocked, id=10804, stack(0x000000990d200000,0x000000990d300000)]
  0x0000020626639d70 JavaThread "Reconciler-1" daemon [_thread_blocked, id=17256, stack(0x000000990d300000,0x000000990d400000)]
  0x0000020626636880 JavaThread "parallel-6" daemon [_thread_blocked, id=20164, stack(0x000000990b700000,0x000000990b800000)]
  0x000002062663ba50 JavaThread "parallel-7" daemon [_thread_blocked, id=19940, stack(0x000000990ca00000,0x000000990cb00000)]
  0x000002062663bf20 JavaThread "parallel-8" daemon [_thread_blocked, id=11060, stack(0x000000990cb00000,0x000000990cc00000)]

Other Threads:
=>0x0000020620bb1d10 VMThread "VM Thread" [stack: 0x000000990ad00000,0x000000990ae00000] [id=9504]
  0x0000020620e14df0 WatcherThread [stack: 0x000000990b900000,0x000000990ba00000] [id=12360]
  0x0000020613da5550 GCTaskThread "GC Thread#0" [stack: 0x000000990a800000,0x000000990a900000] [id=8904]
  0x0000020625abe020 GCTaskThread "GC Thread#1" [stack: 0x000000990bb00000,0x000000990bc00000] [id=12064]
  0x0000020625abe2d0 GCTaskThread "GC Thread#2" [stack: 0x000000990bc00000,0x000000990bd00000] [id=5112]
  0x0000020625abe580 GCTaskThread "GC Thread#3" [stack: 0x000000990bd00000,0x000000990be00000] [id=18284]
  0x0000020625abe830 GCTaskThread "GC Thread#4" [stack: 0x000000990be00000,0x000000990bf00000] [id=18304]
  0x0000020625abeae0 GCTaskThread "GC Thread#5" [stack: 0x000000990bf00000,0x000000990c000000] [id=14236]
  0x0000020625d37d60 GCTaskThread "GC Thread#6" [stack: 0x000000990c100000,0x000000990c200000] [id=15820]
  0x0000020625d38010 GCTaskThread "GC Thread#7" [stack: 0x000000990c200000,0x000000990c300000] [id=2632]
  0x0000020613dae3a0 ConcurrentGCThread "G1 Main Marker" [stack: 0x000000990a900000,0x000000990aa00000] [id=16136]
  0x0000020613daf2d0 ConcurrentGCThread "G1 Conc#0" [stack: 0x000000990aa00000,0x000000990ab00000] [id=17912]
  0x0000020625ec8220 ConcurrentGCThread "G1 Conc#1" [stack: 0x000000990c400000,0x000000990c500000] [id=2456]
  0x0000020613e2df90 ConcurrentGCThread "G1 Refine#0" [stack: 0x000000990ab00000,0x000000990ac00000] [id=19384]
  0x0000020620d3ad20 ConcurrentGCThread "G1 Refine#1" [stack: 0x000000990e400000,0x000000990e500000] [id=8424]
  0x0000020620d39620 ConcurrentGCThread "G1 Refine#2" [stack: 0x000000990e500000,0x000000990e600000] [id=8420]
  0x000002062652ce60 ConcurrentGCThread "G1 Refine#3" [stack: 0x000000990c300000,0x000000990c400000] [id=16996]
  0x0000020613e2e8c0 ConcurrentGCThread "G1 Service" [stack: 0x000000990ac00000,0x000000990ad00000] [id=10452]

Threads with active compile tasks:

VM state: at safepoint (normal execution)

VM Mutex/Monitor currently owned by a thread:  ([mutex/lock_event])
[0x0000020613b79a50] Threads_lock - owner thread: 0x0000020620bb1d10
[0x0000020613d63100] Heap_lock - owner thread: 0x00000206257c3910

Heap address: 0x00000000c0000000, size: 1024 MB, Compressed Oops mode: 32-bit

CDS archive(s) not mapped
Compressed class space mapped at: 0x0000000100000000-0x0000000140000000, reserved size: 1073741824
Narrow klass base: 0x0000000000000000, Narrow klass shift: 3, Narrow klass range: 0x140000000

GC Precious Log:
 CPUs: 8 total, 8 available
 Memory: 16270M
 Large Page Support: Disabled
 NUMA Support: Disabled
 Compressed Oops: Enabled (32-bit)
 Heap Region Size: 1M
 Heap Min Capacity: 8M
 Heap Initial Capacity: 256M
 Heap Max Capacity: 1G
 Pre-touch: Disabled
 Parallel Workers: 8
 Concurrent Workers: 2
 Concurrent Refinement Workers: 8
 Periodic GC: Disabled

Heap:
 garbage-first heap   total 263168K, used 92735K [0x00000000c0000000, 0x0000000100000000)
  region size 1024K, 1 young (1024K), 0 survivors (0K)
 Metaspace       used 71972K, committed 72512K, reserved 1114112K
  class space    used 9902K, committed 10112K, reserved 1048576K

Heap Regions: E=young(eden), S=young(survivor), O=old, HS=humongous(starts), HC=humongous(continues), CS=collection set, F=free, OA=open archive, CA=closed archive, TAMS=top-at-mark-start (previous, next)
|   0|0x00000000c0000000, 0x00000000c00fff78, 0x00000000c0100000| 99%| O|  |TAMS 0x00000000c00fff78, 0x00000000c0000000| Untracked 
|   1|0x00000000c0100000, 0x00000000c0200000, 0x00000000c0200000|100%| O|  |TAMS 0x00000000c0200000, 0x00000000c0100000| Untracked 
|   2|0x00000000c0200000, 0x00000000c02ffff8, 0x00000000c0300000| 99%| O|  |TAMS 0x00000000c02ffff8, 0x00000000c0200000| Untracked 
|   3|0x00000000c0300000, 0x00000000c0400000, 0x00000000c0400000|100%| O|  |TAMS 0x00000000c0400000, 0x00000000c0300000| Untracked 
|   4|0x00000000c0400000, 0x00000000c04fffa8, 0x00000000c0500000| 99%| O|  |TAMS 0x00000000c04fffa8, 0x00000000c0400000| Untracked 
|   5|0x00000000c0500000, 0x00000000c05ffff8, 0x00000000c0600000| 99%| O|  |TAMS 0x00000000c05ffff8, 0x00000000c0500000| Untracked 
|   6|0x00000000c0600000, 0x00000000c0700000, 0x00000000c0700000|100%| O|  |TAMS 0x00000000c0700000, 0x00000000c0600000| Untracked 
|   7|0x00000000c0700000, 0x00000000c07fffa8, 0x00000000c0800000| 99%| O|  |TAMS 0x00000000c07fffa8, 0x00000000c0700000| Untracked 
|   8|0x00000000c0800000, 0x00000000c08fffc0, 0x00000000c0900000| 99%| O|  |TAMS 0x00000000c08fffc0, 0x00000000c0800000| Untracked 
|   9|0x00000000c0900000, 0x00000000c09ffff0, 0x00000000c0a00000| 99%| O|  |TAMS 0x00000000c09ffff0, 0x00000000c0900000| Untracked 
|  10|0x00000000c0a00000, 0x00000000c0affff8, 0x00000000c0b00000| 99%| O|  |TAMS 0x00000000c0affff8, 0x00000000c0a00000| Untracked 
|  11|0x00000000c0b00000, 0x00000000c0bfffe0, 0x00000000c0c00000| 99%| O|  |TAMS 0x00000000c0bfffe0, 0x00000000c0b00000| Untracked 
|  12|0x00000000c0c00000, 0x00000000c0cfffa8, 0x00000000c0d00000| 99%| O|  |TAMS 0x00000000c0cfffa8, 0x00000000c0c00000| Untracked 
|  13|0x00000000c0d00000, 0x00000000c0dfffe8, 0x00000000c0e00000| 99%| O|  |TAMS 0x00000000c0dfffe8, 0x00000000c0d00000| Untracked 
|  14|0x00000000c0e00000, 0x00000000c0effff8, 0x00000000c0f00000| 99%| O|  |TAMS 0x00000000c0effff8, 0x00000000c0e00000| Untracked 
|  15|0x00000000c0f00000, 0x00000000c1000000, 0x00000000c1000000|100%| O|  |TAMS 0x00000000c1000000, 0x00000000c0f00000| Untracked 
|  16|0x00000000c1000000, 0x00000000c1100000, 0x00000000c1100000|100%| O|  |TAMS 0x00000000c1100000, 0x00000000c1000000| Untracked 
|  17|0x00000000c1100000, 0x00000000c1200000, 0x00000000c1200000|100%| O|  |TAMS 0x00000000c1200000, 0x00000000c1100000| Untracked 
|  18|0x00000000c1200000, 0x00000000c12ffff8, 0x00000000c1300000| 99%| O|  |TAMS 0x00000000c12ffff8, 0x00000000c1200000| Untracked 
|  19|0x00000000c1300000, 0x00000000c13fffe0, 0x00000000c1400000| 99%| O|  |TAMS 0x00000000c13fffe0, 0x00000000c1300000| Untracked 
|  20|0x00000000c1400000, 0x00000000c14ffff0, 0x00000000c1500000| 99%| O|  |TAMS 0x00000000c14ffff0, 0x00000000c1400000| Untracked 
|  21|0x00000000c1500000, 0x00000000c15ffff8, 0x00000000c1600000| 99%| O|  |TAMS 0x00000000c15ffff8, 0x00000000c1500000| Untracked 
|  22|0x00000000c1600000, 0x00000000c16fff60, 0x00000000c1700000| 99%| O|  |TAMS 0x00000000c16fff60, 0x00000000c1600000| Untracked 
|  23|0x00000000c1700000, 0x00000000c17fffa0, 0x00000000c1800000| 99%| O|  |TAMS 0x00000000c17fffa0, 0x00000000c1700000| Untracked 
|  24|0x00000000c1800000, 0x00000000c1900000, 0x00000000c1900000|100%| O|  |TAMS 0x00000000c1900000, 0x00000000c1800000| Untracked 
|  25|0x00000000c1900000, 0x00000000c19ffff0, 0x00000000c1a00000| 99%| O|  |TAMS 0x00000000c19ffff0, 0x00000000c1900000| Untracked 
|  26|0x00000000c1a00000, 0x00000000c1afffd0, 0x00000000c1b00000| 99%| O|  |TAMS 0x00000000c1afffd0, 0x00000000c1a00000| Untracked 
|  27|0x00000000c1b00000, 0x00000000c1bfffc8, 0x00000000c1c00000| 99%| O|  |TAMS 0x00000000c1bfffc8, 0x00000000c1b00000| Untracked 
|  28|0x00000000c1c00000, 0x00000000c1cfffb8, 0x00000000c1d00000| 99%| O|  |TAMS 0x00000000c1cfffb8, 0x00000000c1c00000| Untracked 
|  29|0x00000000c1d00000, 0x00000000c1dfffd0, 0x00000000c1e00000| 99%| O|  |TAMS 0x00000000c1dfffd0, 0x00000000c1d00000| Untracked 
|  30|0x00000000c1e00000, 0x00000000c1effff0, 0x00000000c1f00000| 99%| O|  |TAMS 0x00000000c1effff0, 0x00000000c1e00000| Untracked 
|  31|0x00000000c1f00000, 0x00000000c1fffff8, 0x00000000c2000000| 99%| O|  |TAMS 0x00000000c1fffff8, 0x00000000c1f00000| Untracked 
|  32|0x00000000c2000000, 0x00000000c20ffa38, 0x00000000c2100000| 99%| O|  |TAMS 0x00000000c20ffa38, 0x00000000c2000000| Untracked 
|  33|0x00000000c2100000, 0x00000000c2200000, 0x00000000c2200000|100%| O|  |TAMS 0x00000000c2200000, 0x00000000c2100000| Untracked 
|  34|0x00000000c2200000, 0x00000000c2300000, 0x00000000c2300000|100%| O|  |TAMS 0x00000000c2300000, 0x00000000c2200000| Untracked 
|  35|0x00000000c2300000, 0x00000000c23ffff0, 0x00000000c2400000| 99%| O|  |TAMS 0x00000000c23ffff0, 0x00000000c2300000| Untracked 
|  36|0x00000000c2400000, 0x00000000c24ffff8, 0x00000000c2500000| 99%| O|  |TAMS 0x00000000c24ffff8, 0x00000000c2400000| Untracked 
|  37|0x00000000c2500000, 0x00000000c2600000, 0x00000000c2600000|100%| O|  |TAMS 0x00000000c2600000, 0x00000000c2500000| Untracked 
|  38|0x00000000c2600000, 0x00000000c26fffd8, 0x00000000c2700000| 99%| O|  |TAMS 0x00000000c26fffd8, 0x00000000c2600000| Untracked 
|  39|0x00000000c2700000, 0x00000000c27ffff8, 0x00000000c2800000| 99%| O|  |TAMS 0x00000000c27ffff8, 0x00000000c2700000| Untracked 
|  40|0x00000000c2800000, 0x00000000c28fa410, 0x00000000c2900000| 97%| O|  |TAMS 0x00000000c28fa410, 0x00000000c2800000| Untracked 
|  41|0x00000000c2900000, 0x00000000c29ffff0, 0x00000000c2a00000| 99%| O|  |TAMS 0x00000000c29ffff0, 0x00000000c2900000| Untracked 
|  42|0x00000000c2a00000, 0x00000000c2affff0, 0x00000000c2b00000| 99%| O|  |TAMS 0x00000000c2affff0, 0x00000000c2a00000| Untracked 
|  43|0x00000000c2b00000, 0x00000000c2c00000, 0x00000000c2c00000|100%|HS|  |TAMS 0x00000000c2c00000, 0x00000000c2b00000| Untracked 
|  44|0x00000000c2c00000, 0x00000000c2cfffe8, 0x00000000c2d00000| 99%| O|  |TAMS 0x00000000c2cfffe8, 0x00000000c2c00000| Untracked 
|  45|0x00000000c2d00000, 0x00000000c2dfffd8, 0x00000000c2e00000| 99%| O|  |TAMS 0x00000000c2dfffd8, 0x00000000c2d00000| Untracked 
|  46|0x00000000c2e00000, 0x00000000c2efffb0, 0x00000000c2f00000| 99%| O|  |TAMS 0x00000000c2efffb0, 0x00000000c2e00000| Untracked 
|  47|0x00000000c2f00000, 0x00000000c2fffff8, 0x00000000c3000000| 99%| O|  |TAMS 0x00000000c2fffff8, 0x00000000c2f00000| Untracked 
|  48|0x00000000c3000000, 0x00000000c3100000, 0x00000000c3100000|100%| O|  |TAMS 0x00000000c3100000, 0x00000000c3000000| Untracked 
|  49|0x00000000c3100000, 0x00000000c31fffe0, 0x00000000c3200000| 99%| O|  |TAMS 0x00000000c31fffe0, 0x00000000c3100000| Untracked 
|  50|0x00000000c3200000, 0x00000000c32ffff0, 0x00000000c3300000| 99%| O|  |TAMS 0x00000000c32ffff0, 0x00000000c3200000| Untracked 
|  51|0x00000000c3300000, 0x00000000c33ffff0, 0x00000000c3400000| 99%| O|  |TAMS 0x00000000c33ffff0, 0x00000000c3300000| Untracked 
|  52|0x00000000c3400000, 0x00000000c34fffc0, 0x00000000c3500000| 99%| O|  |TAMS 0x00000000c34fffc0, 0x00000000c3400000| Untracked 
|  53|0x00000000c3500000, 0x00000000c35fffb0, 0x00000000c3600000| 99%| O|  |TAMS 0x00000000c35fffb0, 0x00000000c3500000| Untracked 
|  54|0x00000000c3600000, 0x00000000c36ffff8, 0x00000000c3700000| 99%| O|  |TAMS 0x00000000c36ffff8, 0x00000000c3600000| Untracked 
|  55|0x00000000c3700000, 0x00000000c37fdcc0, 0x00000000c3800000| 99%| O|  |TAMS 0x00000000c37fdcc0, 0x00000000c3700000| Untracked 
|  56|0x00000000c3800000, 0x00000000c38fffe8, 0x00000000c3900000| 99%| O|  |TAMS 0x00000000c38fffe8, 0x00000000c3800000| Untracked 
|  57|0x00000000c3900000, 0x00000000c3a00000, 0x00000000c3a00000|100%| O|  |TAMS 0x00000000c3a00000, 0x00000000c3900000| Untracked 
|  58|0x00000000c3a00000, 0x00000000c3afffe0, 0x00000000c3b00000| 99%| O|  |TAMS 0x00000000c3afffe0, 0x00000000c3a00000| Untracked 
|  59|0x00000000c3b00000, 0x00000000c3bfffe8, 0x00000000c3c00000| 99%| O|  |TAMS 0x00000000c3bfffe8, 0x00000000c3b00000| Untracked 
|  60|0x00000000c3c00000, 0x00000000c3cffff0, 0x00000000c3d00000| 99%| O|  |TAMS 0x00000000c3cffff0, 0x00000000c3c00000| Untracked 
|  61|0x00000000c3d00000, 0x00000000c3dff9d8, 0x00000000c3e00000| 99%| O|  |TAMS 0x00000000c3dff9d8, 0x00000000c3d00000| Untracked 
|  62|0x00000000c3e00000, 0x00000000c3f00000, 0x00000000c3f00000|100%|HS|  |TAMS 0x00000000c3f00000, 0x00000000c3e00000| Untracked 
|  63|0x00000000c3f00000, 0x00000000c4000000, 0x00000000c4000000|100%|HC|  |TAMS 0x00000000c4000000, 0x00000000c3f00000| Untracked 
|  64|0x00000000c4000000, 0x00000000c4100000, 0x00000000c4100000|100%|HC|  |TAMS 0x00000000c4100000, 0x00000000c4000000| Untracked 
|  65|0x00000000c4100000, 0x00000000c4200000, 0x00000000c4200000|100%| O|  |TAMS 0x00000000c4200000, 0x00000000c4100000| Untracked 
|  66|0x00000000c4200000, 0x00000000c4300000, 0x00000000c4300000|100%| O|  |TAMS 0x00000000c4300000, 0x00000000c4200000| Untracked 
|  67|0x00000000c4300000, 0x00000000c43fffc8, 0x00000000c4400000| 99%| O|  |TAMS 0x00000000c43fffc8, 0x00000000c4300000| Untracked 
|  68|0x00000000c4400000, 0x00000000c44fffe0, 0x00000000c4500000| 99%| O|  |TAMS 0x00000000c44fffe0, 0x00000000c4400000| Untracked 
|  69|0x00000000c4500000, 0x00000000c45ffff0, 0x00000000c4600000| 99%| O|  |TAMS 0x00000000c45ffff0, 0x00000000c4500000| Untracked 
|  70|0x00000000c4600000, 0x00000000c46ffff0, 0x00000000c4700000| 99%| O|  |TAMS 0x00000000c46ffff0, 0x00000000c4600000| Untracked 
|  71|0x00000000c4700000, 0x00000000c47ffff8, 0x00000000c4800000| 99%| O|  |TAMS 0x00000000c47ffff8, 0x00000000c4700000| Untracked 
|  72|0x00000000c4800000, 0x00000000c48fffe8, 0x00000000c4900000| 99%| O|  |TAMS 0x00000000c48fffe8, 0x00000000c4800000| Untracked 
|  73|0x00000000c4900000, 0x00000000c49d4778, 0x00000000c4a00000| 82%| O|  |TAMS 0x00000000c4900000, 0x00000000c4900000| Untracked 
|  74|0x00000000c4a00000, 0x00000000c4affff8, 0x00000000c4b00000| 99%| O|  |TAMS 0x00000000c4affff8, 0x00000000c4a00000| Untracked 
|  75|0x00000000c4b00000, 0x00000000c4bdca28, 0x00000000c4c00000| 86%| O|  |TAMS 0x00000000c4b00000, 0x00000000c4b00000| Untracked 
|  76|0x00000000c4c00000, 0x00000000c4d00000, 0x00000000c4d00000|100%| O|  |TAMS 0x00000000c4d00000, 0x00000000c4c00000| Untracked 
|  77|0x00000000c4d00000, 0x00000000c4d95c08, 0x00000000c4e00000| 58%| O|  |TAMS 0x00000000c4d00000, 0x00000000c4d00000| Untracked 
|  78|0x00000000c4e00000, 0x00000000c4e52330, 0x00000000c4f00000| 32%| O|  |TAMS 0x00000000c4e00000, 0x00000000c4e00000| Untracked 
|  79|0x00000000c4f00000, 0x00000000c4f00088, 0x00000000c5000000|  0%| O|  |TAMS 0x00000000c4f00000, 0x00000000c4f00000| Untracked 
|  80|0x00000000c5000000, 0x00000000c5000000, 0x00000000c5100000|  0%| F|  |TAMS 0x00000000c5000000, 0x00000000c5000000| Untracked 
|  81|0x00000000c5100000, 0x00000000c5100000, 0x00000000c5200000|  0%| F|  |TAMS 0x00000000c5100000, 0x00000000c5100000| Untracked 
|  82|0x00000000c5200000, 0x00000000c5200000, 0x00000000c5300000|  0%| F|  |TAMS 0x00000000c5200000, 0x00000000c5200000| Untracked 
|  83|0x00000000c5300000, 0x00000000c5400000, 0x00000000c5400000|100%| O|  |TAMS 0x00000000c5400000, 0x00000000c5300000| Untracked 
|  84|0x00000000c5400000, 0x00000000c5400000, 0x00000000c5500000|  0%| F|  |TAMS 0x00000000c5400000, 0x00000000c5400000| Untracked 
|  85|0x00000000c5500000, 0x00000000c5500000, 0x00000000c5600000|  0%| F|  |TAMS 0x00000000c5500000, 0x00000000c5500000| Untracked 
|  86|0x00000000c5600000, 0x00000000c56ffff0, 0x00000000c5700000| 99%| O|  |TAMS 0x00000000c56ffff0, 0x00000000c5600000| Untracked 
|  87|0x00000000c5700000, 0x00000000c57fffe0, 0x00000000c5800000| 99%| O|  |TAMS 0x00000000c57fffe0, 0x00000000c5700000| Untracked 
|  88|0x00000000c5800000, 0x00000000c5800000, 0x00000000c5900000|  0%| F|  |TAMS 0x00000000c5800000, 0x00000000c5800000| Untracked 
|  89|0x00000000c5900000, 0x00000000c5900000, 0x00000000c5a00000|  0%| F|  |TAMS 0x00000000c5900000, 0x00000000c5900000| Untracked 
|  90|0x00000000c5a00000, 0x00000000c5a00000, 0x00000000c5b00000|  0%| F|  |TAMS 0x00000000c5a00000, 0x00000000c5a00000| Untracked 
|  91|0x00000000c5b00000, 0x00000000c5b00000, 0x00000000c5c00000|  0%| F|  |TAMS 0x00000000c5b00000, 0x00000000c5b00000| Untracked 
|  92|0x00000000c5c00000, 0x00000000c5c00000, 0x00000000c5d00000|  0%| F|  |TAMS 0x00000000c5c00000, 0x00000000c5c00000| Untracked 
|  93|0x00000000c5d00000, 0x00000000c5d00000, 0x00000000c5e00000|  0%| F|  |TAMS 0x00000000c5d00000, 0x00000000c5d00000| Untracked 
|  94|0x00000000c5e00000, 0x00000000c5e00000, 0x00000000c5f00000|  0%| F|  |TAMS 0x00000000c5e00000, 0x00000000c5e00000| Untracked 
|  95|0x00000000c5f00000, 0x00000000c5f00000, 0x00000000c6000000|  0%| F|  |TAMS 0x00000000c5f00000, 0x00000000c5f00000| Untracked 
|  96|0x00000000c6000000, 0x00000000c6000000, 0x00000000c6100000|  0%| F|  |TAMS 0x00000000c6000000, 0x00000000c6000000| Untracked 
|  97|0x00000000c6100000, 0x00000000c6100000, 0x00000000c6200000|  0%| F|  |TAMS 0x00000000c6100000, 0x00000000c6100000| Untracked 
|  98|0x00000000c6200000, 0x00000000c6200000, 0x00000000c6300000|  0%| F|  |TAMS 0x00000000c6200000, 0x00000000c6200000| Untracked 
|  99|0x00000000c6300000, 0x00000000c6300000, 0x00000000c6400000|  0%| F|  |TAMS 0x00000000c6300000, 0x00000000c6300000| Untracked 
| 100|0x00000000c6400000, 0x00000000c6400000, 0x00000000c6500000|  0%| F|  |TAMS 0x00000000c6400000, 0x00000000c6400000| Untracked 
| 101|0x00000000c6500000, 0x00000000c6500000, 0x00000000c6600000|  0%| F|  |TAMS 0x00000000c6500000, 0x00000000c6500000| Untracked 
| 102|0x00000000c6600000, 0x00000000c6600000, 0x00000000c6700000|  0%| F|  |TAMS 0x00000000c6600000, 0x00000000c6600000| Untracked 
| 103|0x00000000c6700000, 0x00000000c6700000, 0x00000000c6800000|  0%| F|  |TAMS 0x00000000c6700000, 0x00000000c6700000| Untracked 
| 104|0x00000000c6800000, 0x00000000c6800000, 0x00000000c6900000|  0%| F|  |TAMS 0x00000000c6800000, 0x00000000c6800000| Untracked 
| 105|0x00000000c6900000, 0x00000000c6900000, 0x00000000c6a00000|  0%| F|  |TAMS 0x00000000c6900000, 0x00000000c6900000| Untracked 
| 106|0x00000000c6a00000, 0x00000000c6b00000, 0x00000000c6b00000|100%| O|  |TAMS 0x00000000c6b00000, 0x00000000c6a00000| Untracked 
| 107|0x00000000c6b00000, 0x00000000c6c00000, 0x00000000c6c00000|100%| O|  |TAMS 0x00000000c6c00000, 0x00000000c6b00000| Untracked 
| 108|0x00000000c6c00000, 0x00000000c6c00000, 0x00000000c6d00000|  0%| F|  |TAMS 0x00000000c6c00000, 0x00000000c6c00000| Untracked 
| 109|0x00000000c6d00000, 0x00000000c6d00000, 0x00000000c6e00000|  0%| F|  |TAMS 0x00000000c6d00000, 0x00000000c6d00000| Untracked 
| 110|0x00000000c6e00000, 0x00000000c6e00000, 0x00000000c6f00000|  0%| F|  |TAMS 0x00000000c6e00000, 0x00000000c6e00000| Untracked 
| 111|0x00000000c6f00000, 0x00000000c7000000, 0x00000000c7000000|100%| O|  |TAMS 0x00000000c7000000, 0x00000000c6f00000| Untracked 
| 112|0x00000000c7000000, 0x00000000c7100000, 0x00000000c7100000|100%| O|  |TAMS 0x00000000c7100000, 0x00000000c7000000| Untracked 
| 113|0x00000000c7100000, 0x00000000c7200000, 0x00000000c7200000|100%| O|  |TAMS 0x00000000c7200000, 0x00000000c7100000| Untracked 
| 114|0x00000000c7200000, 0x00000000c7300000, 0x00000000c7300000|100%| O|  |TAMS 0x00000000c7300000, 0x00000000c7200000| Untracked 
| 115|0x00000000c7300000, 0x00000000c7300000, 0x00000000c7400000|  0%| F|  |TAMS 0x00000000c7300000, 0x00000000c7300000| Untracked 
| 116|0x00000000c7400000, 0x00000000c7400000, 0x00000000c7500000|  0%| F|  |TAMS 0x00000000c7400000, 0x00000000c7400000| Untracked 
| 117|0x00000000c7500000, 0x00000000c7500000, 0x00000000c7600000|  0%| F|  |TAMS 0x00000000c7500000, 0x00000000c7500000| Untracked 
| 118|0x00000000c7600000, 0x00000000c7700000, 0x00000000c7700000|100%| O|  |TAMS 0x00000000c7700000, 0x00000000c7600000| Untracked 
| 119|0x00000000c7700000, 0x00000000c7700000, 0x00000000c7800000|  0%| F|  |TAMS 0x00000000c7700000, 0x00000000c7700000| Untracked 
| 120|0x00000000c7800000, 0x00000000c7800000, 0x00000000c7900000|  0%| F|  |TAMS 0x00000000c7800000, 0x00000000c7800000| Untracked 
| 121|0x00000000c7900000, 0x00000000c7a00000, 0x00000000c7a00000|100%| O|  |TAMS 0x00000000c7a00000, 0x00000000c7900000| Untracked 
| 122|0x00000000c7a00000, 0x00000000c7a00000, 0x00000000c7b00000|  0%| F|  |TAMS 0x00000000c7a00000, 0x00000000c7a00000| Untracked 
| 123|0x00000000c7b00000, 0x00000000c7b00000, 0x00000000c7c00000|  0%| F|  |TAMS 0x00000000c7b00000, 0x00000000c7b00000| Untracked 
| 124|0x00000000c7c00000, 0x00000000c7c00000, 0x00000000c7d00000|  0%| F|  |TAMS 0x00000000c7c00000, 0x00000000c7c00000| Untracked 
| 125|0x00000000c7d00000, 0x00000000c7d00000, 0x00000000c7e00000|  0%| F|  |TAMS 0x00000000c7d00000, 0x00000000c7d00000| Untracked 
| 126|0x00000000c7e00000, 0x00000000c7e00000, 0x00000000c7f00000|  0%| F|  |TAMS 0x00000000c7e00000, 0x00000000c7e00000| Untracked 
| 127|0x00000000c7f00000, 0x00000000c7f00000, 0x00000000c8000000|  0%| F|  |TAMS 0x00000000c7f00000, 0x00000000c7f00000| Untracked 
| 128|0x00000000c8000000, 0x00000000c8000000, 0x00000000c8100000|  0%| F|  |TAMS 0x00000000c8000000, 0x00000000c8000000| Untracked 
| 129|0x00000000c8100000, 0x00000000c8100000, 0x00000000c8200000|  0%| F|  |TAMS 0x00000000c8100000, 0x00000000c8100000| Untracked 
| 130|0x00000000c8200000, 0x00000000c8200000, 0x00000000c8300000|  0%| F|  |TAMS 0x00000000c8200000, 0x00000000c8200000| Untracked 
| 131|0x00000000c8300000, 0x00000000c8300000, 0x00000000c8400000|  0%| F|  |TAMS 0x00000000c8300000, 0x00000000c8300000| Untracked 
| 132|0x00000000c8400000, 0x00000000c8400000, 0x00000000c8500000|  0%| F|  |TAMS 0x00000000c8400000, 0x00000000c8400000| Untracked 
| 133|0x00000000c8500000, 0x00000000c8500000, 0x00000000c8600000|  0%| F|  |TAMS 0x00000000c8500000, 0x00000000c8500000| Untracked 
| 134|0x00000000c8600000, 0x00000000c8600000, 0x00000000c8700000|  0%| F|  |TAMS 0x00000000c8600000, 0x00000000c8600000| Untracked 
| 135|0x00000000c8700000, 0x00000000c8700000, 0x00000000c8800000|  0%| F|  |TAMS 0x00000000c8700000, 0x00000000c8700000| Untracked 
| 136|0x00000000c8800000, 0x00000000c8800000, 0x00000000c8900000|  0%| F|  |TAMS 0x00000000c8800000, 0x00000000c8800000| Untracked 
| 137|0x00000000c8900000, 0x00000000c8900000, 0x00000000c8a00000|  0%| F|  |TAMS 0x00000000c8900000, 0x00000000c8900000| Untracked 
| 138|0x00000000c8a00000, 0x00000000c8a00000, 0x00000000c8b00000|  0%| F|  |TAMS 0x00000000c8a00000, 0x00000000c8a00000| Untracked 
| 139|0x00000000c8b00000, 0x00000000c8b00000, 0x00000000c8c00000|  0%| F|  |TAMS 0x00000000c8b00000, 0x00000000c8b00000| Untracked 
| 140|0x00000000c8c00000, 0x00000000c8c00000, 0x00000000c8d00000|  0%| F|  |TAMS 0x00000000c8c00000, 0x00000000c8c00000| Untracked 
| 141|0x00000000c8d00000, 0x00000000c8d00000, 0x00000000c8e00000|  0%| F|  |TAMS 0x00000000c8d00000, 0x00000000c8d00000| Untracked 
| 142|0x00000000c8e00000, 0x00000000c8e00000, 0x00000000c8f00000|  0%| F|  |TAMS 0x00000000c8e00000, 0x00000000c8e00000| Untracked 
| 143|0x00000000c8f00000, 0x00000000c8f00000, 0x00000000c9000000|  0%| F|  |TAMS 0x00000000c8f00000, 0x00000000c8f00000| Untracked 
| 144|0x00000000c9000000, 0x00000000c9000000, 0x00000000c9100000|  0%| F|  |TAMS 0x00000000c9000000, 0x00000000c9000000| Untracked 
| 145|0x00000000c9100000, 0x00000000c9100000, 0x00000000c9200000|  0%| F|  |TAMS 0x00000000c9100000, 0x00000000c9100000| Untracked 
| 146|0x00000000c9200000, 0x00000000c9200000, 0x00000000c9300000|  0%| F|  |TAMS 0x00000000c9200000, 0x00000000c9200000| Untracked 
| 147|0x00000000c9300000, 0x00000000c9300000, 0x00000000c9400000|  0%| F|  |TAMS 0x00000000c9300000, 0x00000000c9300000| Untracked 
| 148|0x00000000c9400000, 0x00000000c9400000, 0x00000000c9500000|  0%| F|  |TAMS 0x00000000c9400000, 0x00000000c9400000| Untracked 
| 149|0x00000000c9500000, 0x00000000c9500000, 0x00000000c9600000|  0%| F|  |TAMS 0x00000000c9500000, 0x00000000c9500000| Untracked 
| 150|0x00000000c9600000, 0x00000000c9600000, 0x00000000c9700000|  0%| F|  |TAMS 0x00000000c9600000, 0x00000000c9600000| Untracked 
| 151|0x00000000c9700000, 0x00000000c9700000, 0x00000000c9800000|  0%| F|  |TAMS 0x00000000c9700000, 0x00000000c9700000| Untracked 
| 152|0x00000000c9800000, 0x00000000c9800000, 0x00000000c9900000|  0%| F|  |TAMS 0x00000000c9800000, 0x00000000c9800000| Untracked 
| 153|0x00000000c9900000, 0x00000000c9900000, 0x00000000c9a00000|  0%| F|  |TAMS 0x00000000c9900000, 0x00000000c9900000| Untracked 
| 154|0x00000000c9a00000, 0x00000000c9a00000, 0x00000000c9b00000|  0%| F|  |TAMS 0x00000000c9a00000, 0x00000000c9a00000| Untracked 
| 155|0x00000000c9b00000, 0x00000000c9b00000, 0x00000000c9c00000|  0%| F|  |TAMS 0x00000000c9b00000, 0x00000000c9b00000| Untracked 
| 156|0x00000000c9c00000, 0x00000000c9c00000, 0x00000000c9d00000|  0%| F|  |TAMS 0x00000000c9c00000, 0x00000000c9c00000| Untracked 
| 157|0x00000000c9d00000, 0x00000000c9d00000, 0x00000000c9e00000|  0%| F|  |TAMS 0x00000000c9d00000, 0x00000000c9d00000| Untracked 
| 158|0x00000000c9e00000, 0x00000000c9e00000, 0x00000000c9f00000|  0%| F|  |TAMS 0x00000000c9e00000, 0x00000000c9e00000| Untracked 
| 159|0x00000000c9f00000, 0x00000000c9f00000, 0x00000000ca000000|  0%| F|  |TAMS 0x00000000c9f00000, 0x00000000c9f00000| Untracked 
| 160|0x00000000ca000000, 0x00000000ca000000, 0x00000000ca100000|  0%| F|  |TAMS 0x00000000ca000000, 0x00000000ca000000| Untracked 
| 161|0x00000000ca100000, 0x00000000ca100000, 0x00000000ca200000|  0%| F|  |TAMS 0x00000000ca100000, 0x00000000ca100000| Untracked 
| 162|0x00000000ca200000, 0x00000000ca200000, 0x00000000ca300000|  0%| F|  |TAMS 0x00000000ca200000, 0x00000000ca200000| Untracked 
| 163|0x00000000ca300000, 0x00000000ca300000, 0x00000000ca400000|  0%| F|  |TAMS 0x00000000ca300000, 0x00000000ca300000| Untracked 
| 164|0x00000000ca400000, 0x00000000ca400000, 0x00000000ca500000|  0%| F|  |TAMS 0x00000000ca400000, 0x00000000ca400000| Untracked 
| 165|0x00000000ca500000, 0x00000000ca500000, 0x00000000ca600000|  0%| F|  |TAMS 0x00000000ca500000, 0x00000000ca500000| Untracked 
| 166|0x00000000ca600000, 0x00000000ca600000, 0x00000000ca700000|  0%| F|  |TAMS 0x00000000ca600000, 0x00000000ca600000| Untracked 
| 167|0x00000000ca700000, 0x00000000ca700000, 0x00000000ca800000|  0%| F|  |TAMS 0x00000000ca700000, 0x00000000ca700000| Untracked 
| 168|0x00000000ca800000, 0x00000000ca800000, 0x00000000ca900000|  0%| F|  |TAMS 0x00000000ca800000, 0x00000000ca800000| Untracked 
| 169|0x00000000ca900000, 0x00000000ca900000, 0x00000000caa00000|  0%| F|  |TAMS 0x00000000ca900000, 0x00000000ca900000| Untracked 
| 170|0x00000000caa00000, 0x00000000caa00000, 0x00000000cab00000|  0%| F|  |TAMS 0x00000000caa00000, 0x00000000caa00000| Untracked 
| 171|0x00000000cab00000, 0x00000000cab00000, 0x00000000cac00000|  0%| F|  |TAMS 0x00000000cab00000, 0x00000000cab00000| Untracked 
| 172|0x00000000cac00000, 0x00000000cac00000, 0x00000000cad00000|  0%| F|  |TAMS 0x00000000cac00000, 0x00000000cac00000| Untracked 
| 173|0x00000000cad00000, 0x00000000cad00000, 0x00000000cae00000|  0%| F|  |TAMS 0x00000000cad00000, 0x00000000cad00000| Untracked 
| 174|0x00000000cae00000, 0x00000000cae00000, 0x00000000caf00000|  0%| F|  |TAMS 0x00000000cae00000, 0x00000000cae00000| Untracked 
| 175|0x00000000caf00000, 0x00000000cb000000, 0x00000000cb000000|100%| O|  |TAMS 0x00000000cb000000, 0x00000000caf00000| Untracked 
| 176|0x00000000cb000000, 0x00000000cb000000, 0x00000000cb100000|  0%| F|  |TAMS 0x00000000cb000000, 0x00000000cb000000| Untracked 
| 177|0x00000000cb100000, 0x00000000cb100000, 0x00000000cb200000|  0%| F|  |TAMS 0x00000000cb100000, 0x00000000cb100000| Untracked 
| 178|0x00000000cb200000, 0x00000000cb200000, 0x00000000cb300000|  0%| F|  |TAMS 0x00000000cb200000, 0x00000000cb200000| Untracked 
| 179|0x00000000cb300000, 0x00000000cb300000, 0x00000000cb400000|  0%| F|  |TAMS 0x00000000cb300000, 0x00000000cb300000| Untracked 
| 180|0x00000000cb400000, 0x00000000cb400000, 0x00000000cb500000|  0%| F|  |TAMS 0x00000000cb400000, 0x00000000cb400000| Untracked 
| 181|0x00000000cb500000, 0x00000000cb500000, 0x00000000cb600000|  0%| F|  |TAMS 0x00000000cb500000, 0x00000000cb500000| Untracked 
| 182|0x00000000cb600000, 0x00000000cb600000, 0x00000000cb700000|  0%| F|  |TAMS 0x00000000cb600000, 0x00000000cb600000| Untracked 
| 183|0x00000000cb700000, 0x00000000cb700000, 0x00000000cb800000|  0%| F|  |TAMS 0x00000000cb700000, 0x00000000cb700000| Untracked 
| 184|0x00000000cb800000, 0x00000000cb800000, 0x00000000cb900000|  0%| F|  |TAMS 0x00000000cb800000, 0x00000000cb800000| Untracked 
| 185|0x00000000cb900000, 0x00000000cb900000, 0x00000000cba00000|  0%| F|  |TAMS 0x00000000cb900000, 0x00000000cb900000| Untracked 
| 186|0x00000000cba00000, 0x00000000cba00000, 0x00000000cbb00000|  0%| F|  |TAMS 0x00000000cba00000, 0x00000000cba00000| Untracked 
| 187|0x00000000cbb00000, 0x00000000cbb00000, 0x00000000cbc00000|  0%| F|  |TAMS 0x00000000cbb00000, 0x00000000cbb00000| Untracked 
| 188|0x00000000cbc00000, 0x00000000cbc00000, 0x00000000cbd00000|  0%| F|  |TAMS 0x00000000cbc00000, 0x00000000cbc00000| Untracked 
| 189|0x00000000cbd00000, 0x00000000cbd00000, 0x00000000cbe00000|  0%| F|  |TAMS 0x00000000cbd00000, 0x00000000cbd00000| Untracked 
| 190|0x00000000cbe00000, 0x00000000cbe00000, 0x00000000cbf00000|  0%| F|  |TAMS 0x00000000cbe00000, 0x00000000cbe00000| Untracked 
| 191|0x00000000cbf00000, 0x00000000cbf00000, 0x00000000cc000000|  0%| F|  |TAMS 0x00000000cbf00000, 0x00000000cbf00000| Untracked 
| 192|0x00000000cc000000, 0x00000000cc000000, 0x00000000cc100000|  0%| F|  |TAMS 0x00000000cc000000, 0x00000000cc000000| Untracked 
| 193|0x00000000cc100000, 0x00000000cc100000, 0x00000000cc200000|  0%| F|  |TAMS 0x00000000cc100000, 0x00000000cc100000| Untracked 
| 194|0x00000000cc200000, 0x00000000cc200000, 0x00000000cc300000|  0%| F|  |TAMS 0x00000000cc200000, 0x00000000cc200000| Untracked 
| 195|0x00000000cc300000, 0x00000000cc300000, 0x00000000cc400000|  0%| F|  |TAMS 0x00000000cc300000, 0x00000000cc300000| Untracked 
| 196|0x00000000cc400000, 0x00000000cc400000, 0x00000000cc500000|  0%| F|  |TAMS 0x00000000cc400000, 0x00000000cc400000| Untracked 
| 197|0x00000000cc500000, 0x00000000cc500000, 0x00000000cc600000|  0%| F|  |TAMS 0x00000000cc500000, 0x00000000cc500000| Untracked 
| 198|0x00000000cc600000, 0x00000000cc600000, 0x00000000cc700000|  0%| F|  |TAMS 0x00000000cc600000, 0x00000000cc600000| Untracked 
| 199|0x00000000cc700000, 0x00000000cc700000, 0x00000000cc800000|  0%| F|  |TAMS 0x00000000cc700000, 0x00000000cc700000| Untracked 
| 200|0x00000000cc800000, 0x00000000cc800000, 0x00000000cc900000|  0%| F|  |TAMS 0x00000000cc800000, 0x00000000cc800000| Untracked 
| 201|0x00000000cc900000, 0x00000000cc900000, 0x00000000cca00000|  0%| F|  |TAMS 0x00000000cc900000, 0x00000000cc900000| Untracked 
| 202|0x00000000cca00000, 0x00000000cca00000, 0x00000000ccb00000|  0%| F|  |TAMS 0x00000000cca00000, 0x00000000cca00000| Untracked 
| 203|0x00000000ccb00000, 0x00000000ccb00000, 0x00000000ccc00000|  0%| F|  |TAMS 0x00000000ccb00000, 0x00000000ccb00000| Untracked 
| 204|0x00000000ccc00000, 0x00000000ccc00000, 0x00000000ccd00000|  0%| F|  |TAMS 0x00000000ccc00000, 0x00000000ccc00000| Untracked 
| 205|0x00000000ccd00000, 0x00000000ccd00000, 0x00000000cce00000|  0%| F|  |TAMS 0x00000000ccd00000, 0x00000000ccd00000| Untracked 
| 206|0x00000000cce00000, 0x00000000cce00000, 0x00000000ccf00000|  0%| F|  |TAMS 0x00000000cce00000, 0x00000000cce00000| Untracked 
| 207|0x00000000ccf00000, 0x00000000ccf00000, 0x00000000cd000000|  0%| F|  |TAMS 0x00000000ccf00000, 0x00000000ccf00000| Untracked 
| 208|0x00000000cd000000, 0x00000000cd000000, 0x00000000cd100000|  0%| F|  |TAMS 0x00000000cd000000, 0x00000000cd000000| Untracked 
| 209|0x00000000cd100000, 0x00000000cd100000, 0x00000000cd200000|  0%| F|  |TAMS 0x00000000cd100000, 0x00000000cd100000| Untracked 
| 210|0x00000000cd200000, 0x00000000cd200000, 0x00000000cd300000|  0%| F|  |TAMS 0x00000000cd200000, 0x00000000cd200000| Untracked 
| 211|0x00000000cd300000, 0x00000000cd300000, 0x00000000cd400000|  0%| F|  |TAMS 0x00000000cd300000, 0x00000000cd300000| Untracked 
| 212|0x00000000cd400000, 0x00000000cd400000, 0x00000000cd500000|  0%| F|  |TAMS 0x00000000cd400000, 0x00000000cd400000| Untracked 
| 213|0x00000000cd500000, 0x00000000cd600000, 0x00000000cd600000|100%|HS|  |TAMS 0x00000000cd600000, 0x00000000cd500000| Untracked 
| 214|0x00000000cd600000, 0x00000000cd600000, 0x00000000cd700000|  0%| F|  |TAMS 0x00000000cd600000, 0x00000000cd600000| Untracked 
| 215|0x00000000cd700000, 0x00000000cd700000, 0x00000000cd800000|  0%| F|  |TAMS 0x00000000cd700000, 0x00000000cd700000| Untracked 
| 216|0x00000000cd800000, 0x00000000cd800000, 0x00000000cd900000|  0%| F|  |TAMS 0x00000000cd800000, 0x00000000cd800000| Untracked 
| 217|0x00000000cd900000, 0x00000000cd900000, 0x00000000cda00000|  0%| F|  |TAMS 0x00000000cd900000, 0x00000000cd900000| Untracked 
| 218|0x00000000cda00000, 0x00000000cda00000, 0x00000000cdb00000|  0%| F|  |TAMS 0x00000000cda00000, 0x00000000cda00000| Untracked 
| 219|0x00000000cdb00000, 0x00000000cdb00000, 0x00000000cdc00000|  0%| F|  |TAMS 0x00000000cdb00000, 0x00000000cdb00000| Untracked 
| 220|0x00000000cdc00000, 0x00000000cdc00000, 0x00000000cdd00000|  0%| F|  |TAMS 0x00000000cdc00000, 0x00000000cdc00000| Untracked 
| 221|0x00000000cdd00000, 0x00000000cdd00000, 0x00000000cde00000|  0%| F|  |TAMS 0x00000000cdd00000, 0x00000000cdd00000| Untracked 
| 222|0x00000000cde00000, 0x00000000cde00000, 0x00000000cdf00000|  0%| F|  |TAMS 0x00000000cde00000, 0x00000000cde00000| Untracked 
| 223|0x00000000cdf00000, 0x00000000cdf00000, 0x00000000ce000000|  0%| F|  |TAMS 0x00000000cdf00000, 0x00000000cdf00000| Untracked 
| 224|0x00000000ce000000, 0x00000000ce000000, 0x00000000ce100000|  0%| F|  |TAMS 0x00000000ce000000, 0x00000000ce000000| Untracked 
| 225|0x00000000ce100000, 0x00000000ce100000, 0x00000000ce200000|  0%| F|  |TAMS 0x00000000ce100000, 0x00000000ce100000| Untracked 
| 226|0x00000000ce200000, 0x00000000ce200000, 0x00000000ce300000|  0%| F|  |TAMS 0x00000000ce200000, 0x00000000ce200000| Untracked 
| 227|0x00000000ce300000, 0x00000000ce300000, 0x00000000ce400000|  0%| F|  |TAMS 0x00000000ce300000, 0x00000000ce300000| Untracked 
| 228|0x00000000ce400000, 0x00000000ce400000, 0x00000000ce500000|  0%| F|  |TAMS 0x00000000ce400000, 0x00000000ce400000| Untracked 
| 229|0x00000000ce500000, 0x00000000ce500000, 0x00000000ce600000|  0%| F|  |TAMS 0x00000000ce500000, 0x00000000ce500000| Untracked 
| 230|0x00000000ce600000, 0x00000000ce600000, 0x00000000ce700000|  0%| F|  |TAMS 0x00000000ce600000, 0x00000000ce600000| Untracked 
| 231|0x00000000ce700000, 0x00000000ce700000, 0x00000000ce800000|  0%| F|  |TAMS 0x00000000ce700000, 0x00000000ce700000| Untracked 
| 232|0x00000000ce800000, 0x00000000ce800000, 0x00000000ce900000|  0%| F|  |TAMS 0x00000000ce800000, 0x00000000ce800000| Untracked 
| 233|0x00000000ce900000, 0x00000000ce900000, 0x00000000cea00000|  0%| F|  |TAMS 0x00000000ce900000, 0x00000000ce900000| Untracked 
| 234|0x00000000cea00000, 0x00000000cea00000, 0x00000000ceb00000|  0%| F|  |TAMS 0x00000000cea00000, 0x00000000cea00000| Untracked 
| 235|0x00000000ceb00000, 0x00000000ceb00000, 0x00000000cec00000|  0%| F|  |TAMS 0x00000000ceb00000, 0x00000000ceb00000| Untracked 
| 236|0x00000000cec00000, 0x00000000cec00000, 0x00000000ced00000|  0%| F|  |TAMS 0x00000000cec00000, 0x00000000cec00000| Untracked 
| 237|0x00000000ced00000, 0x00000000ced00000, 0x00000000cee00000|  0%| F|  |TAMS 0x00000000ced00000, 0x00000000ced00000| Untracked 
| 238|0x00000000cee00000, 0x00000000cee00000, 0x00000000cef00000|  0%| F|  |TAMS 0x00000000cee00000, 0x00000000cee00000| Untracked 
| 239|0x00000000cef00000, 0x00000000cef00000, 0x00000000cf000000|  0%| F|  |TAMS 0x00000000cef00000, 0x00000000cef00000| Untracked 
| 240|0x00000000cf000000, 0x00000000cf000000, 0x00000000cf100000|  0%| F|  |TAMS 0x00000000cf000000, 0x00000000cf000000| Untracked 
| 241|0x00000000cf100000, 0x00000000cf100000, 0x00000000cf200000|  0%| F|  |TAMS 0x00000000cf100000, 0x00000000cf100000| Untracked 
| 242|0x00000000cf200000, 0x00000000cf200000, 0x00000000cf300000|  0%| F|  |TAMS 0x00000000cf200000, 0x00000000cf200000| Untracked 
| 243|0x00000000cf300000, 0x00000000cf300000, 0x00000000cf400000|  0%| F|  |TAMS 0x00000000cf300000, 0x00000000cf300000| Untracked 
| 244|0x00000000cf400000, 0x00000000cf400000, 0x00000000cf500000|  0%| F|  |TAMS 0x00000000cf400000, 0x00000000cf400000| Untracked 
| 245|0x00000000cf500000, 0x00000000cf500000, 0x00000000cf600000|  0%| F|  |TAMS 0x00000000cf500000, 0x00000000cf500000| Untracked 
| 246|0x00000000cf600000, 0x00000000cf600000, 0x00000000cf700000|  0%| F|  |TAMS 0x00000000cf600000, 0x00000000cf600000| Untracked 
| 247|0x00000000cf700000, 0x00000000cf700000, 0x00000000cf800000|  0%| F|  |TAMS 0x00000000cf700000, 0x00000000cf700000| Untracked 
| 248|0x00000000cf800000, 0x00000000cf800000, 0x00000000cf900000|  0%| F|  |TAMS 0x00000000cf800000, 0x00000000cf800000| Untracked 
| 249|0x00000000cf900000, 0x00000000cf900000, 0x00000000cfa00000|  0%| F|  |TAMS 0x00000000cf900000, 0x00000000cf900000| Untracked 
| 250|0x00000000cfa00000, 0x00000000cfa00000, 0x00000000cfb00000|  0%| F|  |TAMS 0x00000000cfa00000, 0x00000000cfa00000| Untracked 
| 251|0x00000000cfb00000, 0x00000000cfb00000, 0x00000000cfc00000|  0%| F|  |TAMS 0x00000000cfb00000, 0x00000000cfb00000| Untracked 
| 252|0x00000000cfc00000, 0x00000000cfc00000, 0x00000000cfd00000|  0%| F|  |TAMS 0x00000000cfc00000, 0x00000000cfc00000| Untracked 
| 253|0x00000000cfd00000, 0x00000000cfd00000, 0x00000000cfe00000|  0%| F|  |TAMS 0x00000000cfd00000, 0x00000000cfd00000| Untracked 
| 254|0x00000000cfe00000, 0x00000000cfe00000, 0x00000000cff00000|  0%| F|  |TAMS 0x00000000cfe00000, 0x00000000cfe00000| Untracked 
| 255|0x00000000cff00000, 0x00000000cff00000, 0x00000000d0000000|  0%| F|  |TAMS 0x00000000cff00000, 0x00000000cff00000| Untracked 
| 256|0x00000000d0000000, 0x00000000d00060d0, 0x00000000d0100000|  2%| E|  |TAMS 0x00000000d0000000, 0x00000000d0000000| Complete 

Card table byte_map: [0x000002061bcf0000,0x000002061bef0000] _byte_map_base: 0x000002061b6f0000

Marking Bits (Prev, Next): (CMBitMap*) 0x0000020613da5ab0, (CMBitMap*) 0x0000020613da5a70
 Prev Bits: [0x000002061d0f0000, 0x000002061e0f0000)
 Next Bits: [0x000002061c0f0000, 0x000002061d0f0000)

Polling page: 0x0000020613e30000

Metaspace:

Usage:
  Non-class:     60.62 MB used.
      Class:      9.67 MB used.
       Both:     70.29 MB used.

Virtual space:
  Non-class space:       64.00 MB reserved,      60.94 MB ( 95%) committed,  1 nodes.
      Class space:        1.00 GB reserved,       9.88 MB ( <1%) committed,  1 nodes.
             Both:        1.06 GB reserved,      70.81 MB (  7%) committed. 

Chunk freelists:
   Non-Class:  2.19 MB
       Class:  6.05 MB
        Both:  8.24 MB

MaxMetaspaceSize: unlimited
CompressedClassSpaceSize: 1.00 GB
Initial GC threshold: 21.00 MB
Current GC threshold: 117.81 MB
CDS: off
MetaspaceReclaimPolicy: balanced
 - commit_granule_bytes: 65536.
 - commit_granule_words: 8192.
 - virtual_space_node_default_size: 8388608.
 - enlarge_chunks_in_place: 1.
 - new_chunks_are_fully_committed: 0.
 - uncommit_free_chunks: 1.
 - use_allocation_guard: 0.
 - handle_deallocations: 1.


Internal statistics:

num_allocs_failed_limit: 6.
num_arena_births: 842.
num_arena_deaths: 288.
num_vsnodes_births: 2.
num_vsnodes_deaths: 0.
num_space_committed: 1133.
num_space_uncommitted: 0.
num_chunks_returned_to_freelist: 366.
num_chunks_taken_from_freelist: 3378.
num_chunk_merges: 102.
num_chunk_splits: 2220.
num_chunks_enlarged: 1635.
num_inconsistent_stats: 0.

CodeCache: size=49152Kb used=29095Kb max_used=30238Kb free=20056Kb
 bounds [0x0000020618200000, 0x000002061a070000, 0x000002061b200000]
 total_blobs=15887 nmethods=15193 adapters=618
 compilation: enabled
              stopped_count=0, restarted_count=0
 full_count=0

Compilation events (20 events):
Event: 5106.172 Thread 0x0000020620c04cf0 15365       1       java.lang.invoke.LambdaForm$DMH/0x00000001009ec800::newInvokeSpecial (23 bytes)
Event: 5106.172 Thread 0x0000020620c04cf0 nmethod 15365 0x0000020619e85a10 code [0x0000020619e85bc0, 0x0000020619e85d48]
Event: 5106.172 Thread 0x0000020620c04cf0 15366       1       java.lang.ProcessImpl$$Lambda$1360/0x00000001006dc4f0::<init> (10 bytes)
Event: 5106.173 Thread 0x0000020620c04cf0 nmethod 15366 0x0000020619e85710 code [0x0000020619e858a0, 0x0000020619e85978]
Event: 5106.173 Thread 0x0000020620c04cf0 15368       1       java.lang.ProcessHandleImpl::getInternal (13 bytes)
Event: 5106.173 Thread 0x0000020620c04cf0 nmethod 15368 0x0000020619e85390 code [0x0000020619e85520, 0x0000020619e85688]
Event: 5106.173 Thread 0x0000020620c04cf0 15369       1       java.lang.ProcessImpl$2::<init> (20 bytes)
Event: 5106.173 Thread 0x0000020620c04cf0 nmethod 15369 0x0000020619e85010 code [0x0000020619e851a0, 0x0000020619e85318]
Event: 5106.173 Thread 0x0000020620c04cf0 15370       1       java.lang.ProcessImpl$2::run (5 bytes)
Event: 5106.173 Thread 0x0000020620c04cf0 nmethod 15370 0x0000020619e84d10 code [0x0000020619e84ea0, 0x0000020619e84f88]
Event: 5106.173 Thread 0x0000020620c04cf0 15371       1       java.lang.ProcessImpl$2::run (242 bytes)
Event: 5106.174 Thread 0x0000020620c04cf0 nmethod 15371 0x0000020619e83690 code [0x0000020619e83940, 0x0000020619e846d8]
Event: 5106.174 Thread 0x0000020620c04cf0 15372       1       java.lang.ProcessImpl::waitFor (136 bytes)
Event: 5106.175 Thread 0x0000020620c04cf0 nmethod 15372 0x0000020619e82e10 code [0x0000020619e83020, 0x0000020619e83438]
Event: 5106.394 Thread 0x0000020620c04cf0 15373   !   1       java.io.FilterOutputStream::close (183 bytes)
Event: 5106.498 Thread 0x0000020620c04cf0 nmethod 15373 0x0000020619e81c90 code [0x0000020619e81ea0, 0x0000020619e82378]
Event: 5106.498 Thread 0x0000020620c04cf0 15375       1       java.lang.ProcessImpl$$Lambda$1360/0x00000001006dc4f0::run (8 bytes)
Event: 5106.498 Thread 0x0000020620c04cf0 nmethod 15375 0x0000020619e81990 code [0x0000020619e81b20, 0x0000020619e81c08]
Event: 5106.498 Thread 0x0000020620c04cf0 15376       1       java.lang.ProcessImpl::lambda$new$0 (6 bytes)
Event: 5106.498 Thread 0x0000020620c04cf0 nmethod 15376 0x0000020619e81690 code [0x0000020619e81820, 0x0000020619e818e8]

GC Heap History (20 events):
Event: 6848.109 GC heap before
{Heap before GC invocations=557 (full 423):
 garbage-first heap   total 263168K, used 92735K [0x00000000c0000000, 0x0000000100000000)
  region size 1024K, 1 young (1024K), 0 survivors (0K)
 Metaspace       used 71972K, committed 72512K, reserved 1114112K
  class space    used 9902K, committed 10112K, reserved 1048576K
}
Event: 6848.232 GC heap after
{Heap after GC invocations=558 (full 424):
 garbage-first heap   total 263168K, used 92735K [0x00000000c0000000, 0x0000000100000000)
  region size 1024K, 0 young (0K), 0 survivors (0K)
 Metaspace       used 71972K, committed 72512K, reserved 1114112K
  class space    used 9902K, committed 10112K, reserved 1048576K
}
Event: 6858.497 GC heap before
{Heap before GC invocations=558 (full 424):
 garbage-first heap   total 263168K, used 92735K [0x00000000c0000000, 0x0000000100000000)
  region size 1024K, 1 young (1024K), 0 survivors (0K)
 Metaspace       used 71972K, committed 72512K, reserved 1114112K
  class space    used 9902K, committed 10112K, reserved 1048576K
}
Event: 6858.603 GC heap after
{Heap after GC invocations=559 (full 425):
 garbage-first heap   total 263168K, used 92735K [0x00000000c0000000, 0x0000000100000000)
  region size 1024K, 0 young (0K), 0 survivors (0K)
 Metaspace       used 71972K, committed 72512K, reserved 1114112K
  class space    used 9902K, committed 10112K, reserved 1048576K
}
Event: 6868.862 GC heap before
{Heap before GC invocations=559 (full 425):
 garbage-first heap   total 263168K, used 92735K [0x00000000c0000000, 0x0000000100000000)
  region size 1024K, 1 young (1024K), 0 survivors (0K)
 Metaspace       used 71972K, committed 72512K, reserved 1114112K
  class space    used 9902K, committed 10112K, reserved 1048576K
}
Event: 6868.971 GC heap after
{Heap after GC invocations=560 (full 426):
 garbage-first heap   total 263168K, used 92735K [0x00000000c0000000, 0x0000000100000000)
  region size 1024K, 0 young (0K), 0 survivors (0K)
 Metaspace       used 71972K, committed 72512K, reserved 1114112K
  class space    used 9902K, committed 10112K, reserved 1048576K
}
Event: 6879.240 GC heap before
{Heap before GC invocations=560 (full 426):
 garbage-first heap   total 263168K, used 92735K [0x00000000c0000000, 0x0000000100000000)
  region size 1024K, 1 young (1024K), 0 survivors (0K)
 Metaspace       used 71972K, committed 72512K, reserved 1114112K
  class space    used 9902K, committed 10112K, reserved 1048576K
}
Event: 6879.349 GC heap after
{Heap after GC invocations=561 (full 427):
 garbage-first heap   total 263168K, used 92735K [0x00000000c0000000, 0x0000000100000000)
  region size 1024K, 0 young (0K), 0 survivors (0K)
 Metaspace       used 71972K, committed 72512K, reserved 1114112K
  class space    used 9902K, committed 10112K, reserved 1048576K
}
Event: 6889.598 GC heap before
{Heap before GC invocations=561 (full 427):
 garbage-first heap   total 263168K, used 92735K [0x00000000c0000000, 0x0000000100000000)
  region size 1024K, 1 young (1024K), 0 survivors (0K)
 Metaspace       used 71972K, committed 72512K, reserved 1114112K
  class space    used 9902K, committed 10112K, reserved 1048576K
}
Event: 6889.707 GC heap after
{Heap after GC invocations=562 (full 428):
 garbage-first heap   total 263168K, used 92735K [0x00000000c0000000, 0x0000000100000000)
  region size 1024K, 0 young (0K), 0 survivors (0K)
 Metaspace       used 71972K, committed 72512K, reserved 1114112K
  class space    used 9902K, committed 10112K, reserved 1048576K
}
Event: 6899.968 GC heap before
{Heap before GC invocations=562 (full 428):
 garbage-first heap   total 263168K, used 92735K [0x00000000c0000000, 0x0000000100000000)
  region size 1024K, 1 young (1024K), 0 survivors (0K)
 Metaspace       used 71972K, committed 72512K, reserved 1114112K
  class space    used 9902K, committed 10112K, reserved 1048576K
}
Event: 6900.077 GC heap after
{Heap after GC invocations=563 (full 429):
 garbage-first heap   total 263168K, used 92735K [0x00000000c0000000, 0x0000000100000000)
  region size 1024K, 0 young (0K), 0 survivors (0K)
 Metaspace       used 71972K, committed 72512K, reserved 1114112K
  class space    used 9902K, committed 10112K, reserved 1048576K
}
Event: 6910.356 GC heap before
{Heap before GC invocations=563 (full 429):
 garbage-first heap   total 263168K, used 92735K [0x00000000c0000000, 0x0000000100000000)
  region size 1024K, 1 young (1024K), 0 survivors (0K)
 Metaspace       used 71972K, committed 72512K, reserved 1114112K
  class space    used 9902K, committed 10112K, reserved 1048576K
}
Event: 6910.462 GC heap after
{Heap after GC invocations=564 (full 430):
 garbage-first heap   total 263168K, used 92735K [0x00000000c0000000, 0x0000000100000000)
  region size 1024K, 0 young (0K), 0 survivors (0K)
 Metaspace       used 71972K, committed 72512K, reserved 1114112K
  class space    used 9902K, committed 10112K, reserved 1048576K
}
Event: 6920.752 GC heap before
{Heap before GC invocations=564 (full 430):
 garbage-first heap   total 263168K, used 92735K [0x00000000c0000000, 0x0000000100000000)
  region size 1024K, 1 young (1024K), 0 survivors (0K)
 Metaspace       used 71972K, committed 72512K, reserved 1114112K
  class space    used 9902K, committed 10112K, reserved 1048576K
}
Event: 6920.861 GC heap after
{Heap after GC invocations=565 (full 431):
 garbage-first heap   total 263168K, used 92735K [0x00000000c0000000, 0x0000000100000000)
  region size 1024K, 0 young (0K), 0 survivors (0K)
 Metaspace       used 71972K, committed 72512K, reserved 1114112K
  class space    used 9902K, committed 10112K, reserved 1048576K
}
Event: 6931.114 GC heap before
{Heap before GC invocations=565 (full 431):
 garbage-first heap   total 263168K, used 92735K [0x00000000c0000000, 0x0000000100000000)
  region size 1024K, 1 young (1024K), 0 survivors (0K)
 Metaspace       used 71972K, committed 72512K, reserved 1114112K
  class space    used 9902K, committed 10112K, reserved 1048576K
}
Event: 6931.216 GC heap after
{Heap after GC invocations=566 (full 432):
 garbage-first heap   total 263168K, used 92735K [0x00000000c0000000, 0x0000000100000000)
  region size 1024K, 0 young (0K), 0 survivors (0K)
 Metaspace       used 71972K, committed 72512K, reserved 1114112K
  class space    used 9902K, committed 10112K, reserved 1048576K
}
Event: 6941.491 GC heap before
{Heap before GC invocations=566 (full 432):
 garbage-first heap   total 263168K, used 92735K [0x00000000c0000000, 0x0000000100000000)
  region size 1024K, 1 young (1024K), 0 survivors (0K)
 Metaspace       used 71972K, committed 72512K, reserved 1114112K
  class space    used 9902K, committed 10112K, reserved 1048576K
}
Event: 6941.600 GC heap after
{Heap after GC invocations=567 (full 433):
 garbage-first heap   total 263168K, used 92735K [0x00000000c0000000, 0x0000000100000000)
  region size 1024K, 0 young (0K), 0 survivors (0K)
 Metaspace       used 71972K, committed 72512K, reserved 1114112K
  class space    used 9902K, committed 10112K, reserved 1048576K
}

Dll operation events (10 events):
Event: 0.019 Loaded shared library c:\Users\nayem\.vscode\extensions\redhat.java-1.19.0-win32-x64\jre\17.0.7-win32-x86_64\bin\java.dll
Event: 0.629 Loaded shared library C:\Users\nayem\.vscode\extensions\redhat.java-1.19.0-win32-x64\jre\17.0.7-win32-x86_64\bin\net.dll
Event: 0.637 Loaded shared library C:\Users\nayem\.vscode\extensions\redhat.java-1.19.0-win32-x64\jre\17.0.7-win32-x86_64\bin\nio.dll
Event: 0.660 Loaded shared library C:\Users\nayem\.vscode\extensions\redhat.java-1.19.0-win32-x64\jre\17.0.7-win32-x86_64\bin\zip.dll
Event: 1.340 Loaded shared library C:\Users\nayem\.vscode\extensions\redhat.java-1.19.0-win32-x64\jre\17.0.7-win32-x86_64\bin\jimage.dll
Event: 6.407 Loaded shared library C:\Users\nayem\.vscode\extensions\redhat.java-1.19.0-win32-x64\jre\17.0.7-win32-x86_64\bin\management.dll
Event: 6.412 Loaded shared library C:\Users\nayem\.vscode\extensions\redhat.java-1.19.0-win32-x64\jre\17.0.7-win32-x86_64\bin\management_ext.dll
Event: 11.149 Loaded shared library C:\Users\nayem\.vscode\extensions\redhat.java-1.19.0-win32-x64\jre\17.0.7-win32-x86_64\bin\sunmscapi.dll
Event: 23.782 Loaded shared library C:\Users\nayem\AppData\Local\Temp\snappy-1.1.8-33a16086-9c7f-4cb9-a4a9-e21ae9c001d7-snappyjava.dll
Event: 31.429 Loaded shared library c:\Users\nayem\.vscode\extensions\redhat.java-1.19.0-win32-x64\jre\17.0.7-win32-x86_64\bin\verify.dll

Deoptimization events (20 events):
Event: 597.201 Thread 0x000002062663a710 DEOPT PACKING pc=0x00000206198e7066 sp=0x000000990e9fe930
Event: 597.201 Thread 0x000002062663a710 DEOPT UNPACKING pc=0x0000020618257143 sp=0x000000990e9fddf0 mode 3
Event: 1239.484 Thread 0x00000206266398a0 DEOPT PACKING pc=0x0000020619aa3e1d sp=0x000000990e2fe370
Event: 1239.484 Thread 0x00000206266398a0 DEOPT UNPACKING pc=0x0000020618257143 sp=0x000000990e2fd8a0 mode 3
Event: 1385.417 Thread 0x0000020627ac9550 DEOPT PACKING pc=0x0000020619a2c198 sp=0x000000990a4fe5f0
Event: 1385.417 Thread 0x0000020627ac9550 DEOPT UNPACKING pc=0x0000020618257143 sp=0x000000990a4fdae0 mode 3
Event: 1498.322 Thread 0x00000206263960b0 DEOPT PACKING pc=0x0000020619ba292f sp=0x000000990ccfe480
Event: 1498.322 Thread 0x00000206263960b0 DEOPT UNPACKING pc=0x0000020618257143 sp=0x000000990ccfd9d0 mode 3
Event: 3047.234 Thread 0x0000020627df9550 DEOPT PACKING pc=0x0000020619b3973b sp=0x000000990a6fdd20
Event: 3047.234 Thread 0x0000020627df9550 DEOPT UNPACKING pc=0x0000020618257143 sp=0x000000990a6fd1f8 mode 3
Event: 3632.056 Thread 0x0000020627d411b0 DEOPT PACKING pc=0x00000206199e1ae4 sp=0x000000990a5fd800
Event: 3632.056 Thread 0x0000020627d411b0 DEOPT UNPACKING pc=0x0000020618257143 sp=0x000000990a5fccd8 mode 0
Event: 4129.325 Thread 0x000002063000bee0 DEOPT PACKING pc=0x0000020619d04ad1 sp=0x000000990a5fe930
Event: 4129.325 Thread 0x000002063000bee0 DEOPT UNPACKING pc=0x0000020618257143 sp=0x000000990a5fde18 mode 3
Event: 4149.599 Thread 0x000002063000bee0 DEOPT PACKING pc=0x0000020619cdedab sp=0x000000990a5fe7f0
Event: 4149.599 Thread 0x000002063000bee0 DEOPT UNPACKING pc=0x0000020618257143 sp=0x000000990a5fdcf0 mode 3
Event: 4244.954 Thread 0x000002062ffeba00 DEOPT PACKING pc=0x0000020618dfb819 sp=0x000000990a6fe120
Event: 4244.954 Thread 0x000002062ffeba00 DEOPT UNPACKING pc=0x0000020618257143 sp=0x000000990a6fd6b0 mode 3
Event: 4245.262 Thread 0x000002063000bee0 DEOPT PACKING pc=0x000002061914af44 sp=0x000000990a5fdc60
Event: 4245.262 Thread 0x000002063000bee0 DEOPT UNPACKING pc=0x0000020618257143 sp=0x000000990a5fd040 mode 0

Classes unloaded (20 events):
Event: 776.085 Thread 0x0000020620bb1d10 Unloading class 0x000000010039c400 'java/lang/invoke/LambdaForm$MH+0x000000010039c400'
Event: 776.085 Thread 0x0000020620bb1d10 Unloading class 0x00000001009a6800 'java/lang/invoke/LambdaForm$MH+0x00000001009a6800'
Event: 776.085 Thread 0x0000020620bb1d10 Unloading class 0x00000001009e0c00 'java/lang/invoke/LambdaForm$MH+0x00000001009e0c00'
Event: 776.085 Thread 0x0000020620bb1d10 Unloading class 0x00000001009ec000 'java/lang/invoke/LambdaForm$MH+0x00000001009ec000'
Event: 1762.964 Thread 0x0000020620bb1d10 Unloading class 0x000000010035d000 'jdk/internal/reflect/GeneratedConstructorAccessor75'
Event: 1762.964 Thread 0x0000020620bb1d10 Unloading class 0x000000010035cc00 'jdk/internal/reflect/GeneratedConstructorAccessor74'
Event: 1762.964 Thread 0x0000020620bb1d10 Unloading class 0x0000000100374000 'jdk/internal/reflect/GeneratedMethodAccessor38'
Event: 1762.964 Thread 0x0000020620bb1d10 Unloading class 0x0000000100374800 'jdk/internal/reflect/GeneratedConstructorAccessor64'
Event: 1762.964 Thread 0x0000020620bb1d10 Unloading class 0x000000010039e000 'jdk/internal/reflect/GeneratedMethodAccessor37'
Event: 1762.964 Thread 0x0000020620bb1d10 Unloading class 0x00000001004a9800 'jdk/internal/reflect/GeneratedConstructorAccessor63'
Event: 1762.964 Thread 0x0000020620bb1d10 Unloading class 0x00000001004cc000 'jdk/internal/reflect/GeneratedMethodAccessor36'
Event: 1762.964 Thread 0x0000020620bb1d10 Unloading class 0x00000001004ec000 'jdk/internal/reflect/GeneratedMethodAccessor35'
Event: 1762.964 Thread 0x0000020620bb1d10 Unloading class 0x0000000100355c00 'jdk/internal/reflect/GeneratedMethodAccessor34'
Event: 4971.649 Thread 0x0000020620bb1d10 Unloading class 0x00000001004ec000 'jdk/internal/reflect/GeneratedMethodAccessor47'
Event: 4971.649 Thread 0x0000020620bb1d10 Unloading class 0x00000001004cc000 'jdk/internal/reflect/GeneratedConstructorAccessor77'
Event: 4971.649 Thread 0x0000020620bb1d10 Unloading class 0x00000001004a9800 'jdk/internal/reflect/GeneratedMethodAccessor46'
Event: 4971.649 Thread 0x0000020620bb1d10 Unloading class 0x000000010039e000 'jdk/internal/reflect/GeneratedConstructorAccessor76'
Event: 4971.649 Thread 0x0000020620bb1d10 Unloading class 0x0000000100374800 'jdk/internal/reflect/GeneratedMethodAccessor45'
Event: 4971.649 Thread 0x0000020620bb1d10 Unloading class 0x0000000100374000 'jdk/internal/reflect/GeneratedMethodAccessor44'
Event: 4971.649 Thread 0x0000020620bb1d10 Unloading class 0x000000010035cc00 'jdk/internal/reflect/GeneratedMethodAccessor43'

Classes redefined (0 events):
No events

Internal exceptions (20 events):
Event: 4685.824 Thread 0x0000020627886a70 Exception <a 'sun/nio/fs/WindowsException'{0x00000000caac4ec8}> (0x00000000caac4ec8) 
thrown [s\src\hotspot\share\prims\jni.cpp, line 516]
Event: 4685.826 Thread 0x0000020627886a70 Exception <a 'sun/nio/fs/WindowsException'{0x00000000caac6340}> (0x00000000caac6340) 
thrown [s\src\hotspot\share\prims\jni.cpp, line 516]
Event: 4686.383 Thread 0x0000020627886a70 Exception <a 'sun/nio/fs/WindowsException'{0x00000000c98b7a28}> (0x00000000c98b7a28) 
thrown [s\src\hotspot\share\prims\jni.cpp, line 516]
Event: 4686.384 Thread 0x0000020627886a70 Exception <a 'sun/nio/fs/WindowsException'{0x00000000c98b8ea0}> (0x00000000c98b8ea0) 
thrown [s\src\hotspot\share\prims\jni.cpp, line 516]
Event: 4792.841 Thread 0x000002062ffeba00 Exception <a 'sun/nio/fs/WindowsException'{0x00000000d0055cb8}> (0x00000000d0055cb8) 
thrown [s\src\hotspot\share\prims\jni.cpp, line 516]
Event: 4792.842 Thread 0x000002062ffeba00 Exception <a 'sun/nio/fs/WindowsException'{0x00000000d0057130}> (0x00000000d0057130) 
thrown [s\src\hotspot\share\prims\jni.cpp, line 516]
Event: 4796.665 Thread 0x000002062ffeba00 Exception <a 'sun/nio/fs/WindowsException'{0x00000000cfc7fce8}> (0x00000000cfc7fce8) 
thrown [s\src\hotspot\share\prims\jni.cpp, line 516]
Event: 4796.669 Thread 0x000002062ffeba00 Exception <a 'sun/nio/fs/WindowsException'{0x00000000cfc81160}> (0x00000000cfc81160) 
thrown [s\src\hotspot\share\prims\jni.cpp, line 516]
Event: 4804.851 Thread 0x000002062ffeba00 Exception <a 'sun/nio/fs/WindowsException'{0x00000000cf5cd690}> (0x00000000cf5cd690) 
thrown [s\src\hotspot\share\prims\jni.cpp, line 516]
Event: 4804.853 Thread 0x000002062ffeba00 Exception <a 'sun/nio/fs/WindowsException'{0x00000000cf5ceb08}> (0x00000000cf5ceb08) 
thrown [s\src\hotspot\share\prims\jni.cpp, line 516]
Event: 4808.950 Thread 0x000002062ffeba00 Exception <a 'sun/nio/fs/WindowsException'{0x00000000cdd54708}> (0x00000000cdd54708) 
thrown [s\src\hotspot\share\prims\jni.cpp, line 516]
Event: 4808.951 Thread 0x000002062ffeba00 Exception <a 'sun/nio/fs/WindowsException'{0x00000000cdd55b80}> (0x00000000cdd55b80) 
thrown [s\src\hotspot\share\prims\jni.cpp, line 516]
Event: 4809.195 Thread 0x000002062ffeba00 Implicit null exception at 0x00000206187cd8a1 to 0x00000206187cdbaa
Event: 4809.195 Thread 0x000002062ffeba00 Exception <a 'java/lang/NullPointerException'{0x00000000ccb943d0}> (0x00000000ccb943d0) 
thrown [s\src\hotspot\share\runtime\sharedRuntime.cpp, line 628]
Event: 4810.410 Thread 0x000002062ffeba00 Exception <a 'sun/nio/fs/WindowsException'{0x00000000cc9d5c28}> (0x00000000cc9d5c28) 
thrown [s\src\hotspot\share\prims\jni.cpp, line 516]
Event: 4810.412 Thread 0x000002062ffeba00 Exception <a 'sun/nio/fs/WindowsException'{0x00000000cc9d70a0}> (0x00000000cc9d70a0) 
thrown [s\src\hotspot\share\prims\jni.cpp, line 516]
Event: 4810.651 Thread 0x000002062ffeba00 Implicit null exception at 0x00000206187cd8a1 to 0x00000206187cdbaa
Event: 4810.651 Thread 0x000002062ffeba00 Exception <a 'java/lang/NullPointerException'{0x00000000cb731a98}> (0x00000000cb731a98) 
thrown [s\src\hotspot\share\runtime\sharedRuntime.cpp, line 628]
Event: 4812.158 Thread 0x000002062ffeba00 Exception <a 'sun/nio/fs/WindowsException'{0x00000000cb736698}> (0x00000000cb736698) 
thrown [s\src\hotspot\share\prims\jni.cpp, line 516]
Event: 4812.160 Thread 0x000002062ffeba00 Exception <a 'sun/nio/fs/WindowsException'{0x00000000cb737b10}> (0x00000000cb737b10) 
thrown [s\src\hotspot\share\prims\jni.cpp, line 516]

VM Operations (20 events):
Event: 6848.232 Executing VM operation: G1CollectFull done
Event: 6858.496 Executing VM operation: G1CollectFull
Event: 6858.603 Executing VM operation: G1CollectFull done
Event: 6868.861 Executing VM operation: G1CollectFull
Event: 6868.972 Executing VM operation: G1CollectFull done
Event: 6879.239 Executing VM operation: G1CollectFull
Event: 6879.350 Executing VM operation: G1CollectFull done
Event: 6889.598 Executing VM operation: G1CollectFull
Event: 6889.707 Executing VM operation: G1CollectFull done
Event: 6899.968 Executing VM operation: G1CollectFull
Event: 6900.077 Executing VM operation: G1CollectFull done
Event: 6910.356 Executing VM operation: G1CollectFull
Event: 6910.462 Executing VM operation: G1CollectFull done
Event: 6920.751 Executing VM operation: G1CollectFull
Event: 6920.861 Executing VM operation: G1CollectFull done
Event: 6931.114 Executing VM operation: G1CollectFull
Event: 6931.217 Executing VM operation: G1CollectFull done
Event: 6941.491 Executing VM operation: G1CollectFull
Event: 6941.600 Executing VM operation: G1CollectFull done
Event: 6951.879 Executing VM operation: G1CollectFull

Events (20 events):
Event: 4486.443 Thread 0x000002062780f030 Thread added: 0x000002062780f030
Event: 4486.443 Thread 0x0000020626876a10 Thread added: 0x0000020626876a10
Event: 4486.443 Thread 0x00000206277df030 Thread added: 0x00000206277df030
Event: 4489.908 Thread 0x0000020626876a10 Thread exited: 0x0000020626876a10
Event: 4489.908 Thread 0x00000206277df030 Thread exited: 0x00000206277df030
Event: 4495.770 Thread 0x000002062780f030 Thread exited: 0x000002062780f030
Event: 4746.764 Thread 0x000002063026b870 Thread exited: 0x000002063026b870
Event: 4747.011 Thread 0x0000020627886a70 Thread exited: 0x0000020627886a70
Event: 4747.026 Thread 0x000002063026aa00 Thread exited: 0x000002063026aa00
Event: 4755.153 Thread 0x0000020626395710 Thread added: 0x0000020626395710
Event: 4796.956 Thread 0x00000206300bca10 Thread added: 0x00000206300bca10
Event: 4796.962 Thread 0x00000206278860d0 Thread added: 0x00000206278860d0
Event: 4797.089 Thread 0x00000206300bc070 Thread added: 0x00000206300bc070
Event: 4814.454 Thread 0x00000206300bc540 Thread added: 0x00000206300bc540
Event: 4857.120 Thread 0x00000206300bc070 Thread exited: 0x00000206300bc070
Event: 4874.936 Thread 0x0000020626395710 Thread exited: 0x0000020626395710
Event: 4877.112 Thread 0x00000206300bc540 Thread exited: 0x00000206300bc540
Event: 4877.440 Thread 0x000002062ffeba00 Thread exited: 0x000002062ffeba00
Event: 4909.411 Thread 0x00000206278860d0 Thread exited: 0x00000206278860d0
Event: 4937.443 Thread 0x00000206300bca10 Thread exited: 0x00000206300bca10


Dynamic libraries:
0x00007ff6d6200000 - 0x00007ff6d620e000 	c:\Users\nayem\.vscode\extensions\redhat.java-1.19.0-win32-x64\jre\17.0.7-win32-x86_64\bin\java.exe
0x00007ffb33710000 - 0x00007ffb33908000 	C:\WINDOWS\SYSTEM32\ntdll.dll
0x00007ffb334b0000 - 0x00007ffb3356f000 	C:\WINDOWS\System32\KERNEL32.DLL
0x00007ffb31270000 - 0x00007ffb31566000 	C:\WINDOWS\System32\KERNELBASE.dll
0x00007ffb30df0000 - 0x00007ffb30ef0000 	C:\WINDOWS\System32\ucrtbase.dll
0x00007ffb29aa0000 - 0x00007ffb29ab7000 	c:\Users\nayem\.vscode\extensions\redhat.java-1.19.0-win32-x64\jre\17.0.7-win32-x86_64\bin\jli.dll
0x00007ffb2ac70000 - 0x00007ffb2ac89000 	c:\Users\nayem\.vscode\extensions\redhat.java-1.19.0-win32-x64\jre\17.0.7-win32-x86_64\bin\VCRUNTIME140.dll
0x00007ffb330e0000 - 0x00007ffb3327d000 	C:\WINDOWS\System32\USER32.dll
0x00007ffb315e0000 - 0x00007ffb31602000 	C:\WINDOWS\System32\win32u.dll
0x00007ffb33570000 - 0x00007ffb3359c000 	C:\WINDOWS\System32\GDI32.dll
0x00007ffb31020000 - 0x00007ffb31135000 	C:\WINDOWS\System32\gdi32full.dll
0x00007ffb19c30000 - 0x00007ffb19eca000 	C:\WINDOWS\WinSxS\amd64_microsoft.windows.common-controls_6595b64144ccf1df_6.0.19041.1110_none_60b5254171f9507e\COMCTL32.dll
0x00007ffb30ef0000 - 0x00007ffb30f8d000 	C:\WINDOWS\System32\msvcp_win.dll
0x00007ffb33040000 - 0x00007ffb330de000 	C:\WINDOWS\System32\msvcrt.dll
0x00007ffb31c70000 - 0x00007ffb31ca0000 	C:\WINDOWS\System32\IMM32.DLL
0x00007ffb2c1b0000 - 0x00007ffb2c1bc000 	c:\Users\nayem\.vscode\extensions\redhat.java-1.19.0-win32-x64\jre\17.0.7-win32-x86_64\bin\vcruntime140_1.dll
0x00007ffb1e410000 - 0x00007ffb1e4a1000 	c:\Users\nayem\.vscode\extensions\redhat.java-1.19.0-win32-x64\jre\17.0.7-win32-x86_64\bin\msvcp140.dll
0x00007ffac3840000 - 0x00007ffac4488000 	c:\Users\nayem\.vscode\extensions\redhat.java-1.19.0-win32-x64\jre\17.0.7-win32-x86_64\bin\server\jvm.dll
0x00007ffb317d0000 - 0x00007ffb3187f000 	C:\WINDOWS\System32\ADVAPI32.dll
0x00007ffb31ee0000 - 0x00007ffb31f7c000 	C:\WINDOWS\System32\sechost.dll
0x00007ffb319c0000 - 0x00007ffb31ae6000 	C:\WINDOWS\System32\RPCRT4.dll
0x00007ffb19a80000 - 0x00007ffb19a89000 	C:\WINDOWS\SYSTEM32\WSOCK32.dll
0x00007ffb31ca0000 - 0x00007ffb31d0b000 	C:\WINDOWS\System32\WS2_32.dll
0x00007ffb1bd70000 - 0x00007ffb1bd97000 	C:\WINDOWS\SYSTEM32\WINMM.dll
0x00007ffb27150000 - 0x00007ffb2715a000 	C:\WINDOWS\SYSTEM32\VERSION.dll
0x00007ffb2f620000 - 0x00007ffb2f632000 	C:\WINDOWS\SYSTEM32\kernel.appcore.dll
0x00007ffb2aed0000 - 0x00007ffb2aeda000 	c:\Users\nayem\.vscode\extensions\redhat.java-1.19.0-win32-x64\jre\17.0.7-win32-x86_64\bin\jimage.dll
0x00007ffb2eb80000 - 0x00007ffb2ed64000 	C:\WINDOWS\SYSTEM32\DBGHELP.DLL
0x00007ffb134d0000 - 0x00007ffb13504000 	C:\WINDOWS\SYSTEM32\dbgcore.DLL
0x00007ffb30f90000 - 0x00007ffb31012000 	C:\WINDOWS\System32\bcryptPrimitives.dll
0x00007ffb21fc0000 - 0x00007ffb21fe5000 	c:\Users\nayem\.vscode\extensions\redhat.java-1.19.0-win32-x64\jre\17.0.7-win32-x86_64\bin\java.dll
0x00007ffb29110000 - 0x00007ffb29128000 	c:\Users\nayem\.vscode\extensions\redhat.java-1.19.0-win32-x64\jre\17.0.7-win32-x86_64\bin\zip.dll
0x00007ffb31f80000 - 0x00007ffb326c4000 	C:\WINDOWS\System32\SHELL32.dll
0x00007ffb2ee70000 - 0x00007ffb2f603000 	C:\WINDOWS\SYSTEM32\windows.storage.dll
0x00007ffb32b40000 - 0x00007ffb32e94000 	C:\WINDOWS\System32\combase.dll
0x00007ffb30850000 - 0x00007ffb3087e000 	C:\WINDOWS\SYSTEM32\Wldp.dll
0x00007ffb31910000 - 0x00007ffb319bd000 	C:\WINDOWS\System32\SHCORE.dll
0x00007ffb33670000 - 0x00007ffb336c5000 	C:\WINDOWS\System32\shlwapi.dll
0x00007ffb30d30000 - 0x00007ffb30d4f000 	C:\WINDOWS\SYSTEM32\profapi.dll
0x00007ffb21e00000 - 0x00007ffb21e19000 	C:\Users\nayem\.vscode\extensions\redhat.java-1.19.0-win32-x64\jre\17.0.7-win32-x86_64\bin\net.dll
0x00007ffb222d0000 - 0x00007ffb223da000 	C:\WINDOWS\SYSTEM32\WINHTTP.dll
0x00007ffb305b0000 - 0x00007ffb3061a000 	C:\WINDOWS\system32\mswsock.dll
0x00007ffb21da0000 - 0x00007ffb21db5000 	C:\Users\nayem\.vscode\extensions\redhat.java-1.19.0-win32-x64\jre\17.0.7-win32-x86_64\bin\nio.dll
0x00007ffb307a0000 - 0x00007ffb307b8000 	C:\WINDOWS\SYSTEM32\CRYPTSP.dll
0x00007ffb2fe60000 - 0x00007ffb2fe94000 	C:\WINDOWS\system32\rsaenh.dll
0x00007ffb31190000 - 0x00007ffb311b7000 	C:\WINDOWS\System32\bcrypt.dll
0x00007ffb30cb0000 - 0x00007ffb30cde000 	C:\WINDOWS\SYSTEM32\USERENV.dll
0x00007ffb307c0000 - 0x00007ffb307cc000 	C:\WINDOWS\SYSTEM32\CRYPTBASE.dll
0x00007ffb30230000 - 0x00007ffb3026c000 	C:\WINDOWS\SYSTEM32\IPHLPAPI.DLL
0x00007ffb334a0000 - 0x00007ffb334a8000 	C:\WINDOWS\System32\NSI.dll
0x00007ffb22950000 - 0x00007ffb22967000 	C:\WINDOWS\SYSTEM32\dhcpcsvc6.DLL
0x00007ffb26760000 - 0x00007ffb2677d000 	C:\WINDOWS\SYSTEM32\dhcpcsvc.DLL
0x00007ffb302a0000 - 0x00007ffb3036b000 	C:\WINDOWS\SYSTEM32\DNSAPI.dll
0x00007ffb2c360000 - 0x00007ffb2c369000 	C:\Users\nayem\.vscode\extensions\redhat.java-1.19.0-win32-x64\jre\17.0.7-win32-x86_64\bin\management.dll
0x00007ffb29a80000 - 0x00007ffb29a8b000 	C:\Users\nayem\.vscode\extensions\redhat.java-1.19.0-win32-x64\jre\17.0.7-win32-x86_64\bin\management_ext.dll
0x00007ffb33280000 - 0x00007ffb33288000 	C:\WINDOWS\System32\PSAPI.DLL
0x00007ffb291a0000 - 0x00007ffb291ae000 	C:\Users\nayem\.vscode\extensions\redhat.java-1.19.0-win32-x64\jre\17.0.7-win32-x86_64\bin\sunmscapi.dll
0x00007ffb31610000 - 0x00007ffb3176e000 	C:\WINDOWS\System32\CRYPT32.dll
0x00007ffb308c0000 - 0x00007ffb308e8000 	C:\WINDOWS\SYSTEM32\ncrypt.dll
0x00007ffb30880000 - 0x00007ffb308bb000 	C:\WINDOWS\SYSTEM32\NTASN1.dll
0x00007ffb22240000 - 0x00007ffb2224a000 	C:\Windows\System32\rasadhlp.dll
0x00007ffb1e0a0000 - 0x00007ffb1e122000 	C:\WINDOWS\System32\fwpuclnt.dll
0x000000006c500000 - 0x000000006c5c7000 	C:\Users\nayem\AppData\Local\Temp\snappy-1.1.8-33a16086-9c7f-4cb9-a4a9-e21ae9c001d7-snappyjava.dll
0x00007ffb294e0000 - 0x00007ffb294f0000 	c:\Users\nayem\.vscode\extensions\redhat.java-1.19.0-win32-x64\jre\17.0.7-win32-x86_64\bin\verify.dll

dbghelp: loaded successfully - version: 4.0.5 - missing functions: none
symbol engine: initialized successfully - sym options: 0x614 - pdb path: .;c:\Users\nayem\.vscode\extensions\redhat.java-1.19.0-win32-x64\jre\17.0.7-win32-x86_64\bin;C:\WINDOWS\SYSTEM32;C:\WINDOWS\WinSxS\amd64_microsoft.windows.common-controls_6595b64144ccf1df_6.0.19041.1110_none_60b5254171f9507e;c:\Users\nayem\.vscode\extensions\redhat.java-1.19.0-win32-x64\jre\17.0.7-win32-x86_64\bin\server;C:\Users\nayem\AppData\Local\Temp

VM Arguments:
jvm_args: -XX:+HeapDumpOnOutOfMemoryError -Xmx1024m -Dsts.lsp.client=vscode -Dsts.log.file=/dev/null -XX:TieredStopAtLevel=1 -Xlog:jni+resolve=off -Dspring.config.location=file:c:\Users\nayem\.vscode\extensions\vmware.vscode-spring-boot-1.46.0\language-server\BOOT-INF\classes\application.properties 
java_command: org.springframework.ide.vscode.boot.app.BootLanguageServerBootApp
java_class_path (initial): c:\Users\nayem\.vscode\extensions\vmware.vscode-spring-boot-1.46.0\language-server\BOOT-INF\classes;c:\Users\nayem\.vscode\extensions\vmware.vscode-spring-boot-1.46.0\language-server\BOOT-INF\lib\annotations-24.0.1.jar;c:\Users\nayem\.vscode\extensions\vmware.vscode-spring-boot-1.46.0\language-server\BOOT-INF\lib\antlr-runtime-3.5.3.jar;c:\Users\nayem\.vscode\extensions\vmware.vscode-spring-boot-1.46.0\language-server\BOOT-INF\lib\antlr4-4.11.1.jar;c:\Users\nayem\.vscode\extensions\vmware.vscode-spring-boot-1.46.0\language-server\BOOT-INF\lib\antlr4-runtime-4.11.1.jar;c:\Users\nayem\.vscode\extensions\vmware.vscode-spring-boot-1.46.0\language-server\BOOT-INF\lib\asm-9.5.jar;c:\Users\nayem\.vscode\extensions\vmware.vscode-spring-boot-1.46.0\language-server\BOOT-INF\lib\asm-analysis-9.5.jar;c:\Users\nayem\.vscode\extensions\vmware.vscode-spring-boot-1.46.0\language-server\BOOT-INF\lib\asm-tree-9.5.jar;c:\Users\nayem\.vscode\extensions\vmware.vscode-spring-boot-1.46.0\language-server\BOOT-INF\lib\asm-util-9.5.jar;c:\Users\nayem\.vscode\extensions\vmware.vscode-spring-boot-1.46.0\language-server\BOOT-INF\lib\caffeine-3.1.2.jar;c:\Users\nayem\.vscode\extensions\vmware.vscode-spring-boot-1.46.0\language-server\BOOT-INF\lib\checker-qual-3.12.0.jar;c:\Users\nayem\.vscode\extensions\vmware.vscode-spring-boot-1.46.0\language-server\BOOT-INF\lib\classgraph-4.8.149.jar;c:\Users\nayem\.vscode\extensions\vmware.vscode-spring-boot-1.46.0\language-server\BOOT-INF\lib\commons-codec-1.15.jar;c:\Users\nayem\.vscode\extensions\vmware.vscode-spring-boot-1.46.0\language-server\BOOT-INF\lib\commons-compress-1.23.0.jar;c:\Users\nayem\.vscode\extensions\vmware.vscode-spring-boot-1.46.0\language-server\BOOT-INF\lib\commons-io-2.4.jar;c:\Users\nayem\.vscode\extensions\vmware.vscode-spring-boot-1.46.0\language-server\BOOT-INF\lib\commons-java-1.46.0-SNAPSHOT.jar;c:\Users\nayem\.vscode\extensions\vmware.vscode-spring-boot-1.46.0\language-server\BOOT-INF\lib\commons-
Launcher Type: SUN_STANDARD

[Global flags]
     intx CICompilerCount                          = 4                                         {product} {ergonomic}
     uint ConcGCThreads                            = 2                                         {product} {ergonomic}
     uint G1ConcRefinementThreads                  = 8                                         {product} {ergonomic}
   size_t G1HeapRegionSize                         = 1048576                                   {product} {ergonomic}
    uintx GCDrainStackTargetSize                   = 64                                        {product} {ergonomic}
     bool HeapDumpOnOutOfMemoryError               = true                                   {manageable} {command line}
   size_t InitialHeapSize                          = 268435456                                 {product} {ergonomic}
   size_t MarkStackSize                            = 4194304                                   {product} {ergonomic}
   size_t MaxHeapSize                              = 1073741824                                {product} {command line}
   size_t MaxNewSize                               = 643825664                                 {product} {ergonomic}
   size_t MinHeapDeltaBytes                        = 1048576                                   {product} {ergonomic}
   size_t MinHeapSize                              = 8388608                                   {product} {ergonomic}
    uintx NonProfiledCodeHeapSize                  = 0                                      {pd product} {ergonomic}
     bool ProfileInterpreter                       = false                                  {pd product} {command line}
    uintx ProfiledCodeHeapSize                     = 0                                      {pd product} {ergonomic}
   size_t SoftMaxHeapSize                          = 1073741824                             {manageable} {ergonomic}
     intx TieredStopAtLevel                        = 1                                         {product} {command line}
     bool UseCompressedClassPointers               = true                           {product lp64_product} {ergonomic}
     bool UseCompressedOops                        = true                           {product lp64_product} {ergonomic}
     bool UseG1GC                                  = true                                      {product} {ergonomic}
     bool UseLargePagesIndividualAllocation        = false                                  {pd product} {ergonomic}

Logging:
Log output configuration:
 #0: stdout all=warning,jni+resolve=off uptime,level,tags
 #1: stderr all=off uptime,level,tags

Environment Variables:
PATH=C:\Program Files\Common Files\Oracle\Java\javapath;C:\Program Files (x86)\Intel\iCLS Client\;C:\Program Files\Intel\iCLS Client\;C:\Windows\system32;C:\Windows;C:\Windows\System32\Wbem;C:\Windows\System32\WindowsPowerShell\v1.0\;C:\Program Files (x86)\Intel\Intel(R) Management Engine Components\DAL;C:\Program Files\Intel\Intel(R) Management Engine Components\DAL;C:\Program Files (x86)\Intel\Intel(R) Management Engine Components\IPT;C:\Program Files\Intel\Intel(R) Management Engine Components\IPT;C:\Program Files (x86)\NVIDIA Corporation\PhysX\Common;C:\Program Files\Intel\WiFi\bin\;C:\Program Files\Common Files\Intel\WirelessCommon\;C:\WINDOWS\system32;C:\WINDOWS;C:\WINDOWS\System32\Wbem;C:\WINDOWS\System32\WindowsPowerShell\v1.0\;C:\WINDOWS\System32\OpenSSH\;C:\MinGW\bin;C:\Program Files\Git\cmd;C:\Program Files\nodejs\;C:\Users\nayem\AppData\Local\Programs\Python\Python311\Scripts\;C:\Users\nayem\AppData\Local\Programs\Python\Python311\;C:\Users\nayem\AppData\Local\Microsoft\WindowsApps;;C:\Users\nayem\AppData\Local\Programs\Microsoft VS Code\bin;C:\Program Files\JetBrains\IntelliJ IDEA Community Edition 2023.1.1\bin;;C:\Users\nayem\AppData\Roaming\npm
USERNAME=nayem
OS=Windows_NT
PROCESSOR_IDENTIFIER=Intel64 Family 6 Model 142 Stepping 10, GenuineIntel
TMP=C:\Users\nayem\AppData\Local\Temp
TEMP=C:\Users\nayem\AppData\Local\Temp



---------------  S Y S T E M  ---------------

OS:
 Windows 10 , 64 bit Build 19041 (10.0.19041.2913)
OS uptime: 9 days 8:30 hours

CPU: total 8 (initial active 8) (4 cores per cpu, 2 threads per core) family 6 model 142 stepping 10 microcode 0xb4, cx8, cmov, fxsr, ht, mmx, 3dnowpref, sse, sse2, sse3, ssse3, sse4.1, sse4.2, popcnt, lzcnt, tsc, tscinvbit, avx, avx2, aes, erms, clmul, bmi1, bmi2, adx, fma, vzeroupper, clflush, clflushopt

Memory: 4k page, system-wide physical 16270M (6028M free)
TotalPageFile size 31398M (AvailPageFile size 10M)
current process WorkingSet (physical memory assigned to process): 293M, peak: 1189M
current process commit charge ("private bytes"): 492M, peak: 1171M

vm_info: OpenJDK 64-Bit Server VM (17.0.7+7) for windows-amd64 JRE (17.0.7+7), built on Apr 18 2023 22:10:42 by "temurin" with MS VC++ 16.7 (VS2019)

END.
