#
# There is insufficient memory for the Java Runtime Environment to continue.
# Native memory allocation (malloc) failed to allocate 1048576 bytes for AllocateHeap
# Possible reasons:
#   The system is out of physical RAM or swap space
#   The process is running with CompressedOops enabled, and the Java Heap may be blocking the growth of the native heap
# Possible solutions:
#   Reduce memory load on the system
#   Increase physical memory or swap space
#   Check if swap backing store is full
#   Decrease Java heap size (-Xmx/-Xms)
#   Decrease number of Java threads
#   Decrease Java thread stack sizes (-Xss)
#   Set larger code cache with -XX:ReservedCodeCacheSize=
#   JVM is running with Unscaled Compressed Oops mode in which the Java heap is
#     placed in the first 4GB address space. The Java Heap base address is the
#     maximum limit for the native heap growth. Please use -XX:HeapBaseMinAddress
#     to set the Java Heap base and to place the Java Heap above 4GB virtual address.
# This output file may be truncated or incomplete.
#
#  Out of Memory Error (allocation.cpp:44), pid=14560, tid=18988
#
# JRE version: OpenJDK Runtime Environment Temurin-17.0.7+7 (17.0.7+7) (build 17.0.7+7)
# Java VM: OpenJDK 64-Bit Server VM Temurin-17.0.7+7 (17.0.7+7, mixed mode, emulated-client, tiered, compressed oops, compressed class ptrs, g1 gc, windows-amd64)
# No core dump will be written. Minidumps are not enabled by default on client versions of Windows
#

---------------  S U M M A R Y ------------

Command Line: -XX:+HeapDumpOnOutOfMemoryError -Xmx1024m -Dsts.lsp.client=vscode -Dsts.log.file=/dev/null -XX:TieredStopAtLevel=1 -Xlog:jni+resolve=off -Dspring.config.location=file:c:\Users\nayem\.vscode\extensions\vmware.vscode-spring-boot-1.46.0\language-server\BOOT-INF\classes\application.properties org.springframework.ide.vscode.boot.app.BootLanguageServerBootApp

Host: Intel(R) Core(TM) i5-8250U CPU @ 1.60GHz, 8 cores, 15G,  Windows 10 , 64 bit Build 19041 (10.0.19041.2913)
Time: Wed Jun  7 17:41:28 2023 Bangladesh Standard Time elapsed time: 73170.795756 seconds (0d 20h 19m 30s)

---------------  T H R E A D  ---------------

Current thread (0x00000172f7c58930):  VMThread "VM Thread" [stack: 0x0000002ac4b00000,0x0000002ac4c00000] [id=18988]

Stack: [0x0000002ac4b00000,0x0000002ac4c00000]
Native frames: (J=compiled Java code, j=interpreted, Vv=VM code, C=native code)
V  [jvm.dll+0x67754a]
V  [jvm.dll+0x834304]
V  [jvm.dll+0x835aae]
V  [jvm.dll+0x836113]
V  [jvm.dll+0x24696f]
V  [jvm.dll+0xa681f]
V  [jvm.dll+0x2f73f3]
V  [jvm.dll+0x2f30f0]
V  [jvm.dll+0x2db6c7]
V  [jvm.dll+0x31e777]
V  [jvm.dll+0x83a5bb]
V  [jvm.dll+0x83b2f4]
V  [jvm.dll+0x83b80c]
V  [jvm.dll+0x83bbe4]
V  [jvm.dll+0x83bcb0]
V  [jvm.dll+0x7e4e7a]
V  [jvm.dll+0x676395]
C  [ucrtbase.dll+0x21bb2]
C  [KERNEL32.DLL+0x17614]
C  [ntdll.dll+0x526a1]

VM_Operation (0x0000002ac64fece0): G1CollectFull, mode: safepoint, requested by thread 0x00000172fd0c56c0


---------------  P R O C E S S  ---------------

Threads class SMR info:
_java_thread_list=0x00000172fd634dd0, length=28, elements={
0x00000172f7c96eb0, 0x00000172f7c97d20, 0x00000172fc038c20, 0x00000172fc0399a0,
0x00000172fc03d370, 0x00000172fc03dd20, 0x00000172fc03e6d0, 0x00000172fc069c50,
0x00000172fc2687c0, 0x00000172fc277110, 0x00000172fd0c3510, 0x00000172fd0c39e0,
0x00000172fd0c56c0, 0x00000172fd0c3eb0, 0x00000172fd0c4380, 0x00000172fd0c5b90,
0x00000172fd0c6060, 0x00000172fd0c6530, 0x00000172fd782ef0, 0x00000172fd77eb90,
0x00000172fd7816e0, 0x00000172fd77d850, 0x00000172fd77fed0, 0x00000172fd781bb0,
0x00000172fd911590, 0x00000172fd90dbd0, 0x00000172fd90abb0, 0x00000172fd90e570
}

Java Threads: ( => current thread )
  0x00000172f7c96eb0 JavaThread "Reference Handler" daemon [_thread_blocked, id=19004, stack(0x0000002ac4c00000,0x0000002ac4d00000)]
  0x00000172f7c97d20 JavaThread "Finalizer" daemon [_thread_blocked, id=1852, stack(0x0000002ac4d00000,0x0000002ac4e00000)]
  0x00000172fc038c20 JavaThread "Signal Dispatcher" daemon [_thread_blocked, id=8160, stack(0x0000002ac4e00000,0x0000002ac4f00000)]
  0x00000172fc0399a0 JavaThread "Attach Listener" daemon [_thread_blocked, id=7924, stack(0x0000002ac4f00000,0x0000002ac5000000)]
  0x00000172fc03d370 JavaThread "Service Thread" daemon [_thread_blocked, id=2812, stack(0x0000002ac5000000,0x0000002ac5100000)]
  0x00000172fc03dd20 JavaThread "Monitor Deflation Thread" daemon [_thread_blocked, id=13048, stack(0x0000002ac5100000,0x0000002ac5200000)]
  0x00000172fc03e6d0 JavaThread "C1 CompilerThread0" daemon [_thread_blocked, id=3108, stack(0x0000002ac5200000,0x0000002ac5300000)]
  0x00000172fc069c50 JavaThread "Sweeper thread" daemon [_thread_blocked, id=13940, stack(0x0000002ac5300000,0x0000002ac5400000)]
  0x00000172fc2687c0 JavaThread "Notification Thread" daemon [_thread_blocked, id=17788, stack(0x0000002ac5500000,0x0000002ac5600000)]
  0x00000172fc277110 JavaThread "Common-Cleaner" daemon [_thread_blocked, id=7368, stack(0x0000002ac5700000,0x0000002ac5800000)]
  0x00000172fd0c3510 JavaThread "boundedElastic-evictor-1" daemon [_thread_blocked, id=5692, stack(0x0000002ac6100000,0x0000002ac6200000)]
  0x00000172fd0c39e0 JavaThread "boundedElastic-evictor-2" daemon [_thread_blocked, id=19444, stack(0x0000002ac6300000,0x0000002ac6400000)]
  0x00000172fd0c56c0 JavaThread "pool-10-thread-1" [_thread_blocked, id=15348, stack(0x0000002ac6400000,0x0000002ac6500000)]
  0x00000172fd0c3eb0 JavaThread "LanguageServerApp-lifecycle" [_thread_blocked, id=19280, stack(0x0000002ac6500000,0x0000002ac6600000)]
  0x00000172fd0c4380 JavaThread "DestroyJavaVM" [_thread_blocked, id=16964, stack(0x0000002ac4500000,0x0000002ac4600000)]
  0x00000172fd0c5b90 JavaThread "pool-11-thread-1" [_thread_in_native, id=17852, stack(0x0000002ac6600000,0x0000002ac6700000)]
  0x00000172fd0c6060 JavaThread "Simple-Language-Server main thread" daemon [_thread_blocked, id=20408, stack(0x0000002ac6700000,0x0000002ac6800000)]
  0x00000172fd0c6530 JavaThread "pool-6-thread-1" [_thread_blocked, id=19068, stack(0x0000002ac6b00000,0x0000002ac6c00000)]
  0x00000172fd782ef0 JavaThread "parallel-1" daemon [_thread_blocked, id=3340, stack(0x0000002ac7b00000,0x0000002ac7c00000)]
  0x00000172fd77eb90 JavaThread "pool-4-thread-1" [_thread_blocked, id=13236, stack(0x0000002ac8400000,0x0000002ac8500000)]
  0x00000172fd7816e0 JavaThread "parallel-2" daemon [_thread_blocked, id=17496, stack(0x0000002ac8500000,0x0000002ac8600000)]
  0x00000172fd77d850 JavaThread "parallel-3" daemon [_thread_blocked, id=2124, stack(0x0000002ac6e00000,0x0000002ac6f00000)]
  0x00000172fd77fed0 JavaThread "parallel-4" daemon [_thread_blocked, id=11608, stack(0x0000002ac6f00000,0x0000002ac7000000)]
  0x00000172fd781bb0 JavaThread "Reconciler-1" daemon [_thread_blocked, id=9808, stack(0x0000002ac7000000,0x0000002ac7100000)]
  0x00000172fd911590 JavaThread "parallel-5" daemon [_thread_blocked, id=15532, stack(0x0000002ac5f00000,0x0000002ac6000000)]
  0x00000172fd90dbd0 JavaThread "parallel-6" daemon [_thread_blocked, id=15080, stack(0x0000002ac6900000,0x0000002ac6a00000)]
  0x00000172fd90abb0 JavaThread "parallel-7" daemon [_thread_blocked, id=17720, stack(0x0000002ac6a00000,0x0000002ac6b00000)]
  0x00000172fd90e570 JavaThread "parallel-8" daemon [_thread_blocked, id=10244, stack(0x0000002ac6d00000,0x0000002ac6e00000)]

Other Threads:
=>0x00000172f7c58930 VMThread "VM Thread" [stack: 0x0000002ac4b00000,0x0000002ac4c00000] [id=18988]
  0x00000172fc268c90 WatcherThread [stack: 0x0000002ac5600000,0x0000002ac5700000] [id=14612]
  0x00000172ece60c10 GCTaskThread "GC Thread#0" [stack: 0x0000002ac4600000,0x0000002ac4700000] [id=1552]
  0x00000172fc6f06a0 GCTaskThread "GC Thread#1" [stack: 0x0000002ac5800000,0x0000002ac5900000] [id=12292]
  0x00000172fcbdea50 GCTaskThread "GC Thread#2" [stack: 0x0000002ac5900000,0x0000002ac5a00000] [id=12872]
  0x00000172fcbded00 GCTaskThread "GC Thread#3" [stack: 0x0000002ac5a00000,0x0000002ac5b00000] [id=10700]
  0x00000172fcbdefb0 GCTaskThread "GC Thread#4" [stack: 0x0000002ac5b00000,0x0000002ac5c00000] [id=5460]
  0x00000172fcbdf260 GCTaskThread "GC Thread#5" [stack: 0x0000002ac5c00000,0x0000002ac5d00000] [id=13520]
  0x00000172fcd44ba0 GCTaskThread "GC Thread#6" [stack: 0x0000002ac5d00000,0x0000002ac5e00000] [id=17192]
  0x00000172fcd44e50 GCTaskThread "GC Thread#7" [stack: 0x0000002ac5e00000,0x0000002ac5f00000] [id=10832]
  0x00000172ece69b50 ConcurrentGCThread "G1 Main Marker" [stack: 0x0000002ac4700000,0x0000002ac4800000] [id=1364]
  0x00000172ece6a560 ConcurrentGCThread "G1 Conc#0" [stack: 0x0000002ac4800000,0x0000002ac4900000] [id=17856]
  0x00000172fcf9f1c0 ConcurrentGCThread "G1 Conc#1" [stack: 0x0000002ac6200000,0x0000002ac6300000] [id=14772]
  0x00000172eceee880 ConcurrentGCThread "G1 Refine#0" [stack: 0x0000002ac4900000,0x0000002ac4a00000] [id=14060]
  0x00000172fd7f6a30 ConcurrentGCThread "G1 Refine#1" [stack: 0x0000002ac8000000,0x0000002ac8100000] [id=19636]
  0x00000172fe1383d0 ConcurrentGCThread "G1 Refine#2" [stack: 0x0000002ac8100000,0x0000002ac8200000] [id=18284]
  0x00000172fe2d5db0 ConcurrentGCThread "G1 Refine#3" [stack: 0x0000002ac8200000,0x0000002ac8300000] [id=17612]
  0x00000172fe2d6930 ConcurrentGCThread "G1 Refine#4" [stack: 0x0000002ac8300000,0x0000002ac8400000] [id=8180]
  0x00000172fe2d74b0 ConcurrentGCThread "G1 Refine#5" [stack: 0x0000002ac8c00000,0x0000002ac8d00000] [id=17088]
  0x0000017288279160 ConcurrentGCThread "G1 Refine#6" [stack: 0x0000002ac9200000,0x0000002ac9300000] [id=15252]
  0x00000172f7afc470 ConcurrentGCThread "G1 Service" [stack: 0x0000002ac4a00000,0x0000002ac4b00000] [id=8800]

Threads with active compile tasks:

VM state: at safepoint (normal execution)

VM Mutex/Monitor currently owned by a thread:  ([mutex/lock_event])
[0x00000172eacc84d0] Threads_lock - owner thread: 0x00000172f7c58930
[0x00000172ece1e280] Heap_lock - owner thread: 0x00000172fd0c56c0

Heap address: 0x00000000c0000000, size: 1024 MB, Compressed Oops mode: 32-bit

CDS archive(s) not mapped
Compressed class space mapped at: 0x0000000100000000-0x0000000140000000, reserved size: 1073741824
Narrow klass base: 0x0000000000000000, Narrow klass shift: 3, Narrow klass range: 0x140000000

GC Precious Log:
 CPUs: 8 total, 8 available
 Memory: 16270M
 Large Page Support: Disabled
 NUMA Support: Disabled
 Compressed Oops: Enabled (32-bit)
 Heap Region Size: 1M
 Heap Min Capacity: 8M
 Heap Initial Capacity: 256M
 Heap Max Capacity: 1G
 Pre-touch: Disabled
 Parallel Workers: 8
 Concurrent Workers: 2
 Concurrent Refinement Workers: 8
 Periodic GC: Disabled

Heap:
 garbage-first heap   total 290816K, used 85902K [0x00000000c0000000, 0x0000000100000000)
  region size 1024K, 1 young (1024K), 0 survivors (0K)
 Metaspace       used 71826K, committed 72320K, reserved 1114112K
  class space    used 9887K, committed 10112K, reserved 1048576K

Heap Regions: E=young(eden), S=young(survivor), O=old, HS=humongous(starts), HC=humongous(continues), CS=collection set, F=free, OA=open archive, CA=closed archive, TAMS=top-at-mark-start (previous, next)
|   0|0x00000000c0000000, 0x00000000c00ffff0, 0x00000000c0100000| 99%| O|  |TAMS 0x00000000c00ffff0, 0x00000000c0000000| Untracked 
|   1|0x00000000c0100000, 0x00000000c0200000, 0x00000000c0200000|100%| O|  |TAMS 0x00000000c0200000, 0x00000000c0100000| Untracked 
|   2|0x00000000c0200000, 0x00000000c02fffd0, 0x00000000c0300000| 99%| O|  |TAMS 0x00000000c02fffd0, 0x00000000c0200000| Untracked 
|   3|0x00000000c0300000, 0x00000000c03fffc0, 0x00000000c0400000| 99%| O|  |TAMS 0x00000000c03fffc0, 0x00000000c0300000| Untracked 
|   4|0x00000000c0400000, 0x00000000c04ffff0, 0x00000000c0500000| 99%| O|  |TAMS 0x00000000c04ffff0, 0x00000000c0400000| Untracked 
|   5|0x00000000c0500000, 0x00000000c0600000, 0x00000000c0600000|100%| O|  |TAMS 0x00000000c0600000, 0x00000000c0500000| Untracked 
|   6|0x00000000c0600000, 0x00000000c0700000, 0x00000000c0700000|100%| O|  |TAMS 0x00000000c0700000, 0x00000000c0600000| Untracked 
|   7|0x00000000c0700000, 0x00000000c07fffe0, 0x00000000c0800000| 99%| O|  |TAMS 0x00000000c07fffe0, 0x00000000c0700000| Untracked 
|   8|0x00000000c0800000, 0x00000000c08fffd0, 0x00000000c0900000| 99%| O|  |TAMS 0x00000000c08fffd0, 0x00000000c0800000| Untracked 
|   9|0x00000000c0900000, 0x00000000c09ff250, 0x00000000c0a00000| 99%| O|  |TAMS 0x00000000c09ff250, 0x00000000c0900000| Untracked 
|  10|0x00000000c0a00000, 0x00000000c0afffc0, 0x00000000c0b00000| 99%| O|  |TAMS 0x00000000c0afffc0, 0x00000000c0a00000| Untracked 
|  11|0x00000000c0b00000, 0x00000000c0c00000, 0x00000000c0c00000|100%| O|  |TAMS 0x00000000c0c00000, 0x00000000c0b00000| Untracked 
|  12|0x00000000c0c00000, 0x00000000c0cfff70, 0x00000000c0d00000| 99%| O|  |TAMS 0x00000000c0cfff70, 0x00000000c0c00000| Untracked 
|  13|0x00000000c0d00000, 0x00000000c0dff520, 0x00000000c0e00000| 99%| O|  |TAMS 0x00000000c0dff520, 0x00000000c0d00000| Untracked 
|  14|0x00000000c0e00000, 0x00000000c0efffe0, 0x00000000c0f00000| 99%| O|  |TAMS 0x00000000c0efffe0, 0x00000000c0e00000| Untracked 
|  15|0x00000000c0f00000, 0x00000000c0fffff0, 0x00000000c1000000| 99%| O|  |TAMS 0x00000000c0fffff0, 0x00000000c0f00000| Untracked 
|  16|0x00000000c1000000, 0x00000000c10fffd8, 0x00000000c1100000| 99%| O|  |TAMS 0x00000000c10fffd8, 0x00000000c1000000| Untracked 
|  17|0x00000000c1100000, 0x00000000c11ffff0, 0x00000000c1200000| 99%| O|  |TAMS 0x00000000c11ffff0, 0x00000000c1100000| Untracked 
|  18|0x00000000c1200000, 0x00000000c12ffff0, 0x00000000c1300000| 99%| O|  |TAMS 0x00000000c12ffff0, 0x00000000c1200000| Untracked 
|  19|0x00000000c1300000, 0x00000000c13fffe0, 0x00000000c1400000| 99%| O|  |TAMS 0x00000000c13fffe0, 0x00000000c1300000| Untracked 
|  20|0x00000000c1400000, 0x00000000c14ffff8, 0x00000000c1500000| 99%| O|  |TAMS 0x00000000c14ffff8, 0x00000000c1400000| Untracked 
|  21|0x00000000c1500000, 0x00000000c15ffff8, 0x00000000c1600000| 99%| O|  |TAMS 0x00000000c15ffff8, 0x00000000c1500000| Untracked 
|  22|0x00000000c1600000, 0x00000000c1700000, 0x00000000c1700000|100%| O|  |TAMS 0x00000000c1700000, 0x00000000c1600000| Untracked 
|  23|0x00000000c1700000, 0x00000000c17ffff8, 0x00000000c1800000| 99%| O|  |TAMS 0x00000000c17ffff8, 0x00000000c1700000| Untracked 
|  24|0x00000000c1800000, 0x00000000c18ffff8, 0x00000000c1900000| 99%| O|  |TAMS 0x00000000c18ffff8, 0x00000000c1800000| Untracked 
|  25|0x00000000c1900000, 0x00000000c19fffd0, 0x00000000c1a00000| 99%| O|  |TAMS 0x00000000c19fffd0, 0x00000000c1900000| Untracked 
|  26|0x00000000c1a00000, 0x00000000c1afffd8, 0x00000000c1b00000| 99%| O|  |TAMS 0x00000000c1afffd8, 0x00000000c1a00000| Untracked 
|  27|0x00000000c1b00000, 0x00000000c1c00000, 0x00000000c1c00000|100%| O|  |TAMS 0x00000000c1c00000, 0x00000000c1b00000| Untracked 
|  28|0x00000000c1c00000, 0x00000000c1cfffd8, 0x00000000c1d00000| 99%| O|  |TAMS 0x00000000c1cfffd8, 0x00000000c1c00000| Untracked 
|  29|0x00000000c1d00000, 0x00000000c1dffff8, 0x00000000c1e00000| 99%| O|  |TAMS 0x00000000c1dffff8, 0x00000000c1d00000| Untracked 
|  30|0x00000000c1e00000, 0x00000000c1efffd8, 0x00000000c1f00000| 99%| O|  |TAMS 0x00000000c1efffd8, 0x00000000c1e00000| Untracked 
|  31|0x00000000c1f00000, 0x00000000c1ffffc8, 0x00000000c2000000| 99%| O|  |TAMS 0x00000000c1ffffc8, 0x00000000c1f00000| Untracked 
|  32|0x00000000c2000000, 0x00000000c20fffb8, 0x00000000c2100000| 99%| O|  |TAMS 0x00000000c20fffb8, 0x00000000c2000000| Untracked 
|  33|0x00000000c2100000, 0x00000000c21fffd0, 0x00000000c2200000| 99%| O|  |TAMS 0x00000000c21fffd0, 0x00000000c2100000| Untracked 
|  34|0x00000000c2200000, 0x00000000c22fffd0, 0x00000000c2300000| 99%| O|  |TAMS 0x00000000c22fffd0, 0x00000000c2200000| Untracked 
|  35|0x00000000c2300000, 0x00000000c2400000, 0x00000000c2400000|100%|HS|  |TAMS 0x00000000c2400000, 0x00000000c2300000| Untracked 
|  36|0x00000000c2400000, 0x00000000c24fffc8, 0x00000000c2500000| 99%| O|  |TAMS 0x00000000c24fffc8, 0x00000000c2400000| Untracked 
|  37|0x00000000c2500000, 0x00000000c25fffa0, 0x00000000c2600000| 99%| O|  |TAMS 0x00000000c25fffa0, 0x00000000c2500000| Untracked 
|  38|0x00000000c2600000, 0x00000000c2700000, 0x00000000c2700000|100%| O|  |TAMS 0x00000000c2700000, 0x00000000c2600000| Untracked 
|  39|0x00000000c2700000, 0x00000000c27fdaf8, 0x00000000c2800000| 99%| O|  |TAMS 0x00000000c27fdaf8, 0x00000000c2700000| Untracked 
|  40|0x00000000c2800000, 0x00000000c28ffff0, 0x00000000c2900000| 99%| O|  |TAMS 0x00000000c28ffff0, 0x00000000c2800000| Untracked 
|  41|0x00000000c2900000, 0x00000000c29ffff0, 0x00000000c2a00000| 99%| O|  |TAMS 0x00000000c29ffff0, 0x00000000c2900000| Untracked 
|  42|0x00000000c2a00000, 0x00000000c2afffe0, 0x00000000c2b00000| 99%| O|  |TAMS 0x00000000c2afffe0, 0x00000000c2a00000| Untracked 
|  43|0x00000000c2b00000, 0x00000000c2c00000, 0x00000000c2c00000|100%| O|  |TAMS 0x00000000c2c00000, 0x00000000c2b00000| Untracked 
|  44|0x00000000c2c00000, 0x00000000c2cffff0, 0x00000000c2d00000| 99%| O|  |TAMS 0x00000000c2cffff0, 0x00000000c2c00000| Untracked 
|  45|0x00000000c2d00000, 0x00000000c2dffff8, 0x00000000c2e00000| 99%| O|  |TAMS 0x00000000c2dffff8, 0x00000000c2d00000| Untracked 
|  46|0x00000000c2e00000, 0x00000000c2efffe0, 0x00000000c2f00000| 99%| O|  |TAMS 0x00000000c2efffe0, 0x00000000c2e00000| Untracked 
|  47|0x00000000c2f00000, 0x00000000c2fffff0, 0x00000000c3000000| 99%| O|  |TAMS 0x00000000c2fffff0, 0x00000000c2f00000| Untracked 
|  48|0x00000000c3000000, 0x00000000c3100000, 0x00000000c3100000|100%| O|  |TAMS 0x00000000c3100000, 0x00000000c3000000| Untracked 
|  49|0x00000000c3100000, 0x00000000c31fffa8, 0x00000000c3200000| 99%| O|  |TAMS 0x00000000c31fffa8, 0x00000000c3100000| Untracked 
|  50|0x00000000c3200000, 0x00000000c329b138, 0x00000000c3300000| 60%| O|  |TAMS 0x00000000c3200000, 0x00000000c3200000| Untracked 
|  51|0x00000000c3300000, 0x00000000c33ffff0, 0x00000000c3400000| 99%| O|  |TAMS 0x00000000c33ffff0, 0x00000000c3300000| Untracked 
|  52|0x00000000c3400000, 0x00000000c34ffff0, 0x00000000c3500000| 99%| O|  |TAMS 0x00000000c34ffff0, 0x00000000c3400000| Untracked 
|  53|0x00000000c3500000, 0x00000000c3600000, 0x00000000c3600000|100%| O|  |TAMS 0x00000000c3600000, 0x00000000c3500000| Untracked 
|  54|0x00000000c3600000, 0x00000000c36fffe0, 0x00000000c3700000| 99%| O|  |TAMS 0x00000000c36fffe0, 0x00000000c3600000| Untracked 
|  55|0x00000000c3700000, 0x00000000c37fffa0, 0x00000000c3800000| 99%| O|  |TAMS 0x00000000c37fffa0, 0x00000000c3700000| Untracked 
|  56|0x00000000c3800000, 0x00000000c3900000, 0x00000000c3900000|100%| O|  |TAMS 0x00000000c3900000, 0x00000000c3800000| Untracked 
|  57|0x00000000c3900000, 0x00000000c39ffff8, 0x00000000c3a00000| 99%| O|  |TAMS 0x00000000c39ffff8, 0x00000000c3900000| Untracked 
|  58|0x00000000c3a00000, 0x00000000c3b00000, 0x00000000c3b00000|100%| O|  |TAMS 0x00000000c3b00000, 0x00000000c3a00000| Untracked 
|  59|0x00000000c3b00000, 0x00000000c3c00000, 0x00000000c3c00000|100%| O|  |TAMS 0x00000000c3c00000, 0x00000000c3b00000| Untracked 
|  60|0x00000000c3c00000, 0x00000000c3d00000, 0x00000000c3d00000|100%| O|  |TAMS 0x00000000c3d00000, 0x00000000c3c00000| Untracked 
|  61|0x00000000c3d00000, 0x00000000c3e00000, 0x00000000c3e00000|100%| O|  |TAMS 0x00000000c3e00000, 0x00000000c3d00000| Untracked 
|  62|0x00000000c3e00000, 0x00000000c3effff0, 0x00000000c3f00000| 99%| O|  |TAMS 0x00000000c3effff0, 0x00000000c3e00000| Untracked 
|  63|0x00000000c3f00000, 0x00000000c3f4c600, 0x00000000c4000000| 29%| O|  |TAMS 0x00000000c3f00000, 0x00000000c3f00000| Untracked 
|  64|0x00000000c4000000, 0x00000000c40fffe8, 0x00000000c4100000| 99%| O|  |TAMS 0x00000000c40fffe8, 0x00000000c4000000| Untracked 
|  65|0x00000000c4100000, 0x00000000c41004a8, 0x00000000c4200000|  0%| O|  |TAMS 0x00000000c4100000, 0x00000000c4100000| Untracked 
|  66|0x00000000c4200000, 0x00000000c4200088, 0x00000000c4300000|  0%| O|  |TAMS 0x00000000c4200000, 0x00000000c4200000| Untracked 
|  67|0x00000000c4300000, 0x00000000c43ffff8, 0x00000000c4400000| 99%| O|  |TAMS 0x00000000c43ffff8, 0x00000000c4300000| Untracked 
|  68|0x00000000c4400000, 0x00000000c4400000, 0x00000000c4500000|  0%| F|  |TAMS 0x00000000c4400000, 0x00000000c4400000| Untracked 
|  69|0x00000000c4500000, 0x00000000c4500000, 0x00000000c4600000|  0%| F|  |TAMS 0x00000000c4500000, 0x00000000c4500000| Untracked 
|  70|0x00000000c4600000, 0x00000000c4600000, 0x00000000c4700000|  0%| F|  |TAMS 0x00000000c4600000, 0x00000000c4600000| Untracked 
|  71|0x00000000c4700000, 0x00000000c4700000, 0x00000000c4800000|  0%| F|  |TAMS 0x00000000c4700000, 0x00000000c4700000| Untracked 
|  72|0x00000000c4800000, 0x00000000c4800000, 0x00000000c4900000|  0%| F|  |TAMS 0x00000000c4800000, 0x00000000c4800000| Untracked 
|  73|0x00000000c4900000, 0x00000000c4900000, 0x00000000c4a00000|  0%| F|  |TAMS 0x00000000c4900000, 0x00000000c4900000| Untracked 
|  74|0x00000000c4a00000, 0x00000000c4a00000, 0x00000000c4b00000|  0%| F|  |TAMS 0x00000000c4a00000, 0x00000000c4a00000| Untracked 
|  75|0x00000000c4b00000, 0x00000000c4b00000, 0x00000000c4c00000|  0%| F|  |TAMS 0x00000000c4b00000, 0x00000000c4b00000| Untracked 
|  76|0x00000000c4c00000, 0x00000000c4cffff8, 0x00000000c4d00000| 99%| O|  |TAMS 0x00000000c4cffff8, 0x00000000c4c00000| Untracked 
|  77|0x00000000c4d00000, 0x00000000c4dffff0, 0x00000000c4e00000| 99%| O|  |TAMS 0x00000000c4dffff0, 0x00000000c4d00000| Untracked 
|  78|0x00000000c4e00000, 0x00000000c4e00000, 0x00000000c4f00000|  0%| F|  |TAMS 0x00000000c4e00000, 0x00000000c4e00000| Untracked 
|  79|0x00000000c4f00000, 0x00000000c4f00000, 0x00000000c5000000|  0%| F|  |TAMS 0x00000000c4f00000, 0x00000000c4f00000| Untracked 
|  80|0x00000000c5000000, 0x00000000c5000000, 0x00000000c5100000|  0%| F|  |TAMS 0x00000000c5000000, 0x00000000c5000000| Untracked 
|  81|0x00000000c5100000, 0x00000000c5100000, 0x00000000c5200000|  0%| F|  |TAMS 0x00000000c5100000, 0x00000000c5100000| Untracked 
|  82|0x00000000c5200000, 0x00000000c5200000, 0x00000000c5300000|  0%| F|  |TAMS 0x00000000c5200000, 0x00000000c5200000| Untracked 
|  83|0x00000000c5300000, 0x00000000c5300000, 0x00000000c5400000|  0%| F|  |TAMS 0x00000000c5300000, 0x00000000c5300000| Untracked 
|  84|0x00000000c5400000, 0x00000000c5400000, 0x00000000c5500000|  0%| F|  |TAMS 0x00000000c5400000, 0x00000000c5400000| Untracked 
|  85|0x00000000c5500000, 0x00000000c55ffff0, 0x00000000c5600000| 99%| O|  |TAMS 0x00000000c55ffff0, 0x00000000c5500000| Untracked 
|  86|0x00000000c5600000, 0x00000000c5600000, 0x00000000c5700000|  0%| F|  |TAMS 0x00000000c5600000, 0x00000000c5600000| Untracked 
|  87|0x00000000c5700000, 0x00000000c5700000, 0x00000000c5800000|  0%| F|  |TAMS 0x00000000c5700000, 0x00000000c5700000| Untracked 
|  88|0x00000000c5800000, 0x00000000c5800000, 0x00000000c5900000|  0%| F|  |TAMS 0x00000000c5800000, 0x00000000c5800000| Untracked 
|  89|0x00000000c5900000, 0x00000000c5900000, 0x00000000c5a00000|  0%| F|  |TAMS 0x00000000c5900000, 0x00000000c5900000| Untracked 
|  90|0x00000000c5a00000, 0x00000000c5afffe0, 0x00000000c5b00000| 99%| O|  |TAMS 0x00000000c5afffe0, 0x00000000c5a00000| Untracked 
|  91|0x00000000c5b00000, 0x00000000c5b00000, 0x00000000c5c00000|  0%| F|  |TAMS 0x00000000c5b00000, 0x00000000c5b00000| Untracked 
|  92|0x00000000c5c00000, 0x00000000c5c00000, 0x00000000c5d00000|  0%| F|  |TAMS 0x00000000c5c00000, 0x00000000c5c00000| Untracked 
|  93|0x00000000c5d00000, 0x00000000c5d00000, 0x00000000c5e00000|  0%| F|  |TAMS 0x00000000c5d00000, 0x00000000c5d00000| Untracked 
|  94|0x00000000c5e00000, 0x00000000c5e00000, 0x00000000c5f00000|  0%| F|  |TAMS 0x00000000c5e00000, 0x00000000c5e00000| Untracked 
|  95|0x00000000c5f00000, 0x00000000c5fffff0, 0x00000000c6000000| 99%| O|  |TAMS 0x00000000c5fffff0, 0x00000000c5f00000| Untracked 
|  96|0x00000000c6000000, 0x00000000c60fffe8, 0x00000000c6100000| 99%| O|  |TAMS 0x00000000c60fffe8, 0x00000000c6000000| Untracked 
|  97|0x00000000c6100000, 0x00000000c6100000, 0x00000000c6200000|  0%| F|  |TAMS 0x00000000c6100000, 0x00000000c6100000| Untracked 
|  98|0x00000000c6200000, 0x00000000c6200000, 0x00000000c6300000|  0%| F|  |TAMS 0x00000000c6200000, 0x00000000c6200000| Untracked 
|  99|0x00000000c6300000, 0x00000000c6300000, 0x00000000c6400000|  0%| F|  |TAMS 0x00000000c6300000, 0x00000000c6300000| Untracked 
| 100|0x00000000c6400000, 0x00000000c6400000, 0x00000000c6500000|  0%| F|  |TAMS 0x00000000c6400000, 0x00000000c6400000| Untracked 
| 101|0x00000000c6500000, 0x00000000c6500000, 0x00000000c6600000|  0%| F|  |TAMS 0x00000000c6500000, 0x00000000c6500000| Untracked 
| 102|0x00000000c6600000, 0x00000000c6600000, 0x00000000c6700000|  0%| F|  |TAMS 0x00000000c6600000, 0x00000000c6600000| Untracked 
| 103|0x00000000c6700000, 0x00000000c6700000, 0x00000000c6800000|  0%| F|  |TAMS 0x00000000c6700000, 0x00000000c6700000| Untracked 
| 104|0x00000000c6800000, 0x00000000c6800000, 0x00000000c6900000|  0%| F|  |TAMS 0x00000000c6800000, 0x00000000c6800000| Untracked 
| 105|0x00000000c6900000, 0x00000000c6900000, 0x00000000c6a00000|  0%| F|  |TAMS 0x00000000c6900000, 0x00000000c6900000| Untracked 
| 106|0x00000000c6a00000, 0x00000000c6a00000, 0x00000000c6b00000|  0%| F|  |TAMS 0x00000000c6a00000, 0x00000000c6a00000| Untracked 
| 107|0x00000000c6b00000, 0x00000000c6b00000, 0x00000000c6c00000|  0%| F|  |TAMS 0x00000000c6b00000, 0x00000000c6b00000| Untracked 
| 108|0x00000000c6c00000, 0x00000000c6c00000, 0x00000000c6d00000|  0%| F|  |TAMS 0x00000000c6c00000, 0x00000000c6c00000| Untracked 
| 109|0x00000000c6d00000, 0x00000000c6d00000, 0x00000000c6e00000|  0%| F|  |TAMS 0x00000000c6d00000, 0x00000000c6d00000| Untracked 
| 110|0x00000000c6e00000, 0x00000000c6e00000, 0x00000000c6f00000|  0%| F|  |TAMS 0x00000000c6e00000, 0x00000000c6e00000| Untracked 
| 111|0x00000000c6f00000, 0x00000000c6f00000, 0x00000000c7000000|  0%| F|  |TAMS 0x00000000c6f00000, 0x00000000c6f00000| Untracked 
| 112|0x00000000c7000000, 0x00000000c7000000, 0x00000000c7100000|  0%| F|  |TAMS 0x00000000c7000000, 0x00000000c7000000| Untracked 
| 113|0x00000000c7100000, 0x00000000c7100000, 0x00000000c7200000|  0%| F|  |TAMS 0x00000000c7100000, 0x00000000c7100000| Untracked 
| 114|0x00000000c7200000, 0x00000000c7200000, 0x00000000c7300000|  0%| F|  |TAMS 0x00000000c7200000, 0x00000000c7200000| Untracked 
| 115|0x00000000c7300000, 0x00000000c7300000, 0x00000000c7400000|  0%| F|  |TAMS 0x00000000c7300000, 0x00000000c7300000| Untracked 
| 116|0x00000000c7400000, 0x00000000c7400000, 0x00000000c7500000|  0%| F|  |TAMS 0x00000000c7400000, 0x00000000c7400000| Untracked 
| 117|0x00000000c7500000, 0x00000000c7500000, 0x00000000c7600000|  0%| F|  |TAMS 0x00000000c7500000, 0x00000000c7500000| Untracked 
| 118|0x00000000c7600000, 0x00000000c7600000, 0x00000000c7700000|  0%| F|  |TAMS 0x00000000c7600000, 0x00000000c7600000| Untracked 
| 119|0x00000000c7700000, 0x00000000c7700000, 0x00000000c7800000|  0%| F|  |TAMS 0x00000000c7700000, 0x00000000c7700000| Untracked 
| 120|0x00000000c7800000, 0x00000000c7800000, 0x00000000c7900000|  0%| F|  |TAMS 0x00000000c7800000, 0x00000000c7800000| Untracked 
| 121|0x00000000c7900000, 0x00000000c7900000, 0x00000000c7a00000|  0%| F|  |TAMS 0x00000000c7900000, 0x00000000c7900000| Untracked 
| 122|0x00000000c7a00000, 0x00000000c7a00000, 0x00000000c7b00000|  0%| F|  |TAMS 0x00000000c7a00000, 0x00000000c7a00000| Untracked 
| 123|0x00000000c7b00000, 0x00000000c7b00000, 0x00000000c7c00000|  0%| F|  |TAMS 0x00000000c7b00000, 0x00000000c7b00000| Untracked 
| 124|0x00000000c7c00000, 0x00000000c7d00000, 0x00000000c7d00000|100%|HS|  |TAMS 0x00000000c7d00000, 0x00000000c7c00000| Untracked 
| 125|0x00000000c7d00000, 0x00000000c7d00000, 0x00000000c7e00000|  0%| F|  |TAMS 0x00000000c7d00000, 0x00000000c7d00000| Untracked 
| 126|0x00000000c7e00000, 0x00000000c7e00000, 0x00000000c7f00000|  0%| F|  |TAMS 0x00000000c7e00000, 0x00000000c7e00000| Untracked 
| 127|0x00000000c7f00000, 0x00000000c7f00000, 0x00000000c8000000|  0%| F|  |TAMS 0x00000000c7f00000, 0x00000000c7f00000| Untracked 
| 128|0x00000000c8000000, 0x00000000c8000000, 0x00000000c8100000|  0%| F|  |TAMS 0x00000000c8000000, 0x00000000c8000000| Untracked 
| 129|0x00000000c8100000, 0x00000000c8100000, 0x00000000c8200000|  0%| F|  |TAMS 0x00000000c8100000, 0x00000000c8100000| Untracked 
| 130|0x00000000c8200000, 0x00000000c8200000, 0x00000000c8300000|  0%| F|  |TAMS 0x00000000c8200000, 0x00000000c8200000| Untracked 
| 131|0x00000000c8300000, 0x00000000c8400000, 0x00000000c8400000|100%| O|  |TAMS 0x00000000c8400000, 0x00000000c8300000| Untracked 
| 132|0x00000000c8400000, 0x00000000c8400000, 0x00000000c8500000|  0%| F|  |TAMS 0x00000000c8400000, 0x00000000c8400000| Untracked 
| 133|0x00000000c8500000, 0x00000000c8500000, 0x00000000c8600000|  0%| F|  |TAMS 0x00000000c8500000, 0x00000000c8500000| Untracked 
| 134|0x00000000c8600000, 0x00000000c8600000, 0x00000000c8700000|  0%| F|  |TAMS 0x00000000c8600000, 0x00000000c8600000| Untracked 
| 135|0x00000000c8700000, 0x00000000c8700000, 0x00000000c8800000|  0%| F|  |TAMS 0x00000000c8700000, 0x00000000c8700000| Untracked 
| 136|0x00000000c8800000, 0x00000000c8800000, 0x00000000c8900000|  0%| F|  |TAMS 0x00000000c8800000, 0x00000000c8800000| Untracked 
| 137|0x00000000c8900000, 0x00000000c8900000, 0x00000000c8a00000|  0%| F|  |TAMS 0x00000000c8900000, 0x00000000c8900000| Untracked 
| 138|0x00000000c8a00000, 0x00000000c8a00000, 0x00000000c8b00000|  0%| F|  |TAMS 0x00000000c8a00000, 0x00000000c8a00000| Untracked 
| 139|0x00000000c8b00000, 0x00000000c8b00000, 0x00000000c8c00000|  0%| F|  |TAMS 0x00000000c8b00000, 0x00000000c8b00000| Untracked 
| 140|0x00000000c8c00000, 0x00000000c8c00000, 0x00000000c8d00000|  0%| F|  |TAMS 0x00000000c8c00000, 0x00000000c8c00000| Untracked 
| 141|0x00000000c8d00000, 0x00000000c8e00000, 0x00000000c8e00000|100%| O|  |TAMS 0x00000000c8e00000, 0x00000000c8d00000| Untracked 
| 142|0x00000000c8e00000, 0x00000000c8e00000, 0x00000000c8f00000|  0%| F|  |TAMS 0x00000000c8e00000, 0x00000000c8e00000| Untracked 
| 143|0x00000000c8f00000, 0x00000000c8f00000, 0x00000000c9000000|  0%| F|  |TAMS 0x00000000c8f00000, 0x00000000c8f00000| Untracked 
| 144|0x00000000c9000000, 0x00000000c9000000, 0x00000000c9100000|  0%| F|  |TAMS 0x00000000c9000000, 0x00000000c9000000| Untracked 
| 145|0x00000000c9100000, 0x00000000c9100000, 0x00000000c9200000|  0%| F|  |TAMS 0x00000000c9100000, 0x00000000c9100000| Untracked 
| 146|0x00000000c9200000, 0x00000000c9200000, 0x00000000c9300000|  0%| F|  |TAMS 0x00000000c9200000, 0x00000000c9200000| Untracked 
| 147|0x00000000c9300000, 0x00000000c9300000, 0x00000000c9400000|  0%| F|  |TAMS 0x00000000c9300000, 0x00000000c9300000| Untracked 
| 148|0x00000000c9400000, 0x00000000c9400000, 0x00000000c9500000|  0%| F|  |TAMS 0x00000000c9400000, 0x00000000c9400000| Untracked 
| 149|0x00000000c9500000, 0x00000000c9500000, 0x00000000c9600000|  0%| F|  |TAMS 0x00000000c9500000, 0x00000000c9500000| Untracked 
| 150|0x00000000c9600000, 0x00000000c9600000, 0x00000000c9700000|  0%| F|  |TAMS 0x00000000c9600000, 0x00000000c9600000| Untracked 
| 151|0x00000000c9700000, 0x00000000c9700000, 0x00000000c9800000|  0%| F|  |TAMS 0x00000000c9700000, 0x00000000c9700000| Untracked 
| 152|0x00000000c9800000, 0x00000000c9800000, 0x00000000c9900000|  0%| F|  |TAMS 0x00000000c9800000, 0x00000000c9800000| Untracked 
| 153|0x00000000c9900000, 0x00000000c9900000, 0x00000000c9a00000|  0%| F|  |TAMS 0x00000000c9900000, 0x00000000c9900000| Untracked 
| 154|0x00000000c9a00000, 0x00000000c9a00000, 0x00000000c9b00000|  0%| F|  |TAMS 0x00000000c9a00000, 0x00000000c9a00000| Untracked 
| 155|0x00000000c9b00000, 0x00000000c9b00000, 0x00000000c9c00000|  0%| F|  |TAMS 0x00000000c9b00000, 0x00000000c9b00000| Untracked 
| 156|0x00000000c9c00000, 0x00000000c9c00000, 0x00000000c9d00000|  0%| F|  |TAMS 0x00000000c9c00000, 0x00000000c9c00000| Untracked 
| 157|0x00000000c9d00000, 0x00000000c9d00000, 0x00000000c9e00000|  0%| F|  |TAMS 0x00000000c9d00000, 0x00000000c9d00000| Untracked 
| 158|0x00000000c9e00000, 0x00000000c9e00000, 0x00000000c9f00000|  0%| F|  |TAMS 0x00000000c9e00000, 0x00000000c9e00000| Untracked 
| 159|0x00000000c9f00000, 0x00000000c9f00000, 0x00000000ca000000|  0%| F|  |TAMS 0x00000000c9f00000, 0x00000000c9f00000| Untracked 
| 160|0x00000000ca000000, 0x00000000ca000000, 0x00000000ca100000|  0%| F|  |TAMS 0x00000000ca000000, 0x00000000ca000000| Untracked 
| 161|0x00000000ca100000, 0x00000000ca100000, 0x00000000ca200000|  0%| F|  |TAMS 0x00000000ca100000, 0x00000000ca100000| Untracked 
| 162|0x00000000ca200000, 0x00000000ca200000, 0x00000000ca300000|  0%| F|  |TAMS 0x00000000ca200000, 0x00000000ca200000| Untracked 
| 163|0x00000000ca300000, 0x00000000ca300000, 0x00000000ca400000|  0%| F|  |TAMS 0x00000000ca300000, 0x00000000ca300000| Untracked 
| 164|0x00000000ca400000, 0x00000000ca400000, 0x00000000ca500000|  0%| F|  |TAMS 0x00000000ca400000, 0x00000000ca400000| Untracked 
| 165|0x00000000ca500000, 0x00000000ca500000, 0x00000000ca600000|  0%| F|  |TAMS 0x00000000ca500000, 0x00000000ca500000| Untracked 
| 166|0x00000000ca600000, 0x00000000ca600000, 0x00000000ca700000|  0%| F|  |TAMS 0x00000000ca600000, 0x00000000ca600000| Untracked 
| 167|0x00000000ca700000, 0x00000000ca700000, 0x00000000ca800000|  0%| F|  |TAMS 0x00000000ca700000, 0x00000000ca700000| Untracked 
| 168|0x00000000ca800000, 0x00000000ca800000, 0x00000000ca900000|  0%| F|  |TAMS 0x00000000ca800000, 0x00000000ca800000| Untracked 
| 169|0x00000000ca900000, 0x00000000ca900000, 0x00000000caa00000|  0%| F|  |TAMS 0x00000000ca900000, 0x00000000ca900000| Untracked 
| 170|0x00000000caa00000, 0x00000000caa00000, 0x00000000cab00000|  0%| F|  |TAMS 0x00000000caa00000, 0x00000000caa00000| Untracked 
| 171|0x00000000cab00000, 0x00000000cab00000, 0x00000000cac00000|  0%| F|  |TAMS 0x00000000cab00000, 0x00000000cab00000| Untracked 
| 172|0x00000000cac00000, 0x00000000cac00000, 0x00000000cad00000|  0%| F|  |TAMS 0x00000000cac00000, 0x00000000cac00000| Untracked 
| 173|0x00000000cad00000, 0x00000000cad00000, 0x00000000cae00000|  0%| F|  |TAMS 0x00000000cad00000, 0x00000000cad00000| Untracked 
| 174|0x00000000cae00000, 0x00000000cae00000, 0x00000000caf00000|  0%| F|  |TAMS 0x00000000cae00000, 0x00000000cae00000| Untracked 
| 175|0x00000000caf00000, 0x00000000caf00000, 0x00000000cb000000|  0%| F|  |TAMS 0x00000000caf00000, 0x00000000caf00000| Untracked 
| 176|0x00000000cb000000, 0x00000000cb000000, 0x00000000cb100000|  0%| F|  |TAMS 0x00000000cb000000, 0x00000000cb000000| Untracked 
| 177|0x00000000cb100000, 0x00000000cb100000, 0x00000000cb200000|  0%| F|  |TAMS 0x00000000cb100000, 0x00000000cb100000| Untracked 
| 178|0x00000000cb200000, 0x00000000cb200000, 0x00000000cb300000|  0%| F|  |TAMS 0x00000000cb200000, 0x00000000cb200000| Untracked 
| 179|0x00000000cb300000, 0x00000000cb300000, 0x00000000cb400000|  0%| F|  |TAMS 0x00000000cb300000, 0x00000000cb300000| Untracked 
| 180|0x00000000cb400000, 0x00000000cb400000, 0x00000000cb500000|  0%| F|  |TAMS 0x00000000cb400000, 0x00000000cb400000| Untracked 
| 181|0x00000000cb500000, 0x00000000cb500000, 0x00000000cb600000|  0%| F|  |TAMS 0x00000000cb500000, 0x00000000cb500000| Untracked 
| 182|0x00000000cb600000, 0x00000000cb600000, 0x00000000cb700000|  0%| F|  |TAMS 0x00000000cb600000, 0x00000000cb600000| Untracked 
| 183|0x00000000cb700000, 0x00000000cb700000, 0x00000000cb800000|  0%| F|  |TAMS 0x00000000cb700000, 0x00000000cb700000| Untracked 
| 184|0x00000000cb800000, 0x00000000cb800000, 0x00000000cb900000|  0%| F|  |TAMS 0x00000000cb800000, 0x00000000cb800000| Untracked 
| 185|0x00000000cb900000, 0x00000000cb900000, 0x00000000cba00000|  0%| F|  |TAMS 0x00000000cb900000, 0x00000000cb900000| Untracked 
| 186|0x00000000cba00000, 0x00000000cba00000, 0x00000000cbb00000|  0%| F|  |TAMS 0x00000000cba00000, 0x00000000cba00000| Untracked 
| 187|0x00000000cbb00000, 0x00000000cbb00000, 0x00000000cbc00000|  0%| F|  |TAMS 0x00000000cbb00000, 0x00000000cbb00000| Untracked 
| 188|0x00000000cbc00000, 0x00000000cbc00000, 0x00000000cbd00000|  0%| F|  |TAMS 0x00000000cbc00000, 0x00000000cbc00000| Untracked 
| 189|0x00000000cbd00000, 0x00000000cbd00000, 0x00000000cbe00000|  0%| F|  |TAMS 0x00000000cbd00000, 0x00000000cbd00000| Untracked 
| 190|0x00000000cbe00000, 0x00000000cbe00000, 0x00000000cbf00000|  0%| F|  |TAMS 0x00000000cbe00000, 0x00000000cbe00000| Untracked 
| 191|0x00000000cbf00000, 0x00000000cbf00000, 0x00000000cc000000|  0%| F|  |TAMS 0x00000000cbf00000, 0x00000000cbf00000| Untracked 
| 192|0x00000000cc000000, 0x00000000cc000000, 0x00000000cc100000|  0%| F|  |TAMS 0x00000000cc000000, 0x00000000cc000000| Untracked 
| 193|0x00000000cc100000, 0x00000000cc100000, 0x00000000cc200000|  0%| F|  |TAMS 0x00000000cc100000, 0x00000000cc100000| Untracked 
| 194|0x00000000cc200000, 0x00000000cc200000, 0x00000000cc300000|  0%| F|  |TAMS 0x00000000cc200000, 0x00000000cc200000| Untracked 
| 195|0x00000000cc300000, 0x00000000cc300000, 0x00000000cc400000|  0%| F|  |TAMS 0x00000000cc300000, 0x00000000cc300000| Untracked 
| 196|0x00000000cc400000, 0x00000000cc400000, 0x00000000cc500000|  0%| F|  |TAMS 0x00000000cc400000, 0x00000000cc400000| Untracked 
| 197|0x00000000cc500000, 0x00000000cc500000, 0x00000000cc600000|  0%| F|  |TAMS 0x00000000cc500000, 0x00000000cc500000| Untracked 
| 198|0x00000000cc600000, 0x00000000cc600000, 0x00000000cc700000|  0%| F|  |TAMS 0x00000000cc600000, 0x00000000cc600000| Untracked 
| 199|0x00000000cc700000, 0x00000000cc700000, 0x00000000cc800000|  0%| F|  |TAMS 0x00000000cc700000, 0x00000000cc700000| Untracked 
| 200|0x00000000cc800000, 0x00000000cc800000, 0x00000000cc900000|  0%| F|  |TAMS 0x00000000cc800000, 0x00000000cc800000| Untracked 
| 201|0x00000000cc900000, 0x00000000cc900000, 0x00000000cca00000|  0%| F|  |TAMS 0x00000000cc900000, 0x00000000cc900000| Untracked 
| 202|0x00000000cca00000, 0x00000000cca00000, 0x00000000ccb00000|  0%| F|  |TAMS 0x00000000cca00000, 0x00000000cca00000| Untracked 
| 203|0x00000000ccb00000, 0x00000000ccb00000, 0x00000000ccc00000|  0%| F|  |TAMS 0x00000000ccb00000, 0x00000000ccb00000| Untracked 
| 204|0x00000000ccc00000, 0x00000000ccc00000, 0x00000000ccd00000|  0%| F|  |TAMS 0x00000000ccc00000, 0x00000000ccc00000| Untracked 
| 205|0x00000000ccd00000, 0x00000000cce00000, 0x00000000cce00000|100%| O|  |TAMS 0x00000000cce00000, 0x00000000ccd00000| Untracked 
| 206|0x00000000cce00000, 0x00000000cce00000, 0x00000000ccf00000|  0%| F|  |TAMS 0x00000000cce00000, 0x00000000cce00000| Untracked 
| 207|0x00000000ccf00000, 0x00000000ccf00000, 0x00000000cd000000|  0%| F|  |TAMS 0x00000000ccf00000, 0x00000000ccf00000| Untracked 
| 208|0x00000000cd000000, 0x00000000cd000000, 0x00000000cd100000|  0%| F|  |TAMS 0x00000000cd000000, 0x00000000cd000000| Untracked 
| 209|0x00000000cd100000, 0x00000000cd200000, 0x00000000cd200000|100%| O|  |TAMS 0x00000000cd200000, 0x00000000cd100000| Untracked 
| 210|0x00000000cd200000, 0x00000000cd300000, 0x00000000cd300000|100%| O|  |TAMS 0x00000000cd300000, 0x00000000cd200000| Untracked 
| 211|0x00000000cd300000, 0x00000000cd300000, 0x00000000cd400000|  0%| F|  |TAMS 0x00000000cd300000, 0x00000000cd300000| Untracked 
| 212|0x00000000cd400000, 0x00000000cd500000, 0x00000000cd500000|100%| O|  |TAMS 0x00000000cd500000, 0x00000000cd400000| Untracked 
| 213|0x00000000cd500000, 0x00000000cd500000, 0x00000000cd600000|  0%| F|  |TAMS 0x00000000cd500000, 0x00000000cd500000| Untracked 
| 214|0x00000000cd600000, 0x00000000cd600000, 0x00000000cd700000|  0%| F|  |TAMS 0x00000000cd600000, 0x00000000cd600000| Untracked 
| 215|0x00000000cd700000, 0x00000000cd700000, 0x00000000cd800000|  0%| F|  |TAMS 0x00000000cd700000, 0x00000000cd700000| Untracked 
| 216|0x00000000cd800000, 0x00000000cd800000, 0x00000000cd900000|  0%| F|  |TAMS 0x00000000cd800000, 0x00000000cd800000| Untracked 
| 217|0x00000000cd900000, 0x00000000cd900000, 0x00000000cda00000|  0%| F|  |TAMS 0x00000000cd900000, 0x00000000cd900000| Untracked 
| 218|0x00000000cda00000, 0x00000000cdb00000, 0x00000000cdb00000|100%| O|  |TAMS 0x00000000cdb00000, 0x00000000cda00000| Untracked 
| 219|0x00000000cdb00000, 0x00000000cdc00000, 0x00000000cdc00000|100%| O|  |TAMS 0x00000000cdc00000, 0x00000000cdb00000| Untracked 
| 220|0x00000000cdc00000, 0x00000000cdc00000, 0x00000000cdd00000|  0%| F|  |TAMS 0x00000000cdc00000, 0x00000000cdc00000| Untracked 
| 221|0x00000000cdd00000, 0x00000000cdd00000, 0x00000000cde00000|  0%| F|  |TAMS 0x00000000cdd00000, 0x00000000cdd00000| Untracked 
| 222|0x00000000cde00000, 0x00000000cde00000, 0x00000000cdf00000|  0%| F|  |TAMS 0x00000000cde00000, 0x00000000cde00000| Untracked 
| 223|0x00000000cdf00000, 0x00000000cdf00000, 0x00000000ce000000|  0%| F|  |TAMS 0x00000000cdf00000, 0x00000000cdf00000| Untracked 
| 224|0x00000000ce000000, 0x00000000ce000000, 0x00000000ce100000|  0%| F|  |TAMS 0x00000000ce000000, 0x00000000ce000000| Untracked 
| 225|0x00000000ce100000, 0x00000000ce100000, 0x00000000ce200000|  0%| F|  |TAMS 0x00000000ce100000, 0x00000000ce100000| Untracked 
| 226|0x00000000ce200000, 0x00000000ce200000, 0x00000000ce300000|  0%| F|  |TAMS 0x00000000ce200000, 0x00000000ce200000| Untracked 
| 227|0x00000000ce300000, 0x00000000ce300000, 0x00000000ce400000|  0%| F|  |TAMS 0x00000000ce300000, 0x00000000ce300000| Untracked 
| 228|0x00000000ce400000, 0x00000000ce400000, 0x00000000ce500000|  0%| F|  |TAMS 0x00000000ce400000, 0x00000000ce400000| Untracked 
| 229|0x00000000ce500000, 0x00000000ce500000, 0x00000000ce600000|  0%| F|  |TAMS 0x00000000ce500000, 0x00000000ce500000| Untracked 
| 230|0x00000000ce600000, 0x00000000ce600000, 0x00000000ce700000|  0%| F|  |TAMS 0x00000000ce600000, 0x00000000ce600000| Untracked 
| 231|0x00000000ce700000, 0x00000000ce700000, 0x00000000ce800000|  0%| F|  |TAMS 0x00000000ce700000, 0x00000000ce700000| Untracked 
| 232|0x00000000ce800000, 0x00000000ce800000, 0x00000000ce900000|  0%| F|  |TAMS 0x00000000ce800000, 0x00000000ce800000| Untracked 
| 233|0x00000000ce900000, 0x00000000ce900000, 0x00000000cea00000|  0%| F|  |TAMS 0x00000000ce900000, 0x00000000ce900000| Untracked 
| 234|0x00000000cea00000, 0x00000000cea00000, 0x00000000ceb00000|  0%| F|  |TAMS 0x00000000cea00000, 0x00000000cea00000| Untracked 
| 235|0x00000000ceb00000, 0x00000000ceb00000, 0x00000000cec00000|  0%| F|  |TAMS 0x00000000ceb00000, 0x00000000ceb00000| Untracked 
| 236|0x00000000cec00000, 0x00000000cec00000, 0x00000000ced00000|  0%| F|  |TAMS 0x00000000cec00000, 0x00000000cec00000| Untracked 
| 237|0x00000000ced00000, 0x00000000ced00000, 0x00000000cee00000|  0%| F|  |TAMS 0x00000000ced00000, 0x00000000ced00000| Untracked 
| 238|0x00000000cee00000, 0x00000000cee00000, 0x00000000cef00000|  0%| F|  |TAMS 0x00000000cee00000, 0x00000000cee00000| Untracked 
| 239|0x00000000cef00000, 0x00000000cef00000, 0x00000000cf000000|  0%| F|  |TAMS 0x00000000cef00000, 0x00000000cef00000| Untracked 
| 240|0x00000000cf000000, 0x00000000cf000000, 0x00000000cf100000|  0%| F|  |TAMS 0x00000000cf000000, 0x00000000cf000000| Untracked 
| 241|0x00000000cf100000, 0x00000000cf100000, 0x00000000cf200000|  0%| F|  |TAMS 0x00000000cf100000, 0x00000000cf100000| Untracked 
| 242|0x00000000cf200000, 0x00000000cf200000, 0x00000000cf300000|  0%| F|  |TAMS 0x00000000cf200000, 0x00000000cf200000| Untracked 
| 243|0x00000000cf300000, 0x00000000cf300000, 0x00000000cf400000|  0%| F|  |TAMS 0x00000000cf300000, 0x00000000cf300000| Untracked 
| 244|0x00000000cf400000, 0x00000000cf400000, 0x00000000cf500000|  0%| F|  |TAMS 0x00000000cf400000, 0x00000000cf400000| Untracked 
| 245|0x00000000cf500000, 0x00000000cf500000, 0x00000000cf600000|  0%| F|  |TAMS 0x00000000cf500000, 0x00000000cf500000| Untracked 
| 246|0x00000000cf600000, 0x00000000cf600000, 0x00000000cf700000|  0%| F|  |TAMS 0x00000000cf600000, 0x00000000cf600000| Untracked 
| 247|0x00000000cf700000, 0x00000000cf700000, 0x00000000cf800000|  0%| F|  |TAMS 0x00000000cf700000, 0x00000000cf700000| Untracked 
| 248|0x00000000cf800000, 0x00000000cf800000, 0x00000000cf900000|  0%| F|  |TAMS 0x00000000cf800000, 0x00000000cf800000| Untracked 
| 249|0x00000000cf900000, 0x00000000cf900000, 0x00000000cfa00000|  0%| F|  |TAMS 0x00000000cf900000, 0x00000000cf900000| Untracked 
| 250|0x00000000cfa00000, 0x00000000cfa00000, 0x00000000cfb00000|  0%| F|  |TAMS 0x00000000cfa00000, 0x00000000cfa00000| Untracked 
| 251|0x00000000cfb00000, 0x00000000cfb00000, 0x00000000cfc00000|  0%| F|  |TAMS 0x00000000cfb00000, 0x00000000cfb00000| Untracked 
| 252|0x00000000cfc00000, 0x00000000cfc00000, 0x00000000cfd00000|  0%| F|  |TAMS 0x00000000cfc00000, 0x00000000cfc00000| Untracked 
| 253|0x00000000cfd00000, 0x00000000cfd00000, 0x00000000cfe00000|  0%| F|  |TAMS 0x00000000cfd00000, 0x00000000cfd00000| Untracked 
| 254|0x00000000cfe00000, 0x00000000cfe00000, 0x00000000cff00000|  0%| F|  |TAMS 0x00000000cfe00000, 0x00000000cfe00000| Untracked 
| 255|0x00000000cff00000, 0x00000000cff00000, 0x00000000d0000000|  0%| F|  |TAMS 0x00000000cff00000, 0x00000000cff00000| Untracked 
| 256|0x00000000d0000000, 0x00000000d0000000, 0x00000000d0100000|  0%| F|  |TAMS 0x00000000d0000000, 0x00000000d0000000| Untracked 
| 257|0x00000000d0100000, 0x00000000d0100000, 0x00000000d0200000|  0%| F|  |TAMS 0x00000000d0100000, 0x00000000d0100000| Untracked 
| 258|0x00000000d0200000, 0x00000000d0200000, 0x00000000d0300000|  0%| F|  |TAMS 0x00000000d0200000, 0x00000000d0200000| Untracked 
| 259|0x00000000d0300000, 0x00000000d0300000, 0x00000000d0400000|  0%| F|  |TAMS 0x00000000d0300000, 0x00000000d0300000| Untracked 
| 260|0x00000000d0400000, 0x00000000d0400000, 0x00000000d0500000|  0%| F|  |TAMS 0x00000000d0400000, 0x00000000d0400000| Untracked 
| 261|0x00000000d0500000, 0x00000000d0500000, 0x00000000d0600000|  0%| F|  |TAMS 0x00000000d0500000, 0x00000000d0500000| Untracked 
| 262|0x00000000d0600000, 0x00000000d0600000, 0x00000000d0700000|  0%| F|  |TAMS 0x00000000d0600000, 0x00000000d0600000| Untracked 
| 263|0x00000000d0700000, 0x00000000d0700000, 0x00000000d0800000|  0%| F|  |TAMS 0x00000000d0700000, 0x00000000d0700000| Untracked 
| 264|0x00000000d0800000, 0x00000000d0800000, 0x00000000d0900000|  0%| F|  |TAMS 0x00000000d0800000, 0x00000000d0800000| Untracked 
| 265|0x00000000d0900000, 0x00000000d0900000, 0x00000000d0a00000|  0%| F|  |TAMS 0x00000000d0900000, 0x00000000d0900000| Untracked 
| 266|0x00000000d0a00000, 0x00000000d0a00000, 0x00000000d0b00000|  0%| F|  |TAMS 0x00000000d0a00000, 0x00000000d0a00000| Untracked 
| 267|0x00000000d0b00000, 0x00000000d0b00000, 0x00000000d0c00000|  0%| F|  |TAMS 0x00000000d0b00000, 0x00000000d0b00000| Untracked 
| 268|0x00000000d0c00000, 0x00000000d0c00000, 0x00000000d0d00000|  0%| F|  |TAMS 0x00000000d0c00000, 0x00000000d0c00000| Untracked 
| 269|0x00000000d0d00000, 0x00000000d0d00000, 0x00000000d0e00000|  0%| F|  |TAMS 0x00000000d0d00000, 0x00000000d0d00000| Untracked 
| 270|0x00000000d0e00000, 0x00000000d0e00000, 0x00000000d0f00000|  0%| F|  |TAMS 0x00000000d0e00000, 0x00000000d0e00000| Untracked 
| 271|0x00000000d0f00000, 0x00000000d0f00000, 0x00000000d1000000|  0%| F|  |TAMS 0x00000000d0f00000, 0x00000000d0f00000| Untracked 
| 272|0x00000000d1000000, 0x00000000d1000000, 0x00000000d1100000|  0%| F|  |TAMS 0x00000000d1000000, 0x00000000d1000000| Untracked 
| 273|0x00000000d1100000, 0x00000000d1100000, 0x00000000d1200000|  0%| F|  |TAMS 0x00000000d1100000, 0x00000000d1100000| Untracked 
| 274|0x00000000d1200000, 0x00000000d1200000, 0x00000000d1300000|  0%| F|  |TAMS 0x00000000d1200000, 0x00000000d1200000| Untracked 
| 275|0x00000000d1300000, 0x00000000d1300000, 0x00000000d1400000|  0%| F|  |TAMS 0x00000000d1300000, 0x00000000d1300000| Untracked 
| 276|0x00000000d1400000, 0x00000000d1400000, 0x00000000d1500000|  0%| F|  |TAMS 0x00000000d1400000, 0x00000000d1400000| Untracked 
| 277|0x00000000d1500000, 0x00000000d1500000, 0x00000000d1600000|  0%| F|  |TAMS 0x00000000d1500000, 0x00000000d1500000| Untracked 
| 278|0x00000000d1600000, 0x00000000d1600000, 0x00000000d1700000|  0%| F|  |TAMS 0x00000000d1600000, 0x00000000d1600000| Untracked 
| 279|0x00000000d1700000, 0x00000000d170b460, 0x00000000d1800000|  4%| E|  |TAMS 0x00000000d1700000, 0x00000000d1700000| Complete 
| 324|0x00000000d4400000, 0x00000000d4500000, 0x00000000d4500000|100%|HS|  |TAMS 0x00000000d4500000, 0x00000000d4400000| Untracked 
| 325|0x00000000d4500000, 0x00000000d4600000, 0x00000000d4600000|100%|HC|  |TAMS 0x00000000d4600000, 0x00000000d4500000| Untracked 
| 326|0x00000000d4600000, 0x00000000d4700000, 0x00000000d4700000|100%|HC|  |TAMS 0x00000000d4700000, 0x00000000d4600000| Untracked 
| 357|0x00000000d6500000, 0x00000000d6600000, 0x00000000d6600000|100%| O|  |TAMS 0x00000000d6600000, 0x00000000d6500000| Untracked 

Card table byte_map: [0x00000172f2dc0000,0x00000172f2fc0000] _byte_map_base: 0x00000172f27c0000

Marking Bits (Prev, Next): (CMBitMap*) 0x00000172ece61260, (CMBitMap*) 0x00000172ece61220
 Prev Bits: [0x00000172f41c0000, 0x00000172f51c0000)
 Next Bits: [0x00000172f31c0000, 0x00000172f41c0000)

Polling page: 0x00000172eadd0000

Metaspace:

Usage:
  Non-class:     60.49 MB used.
      Class:      9.66 MB used.
       Both:     70.14 MB used.

Virtual space:
  Non-class space:       64.00 MB reserved,      60.75 MB ( 95%) committed,  1 nodes.
      Class space:        1.00 GB reserved,       9.88 MB ( <1%) committed,  1 nodes.
             Both:        1.06 GB reserved,      70.62 MB (  6%) committed. 

Chunk freelists:
   Non-Class:  2.82 MB
       Class:  6.06 MB
        Both:  8.88 MB

MaxMetaspaceSize: unlimited
CompressedClassSpaceSize: 1.00 GB
Initial GC threshold: 21.00 MB
Current GC threshold: 117.75 MB
CDS: off
MetaspaceReclaimPolicy: balanced
 - commit_granule_bytes: 65536.
 - commit_granule_words: 8192.
 - virtual_space_node_default_size: 8388608.
 - enlarge_chunks_in_place: 1.
 - new_chunks_are_fully_committed: 0.
 - uncommit_free_chunks: 1.
 - use_allocation_guard: 0.
 - handle_deallocations: 1.


Internal statistics:

num_allocs_failed_limit: 6.
num_arena_births: 850.
num_arena_deaths: 296.
num_vsnodes_births: 2.
num_vsnodes_deaths: 0.
num_space_committed: 1130.
num_space_uncommitted: 0.
num_chunks_returned_to_freelist: 368.
num_chunks_taken_from_freelist: 3372.
num_chunk_merges: 120.
num_chunk_splits: 2258.
num_chunks_enlarged: 1655.
num_inconsistent_stats: 0.

CodeCache: size=49152Kb used=21785Kb max_used=23270Kb free=27367Kb
 bounds [0x00000172efab0000, 0x00000172f1190000, 0x00000172f2ab0000]
 total_blobs=12534 nmethods=11840 adapters=618
 compilation: enabled
              stopped_count=0, restarted_count=0
 full_count=0

Compilation events (20 events):
Event: 69537.980 Thread 0x00000172fc03e6d0 12006       1       java.util.concurrent.SynchronousQueue::poll (38 bytes)
Event: 69537.980 Thread 0x00000172fc03e6d0 nmethod 12006 0x00000172f1182990 code [0x00000172f1182b60, 0x00000172f1182d78]
Event: 69537.981 Thread 0x00000172fc03e6d0 12007       1       org.eclipse.lsp4j.jsonrpc.CompletableFutures::computeAsync (30 bytes)
Event: 69537.981 Thread 0x00000172fc03e6d0 nmethod 12007 0x00000172f1182310 code [0x00000172f11824e0, 0x00000172f1182828]
Event: 69537.981 Thread 0x00000172fc03e6d0 12008       1       java.util.concurrent.CompletableFuture::thenApplyAsync (10 bytes)
Event: 69537.982 Thread 0x00000172fc03e6d0 nmethod 12008 0x00000172f1181f10 code [0x00000172f11820c0, 0x00000172f1182238]
Event: 69537.982 Thread 0x00000172fc03e6d0 12009       1       org.eclipse.lsp4j.jsonrpc.CompletableFutures$FutureCancelChecker::<init> (10 bytes)
Event: 69537.982 Thread 0x00000172fc03e6d0 nmethod 12009 0x00000172f1181c10 code [0x00000172f1181da0, 0x00000172f1181eb8]
Event: 69537.982 Thread 0x00000172fc03e6d0 12010       1       java.util.concurrent.CompletableFuture$Completion::run (7 bytes)
Event: 69537.982 Thread 0x00000172fc03e6d0 nmethod 12010 0x00000172f1181910 code [0x00000172f1181aa0, 0x00000172f1181b88]
Event: 69649.713 Thread 0x00000172fc03e6d0 12011       1       java.lang.StringConcatHelper::mix (11 bytes)
Event: 69649.713 Thread 0x00000172fc03e6d0 nmethod 12011 0x00000172f1181510 code [0x00000172f11816c0, 0x00000172f1181818]
Event: 69649.713 Thread 0x00000172fc03e6d0 12012       1       java.lang.StringConcatHelper::prepend (22 bytes)
Event: 69649.714 Thread 0x00000172fc03e6d0 nmethod 12012 0x00000172f1181110 code [0x00000172f11812c0, 0x00000172f1181428]
Event: 69649.714 Thread 0x00000172fc03e6d0 12013       1       java.lang.StringConcatHelper::prepend (30 bytes)
Event: 69649.714 Thread 0x00000172fc03e6d0 nmethod 12013 0x00000172f1180d90 code [0x00000172f1180f40, 0x00000172f1181078]
Event: 69690.271 Thread 0x00000172fc03e6d0 12014       1       java.lang.invoke.LambdaForm$MH/0x0000000100356800::invoke (27 bytes)
Event: 69690.271 Thread 0x00000172fc03e6d0 nmethod 12014 0x00000172f1180990 code [0x00000172f1180b40, 0x00000172f1180c98]
Event: 69829.258 Thread 0x00000172fc03e6d0 12015       1       java.lang.Thread::run (17 bytes)
Event: 69829.259 Thread 0x00000172fc03e6d0 nmethod 12015 0x00000172f1180690 code [0x00000172f1180820, 0x00000172f1180908]

GC Heap History (20 events):
Event: 73067.873 GC heap before
{Heap before GC invocations=3396 (full 3309):
 garbage-first heap   total 290816K, used 85902K [0x00000000c0000000, 0x0000000100000000)
  region size 1024K, 1 young (1024K), 0 survivors (0K)
 Metaspace       used 71826K, committed 72320K, reserved 1114112K
  class space    used 9887K, committed 10112K, reserved 1048576K
}
Event: 73067.928 GC heap after
{Heap after GC invocations=3397 (full 3310):
 garbage-first heap   total 290816K, used 85902K [0x00000000c0000000, 0x0000000100000000)
  region size 1024K, 0 young (0K), 0 survivors (0K)
 Metaspace       used 71826K, committed 72320K, reserved 1114112K
  class space    used 9887K, committed 10112K, reserved 1048576K
}
Event: 73078.177 GC heap before
{Heap before GC invocations=3397 (full 3310):
 garbage-first heap   total 290816K, used 85902K [0x00000000c0000000, 0x0000000100000000)
  region size 1024K, 1 young (1024K), 0 survivors (0K)
 Metaspace       used 71826K, committed 72320K, reserved 1114112K
  class space    used 9887K, committed 10112K, reserved 1048576K
}
Event: 73078.239 GC heap after
{Heap after GC invocations=3398 (full 3311):
 garbage-first heap   total 290816K, used 85902K [0x00000000c0000000, 0x0000000100000000)
  region size 1024K, 0 young (0K), 0 survivors (0K)
 Metaspace       used 71826K, committed 72320K, reserved 1114112K
  class space    used 9887K, committed 10112K, reserved 1048576K
}
Event: 73088.467 GC heap before
{Heap before GC invocations=3398 (full 3311):
 garbage-first heap   total 290816K, used 85902K [0x00000000c0000000, 0x0000000100000000)
  region size 1024K, 1 young (1024K), 0 survivors (0K)
 Metaspace       used 71826K, committed 72320K, reserved 1114112K
  class space    used 9887K, committed 10112K, reserved 1048576K
}
Event: 73088.533 GC heap after
{Heap after GC invocations=3399 (full 3312):
 garbage-first heap   total 290816K, used 85902K [0x00000000c0000000, 0x0000000100000000)
  region size 1024K, 0 young (0K), 0 survivors (0K)
 Metaspace       used 71826K, committed 72320K, reserved 1114112K
  class space    used 9887K, committed 10112K, reserved 1048576K
}
Event: 73098.752 GC heap before
{Heap before GC invocations=3399 (full 3312):
 garbage-first heap   total 290816K, used 85902K [0x00000000c0000000, 0x0000000100000000)
  region size 1024K, 1 young (1024K), 0 survivors (0K)
 Metaspace       used 71826K, committed 72320K, reserved 1114112K
  class space    used 9887K, committed 10112K, reserved 1048576K
}
Event: 73098.824 GC heap after
{Heap after GC invocations=3400 (full 3313):
 garbage-first heap   total 290816K, used 85902K [0x00000000c0000000, 0x0000000100000000)
  region size 1024K, 0 young (0K), 0 survivors (0K)
 Metaspace       used 71826K, committed 72320K, reserved 1114112K
  class space    used 9887K, committed 10112K, reserved 1048576K
}
Event: 73109.048 GC heap before
{Heap before GC invocations=3400 (full 3313):
 garbage-first heap   total 290816K, used 85902K [0x00000000c0000000, 0x0000000100000000)
  region size 1024K, 1 young (1024K), 0 survivors (0K)
 Metaspace       used 71826K, committed 72320K, reserved 1114112K
  class space    used 9887K, committed 10112K, reserved 1048576K
}
Event: 73109.102 GC heap after
{Heap after GC invocations=3401 (full 3314):
 garbage-first heap   total 290816K, used 85902K [0x00000000c0000000, 0x0000000100000000)
  region size 1024K, 0 young (0K), 0 survivors (0K)
 Metaspace       used 71826K, committed 72320K, reserved 1114112K
  class space    used 9887K, committed 10112K, reserved 1048576K
}
Event: 73119.325 GC heap before
{Heap before GC invocations=3401 (full 3314):
 garbage-first heap   total 290816K, used 85902K [0x00000000c0000000, 0x0000000100000000)
  region size 1024K, 1 young (1024K), 0 survivors (0K)
 Metaspace       used 71826K, committed 72320K, reserved 1114112K
  class space    used 9887K, committed 10112K, reserved 1048576K
}
Event: 73119.399 GC heap after
{Heap after GC invocations=3402 (full 3315):
 garbage-first heap   total 290816K, used 85902K [0x00000000c0000000, 0x0000000100000000)
  region size 1024K, 0 young (0K), 0 survivors (0K)
 Metaspace       used 71826K, committed 72320K, reserved 1114112K
  class space    used 9887K, committed 10112K, reserved 1048576K
}
Event: 73129.603 GC heap before
{Heap before GC invocations=3402 (full 3315):
 garbage-first heap   total 290816K, used 85902K [0x00000000c0000000, 0x0000000100000000)
  region size 1024K, 1 young (1024K), 0 survivors (0K)
 Metaspace       used 71826K, committed 72320K, reserved 1114112K
  class space    used 9887K, committed 10112K, reserved 1048576K
}
Event: 73129.662 GC heap after
{Heap after GC invocations=3403 (full 3316):
 garbage-first heap   total 290816K, used 85902K [0x00000000c0000000, 0x0000000100000000)
  region size 1024K, 0 young (0K), 0 survivors (0K)
 Metaspace       used 71826K, committed 72320K, reserved 1114112K
  class space    used 9887K, committed 10112K, reserved 1048576K
}
Event: 73139.864 GC heap before
{Heap before GC invocations=3403 (full 3316):
 garbage-first heap   total 290816K, used 85902K [0x00000000c0000000, 0x0000000100000000)
  region size 1024K, 1 young (1024K), 0 survivors (0K)
 Metaspace       used 71826K, committed 72320K, reserved 1114112K
  class space    used 9887K, committed 10112K, reserved 1048576K
}
Event: 73139.931 GC heap after
{Heap after GC invocations=3404 (full 3317):
 garbage-first heap   total 290816K, used 85902K [0x00000000c0000000, 0x0000000100000000)
  region size 1024K, 0 young (0K), 0 survivors (0K)
 Metaspace       used 71826K, committed 72320K, reserved 1114112K
  class space    used 9887K, committed 10112K, reserved 1048576K
}
Event: 73150.183 GC heap before
{Heap before GC invocations=3404 (full 3317):
 garbage-first heap   total 290816K, used 85902K [0x00000000c0000000, 0x0000000100000000)
  region size 1024K, 1 young (1024K), 0 survivors (0K)
 Metaspace       used 71826K, committed 72320K, reserved 1114112K
  class space    used 9887K, committed 10112K, reserved 1048576K
}
Event: 73150.239 GC heap after
{Heap after GC invocations=3405 (full 3318):
 garbage-first heap   total 290816K, used 85902K [0x00000000c0000000, 0x0000000100000000)
  region size 1024K, 0 young (0K), 0 survivors (0K)
 Metaspace       used 71826K, committed 72320K, reserved 1114112K
  class space    used 9887K, committed 10112K, reserved 1048576K
}
Event: 73160.470 GC heap before
{Heap before GC invocations=3405 (full 3318):
 garbage-first heap   total 290816K, used 85902K [0x00000000c0000000, 0x0000000100000000)
  region size 1024K, 1 young (1024K), 0 survivors (0K)
 Metaspace       used 71826K, committed 72320K, reserved 1114112K
  class space    used 9887K, committed 10112K, reserved 1048576K
}
Event: 73160.530 GC heap after
{Heap after GC invocations=3406 (full 3319):
 garbage-first heap   total 290816K, used 85902K [0x00000000c0000000, 0x0000000100000000)
  region size 1024K, 0 young (0K), 0 survivors (0K)
 Metaspace       used 71826K, committed 72320K, reserved 1114112K
  class space    used 9887K, committed 10112K, reserved 1048576K
}

Dll operation events (10 events):
Event: 0.025 Loaded shared library c:\Users\nayem\.vscode\extensions\redhat.java-1.19.0-win32-x64\jre\17.0.7-win32-x86_64\bin\java.dll
Event: 1.089 Loaded shared library C:\Users\nayem\.vscode\extensions\redhat.java-1.19.0-win32-x64\jre\17.0.7-win32-x86_64\bin\net.dll
Event: 1.116 Loaded shared library C:\Users\nayem\.vscode\extensions\redhat.java-1.19.0-win32-x64\jre\17.0.7-win32-x86_64\bin\nio.dll
Event: 1.654 Loaded shared library C:\Users\nayem\.vscode\extensions\redhat.java-1.19.0-win32-x64\jre\17.0.7-win32-x86_64\bin\zip.dll
Event: 9.763 Loaded shared library C:\Users\nayem\.vscode\extensions\redhat.java-1.19.0-win32-x64\jre\17.0.7-win32-x86_64\bin\jimage.dll
Event: 17.925 Loaded shared library C:\Users\nayem\.vscode\extensions\redhat.java-1.19.0-win32-x64\jre\17.0.7-win32-x86_64\bin\management.dll
Event: 17.971 Loaded shared library C:\Users\nayem\.vscode\extensions\redhat.java-1.19.0-win32-x64\jre\17.0.7-win32-x86_64\bin\management_ext.dll
Event: 22.032 Loaded shared library C:\Users\nayem\.vscode\extensions\redhat.java-1.19.0-win32-x64\jre\17.0.7-win32-x86_64\bin\sunmscapi.dll
Event: 39.656 Loaded shared library c:\Users\nayem\.vscode\extensions\redhat.java-1.19.0-win32-x64\jre\17.0.7-win32-x86_64\bin\verify.dll
Event: 46.498 Loaded shared library C:\Users\nayem\AppData\Local\Temp\snappy-1.1.8-553a43f5-2060-4044-8efd-992116800f71-snappyjava.dll

Deoptimization events (20 events):
Event: 360.748 Thread 0x00000172fd9110c0 DEOPT PACKING pc=0x00000172f045fa24 sp=0x0000002ac43feee0
Event: 360.748 Thread 0x00000172fd9110c0 DEOPT UNPACKING pc=0x00000172efb07143 sp=0x0000002ac43fe3c8 mode 0
Event: 360.750 Thread 0x00000172fd90bef0 DEOPT PACKING pc=0x00000172f045fa24 sp=0x0000002ac54fe960
Event: 360.750 Thread 0x00000172fd90bef0 DEOPT UNPACKING pc=0x00000172efb07143 sp=0x0000002ac54fde48 mode 0
Event: 42816.577 Thread 0x00000172fd90d700 DEOPT PACKING pc=0x00000172f0cf86b6 sp=0x0000002ac42fcef0
Event: 42816.578 Thread 0x00000172fd90d700 DEOPT UNPACKING pc=0x00000172efb07143 sp=0x0000002ac42fc3e8 mode 3
Event: 42825.710 Thread 0x00000172fd77eb90 DEOPT PACKING pc=0x00000172f0ea38a0 sp=0x0000002ac84fdd20
Event: 42825.710 Thread 0x00000172fd77eb90 DEOPT UNPACKING pc=0x00000172efb07143 sp=0x0000002ac84fd1a0 mode 3
Event: 42825.743 Thread 0x00000172fd77eb90 DEOPT PACKING pc=0x00000172f045a2c4 sp=0x0000002ac84fe2b0
Event: 42825.744 Thread 0x00000172fd77eb90 DEOPT UNPACKING pc=0x00000172efb07143 sp=0x0000002ac84fd790 mode 0
Event: 42825.744 Thread 0x00000172fd77eb90 DEOPT PACKING pc=0x00000172f0c986cc sp=0x0000002ac84fe350
Event: 42825.744 Thread 0x00000172fd77eb90 DEOPT UNPACKING pc=0x00000172efb07143 sp=0x0000002ac84fd830 mode 0
Event: 42825.744 Thread 0x00000172fd77eb90 DEOPT PACKING pc=0x00000172f045a2c4 sp=0x0000002ac84fe470
Event: 42825.744 Thread 0x00000172fd77eb90 DEOPT UNPACKING pc=0x00000172efb07143 sp=0x0000002ac84fd950 mode 0
Event: 42825.744 Thread 0x00000172fd77eb90 DEOPT PACKING pc=0x00000172f0c986cc sp=0x0000002ac84fe510
Event: 42825.744 Thread 0x00000172fd77eb90 DEOPT UNPACKING pc=0x00000172efb07143 sp=0x0000002ac84fd9f0 mode 0
Event: 42825.748 Thread 0x00000172fd77eb90 DEOPT PACKING pc=0x00000172f045a2c4 sp=0x0000002ac84fe7c0
Event: 42825.748 Thread 0x00000172fd77eb90 DEOPT UNPACKING pc=0x00000172efb07143 sp=0x0000002ac84fdca0 mode 0
Event: 42825.748 Thread 0x00000172fd77eb90 DEOPT PACKING pc=0x00000172f0c986cc sp=0x0000002ac84fe860
Event: 42825.748 Thread 0x00000172fd77eb90 DEOPT UNPACKING pc=0x00000172efb07143 sp=0x0000002ac84fdd40 mode 0

Classes unloaded (20 events):
Event: 43022.575 Thread 0x00000172f7c58930 Unloading class 0x000000010039c400 'java/lang/invoke/LambdaForm$MH+0x000000010039c400'
Event: 43022.575 Thread 0x00000172f7c58930 Unloading class 0x000000010008b800 'java/lang/invoke/LambdaForm$MH+0x000000010008b800'
Event: 43022.575 Thread 0x00000172f7c58930 Unloading class 0x000000010008a400 'java/lang/invoke/LambdaForm$MH+0x000000010008a400'
Event: 43022.575 Thread 0x00000172f7c58930 Unloading class 0x0000000100089c00 'java/lang/invoke/LambdaForm$MH+0x0000000100089c00'
Event: 43053.434 Thread 0x00000172f7c58930 Unloading class 0x00000001009ed000 'jdk/internal/reflect/GeneratedConstructorAccessor64'
Event: 43053.434 Thread 0x00000172f7c58930 Unloading class 0x00000001009ecc00 'jdk/internal/reflect/GeneratedConstructorAccessor63'
Event: 43053.434 Thread 0x00000172f7c58930 Unloading class 0x00000001009ec800 'jdk/internal/reflect/GeneratedConstructorAccessor62'
Event: 43053.434 Thread 0x00000172f7c58930 Unloading class 0x00000001009ec400 'jdk/internal/reflect/GeneratedConstructorAccessor61'
Event: 43053.434 Thread 0x00000172f7c58930 Unloading class 0x00000001009ec000 'jdk/internal/reflect/GeneratedMethodAccessor33'
Event: 43074.134 Thread 0x00000172f7c58930 Unloading class 0x00000001009f5c00 'java/lang/invoke/LambdaForm$MH+0x00000001009f5c00'
Event: 43074.134 Thread 0x00000172f7c58930 Unloading class 0x00000001009f5800 'java/lang/invoke/LambdaForm$MH+0x00000001009f5800'
Event: 43074.134 Thread 0x00000172f7c58930 Unloading class 0x00000001009f5400 'java/lang/invoke/LambdaForm$MH+0x00000001009f5400'
Event: 43074.134 Thread 0x00000172f7c58930 Unloading class 0x00000001009f5000 'java/lang/invoke/LambdaForm$MH+0x00000001009f5000'
Event: 43074.134 Thread 0x00000172f7c58930 Unloading class 0x00000001009f4c00 'jdk/internal/reflect/GeneratedConstructorAccessor65'
Event: 43074.134 Thread 0x00000172f7c58930 Unloading class 0x00000001009f4400 'java/lang/invoke/LambdaForm$MH+0x00000001009f4400'
Event: 43074.134 Thread 0x00000172f7c58930 Unloading class 0x00000001009f4000 'java/lang/invoke/LambdaForm$MH+0x00000001009f4000'
Event: 43074.134 Thread 0x00000172f7c58930 Unloading class 0x00000001009f3c00 'java/lang/invoke/LambdaForm$MH+0x00000001009f3c00'
Event: 43074.134 Thread 0x00000172f7c58930 Unloading class 0x00000001009f3800 'jdk/internal/reflect/GeneratedMethodAccessor51'
Event: 43074.134 Thread 0x00000172f7c58930 Unloading class 0x00000001009e3400 'java/lang/invoke/LambdaForm$MH+0x00000001009e3400'
Event: 43074.134 Thread 0x00000172f7c58930 Unloading class 0x00000001009e1800 'java/lang/invoke/LambdaForm$MH+0x00000001009e1800'

Classes redefined (0 events):
No events

Internal exceptions (20 events):
Event: 42862.170 Thread 0x00000172fd9110c0 Exception <a 'sun/nio/fs/WindowsException'{0x00000000ee889948}> (0x00000000ee889948) 
thrown [s\src\hotspot\share\prims\jni.cpp, line 516]
Event: 42862.170 Thread 0x00000172fd9110c0 Exception <a 'sun/nio/fs/WindowsException'{0x00000000ee889d28}> (0x00000000ee889d28) 
thrown [s\src\hotspot\share\prims\jni.cpp, line 516]
Event: 42862.171 Thread 0x00000172fd9110c0 Exception <a 'sun/nio/fs/WindowsException'{0x00000000ee88b248}> (0x00000000ee88b248) 
thrown [s\src\hotspot\share\prims\jni.cpp, line 516]
Event: 42862.171 Thread 0x00000172fd9110c0 Exception <a 'sun/nio/fs/WindowsException'{0x00000000ee88b638}> (0x00000000ee88b638) 
thrown [s\src\hotspot\share\prims\jni.cpp, line 516]
Event: 42862.172 Thread 0x00000172fd9110c0 Exception <a 'sun/nio/fs/WindowsException'{0x00000000ee8acb70}> (0x00000000ee8acb70) 
thrown [s\src\hotspot\share\prims\jni.cpp, line 516]
Event: 42862.172 Thread 0x00000172fd9110c0 Exception <a 'sun/nio/fs/WindowsException'{0x00000000ee8acf18}> (0x00000000ee8acf18) 
thrown [s\src\hotspot\share\prims\jni.cpp, line 516]
Event: 42862.172 Thread 0x00000172fd9110c0 Exception <a 'sun/nio/fs/WindowsException'{0x00000000ee8ae408}> (0x00000000ee8ae408) 
thrown [s\src\hotspot\share\prims\jni.cpp, line 516]
Event: 42862.172 Thread 0x00000172fd9110c0 Exception <a 'sun/nio/fs/WindowsException'{0x00000000ee8ae7c8}> (0x00000000ee8ae7c8) 
thrown [s\src\hotspot\share\prims\jni.cpp, line 516]
Event: 42862.174 Thread 0x00000172fd9110c0 Exception <a 'sun/nio/fs/WindowsException'{0x00000000ee8fcc58}> (0x00000000ee8fcc58) 
thrown [s\src\hotspot\share\prims\jni.cpp, line 516]
Event: 42862.174 Thread 0x00000172fd9110c0 Exception <a 'sun/nio/fs/WindowsException'{0x00000000ee8fd010}> (0x00000000ee8fd010) 
thrown [s\src\hotspot\share\prims\jni.cpp, line 516]
Event: 42862.174 Thread 0x00000172fd9110c0 Exception <a 'sun/nio/fs/WindowsException'{0x00000000ee8fe500}> (0x00000000ee8fe500) 
thrown [s\src\hotspot\share\prims\jni.cpp, line 516]
Event: 42862.174 Thread 0x00000172fd9110c0 Exception <a 'sun/nio/fs/WindowsException'{0x00000000ee8fe8d8}> (0x00000000ee8fe8d8) 
thrown [s\src\hotspot\share\prims\jni.cpp, line 516]
Event: 42862.184 Thread 0x00000172fd9110c0 Exception <a 'sun/nio/fs/WindowsException'{0x00000000ee6a38b0}> (0x00000000ee6a38b0) 
thrown [s\src\hotspot\share\prims\jni.cpp, line 516]
Event: 42862.184 Thread 0x00000172fd9110c0 Exception <a 'sun/nio/fs/WindowsException'{0x00000000ee6a3c58}> (0x00000000ee6a3c58) 
thrown [s\src\hotspot\share\prims\jni.cpp, line 516]
Event: 42862.185 Thread 0x00000172fd9110c0 Exception <a 'sun/nio/fs/WindowsException'{0x00000000ee6a5148}> (0x00000000ee6a5148) 
thrown [s\src\hotspot\share\prims\jni.cpp, line 516]
Event: 42862.185 Thread 0x00000172fd9110c0 Exception <a 'sun/nio/fs/WindowsException'{0x00000000ee6a5508}> (0x00000000ee6a5508) 
thrown [s\src\hotspot\share\prims\jni.cpp, line 516]
Event: 42968.369 Thread 0x00000172fd90d700 Exception <a 'sun/nio/fs/WindowsException'{0x00000000d2718150}> (0x00000000d2718150) 
thrown [s\src\hotspot\share\prims\jni.cpp, line 516]
Event: 42968.370 Thread 0x00000172fd90d700 Exception <a 'sun/nio/fs/WindowsException'{0x00000000d27195c8}> (0x00000000d27195c8) 
thrown [s\src\hotspot\share\prims\jni.cpp, line 516]
Event: 48013.646 Thread 0x00000172fcc7cf00 Exception <a 'sun/nio/fs/WindowsException'{0x00000000d1a28588}> (0x00000000d1a28588) 
thrown [s\src\hotspot\share\prims\jni.cpp, line 516]
Event: 48013.648 Thread 0x00000172fcc7cf00 Exception <a 'sun/nio/fs/WindowsException'{0x00000000d1a29a00}> (0x00000000d1a29a00) 
thrown [s\src\hotspot\share\prims\jni.cpp, line 516]

VM Operations (20 events):
Event: 73067.928 Executing VM operation: G1CollectFull done
Event: 73078.177 Executing VM operation: G1CollectFull
Event: 73078.240 Executing VM operation: G1CollectFull done
Event: 73088.466 Executing VM operation: G1CollectFull
Event: 73088.534 Executing VM operation: G1CollectFull done
Event: 73098.752 Executing VM operation: G1CollectFull
Event: 73098.825 Executing VM operation: G1CollectFull done
Event: 73109.047 Executing VM operation: G1CollectFull
Event: 73109.102 Executing VM operation: G1CollectFull done
Event: 73119.325 Executing VM operation: G1CollectFull
Event: 73119.400 Executing VM operation: G1CollectFull done
Event: 73129.602 Executing VM operation: G1CollectFull
Event: 73129.662 Executing VM operation: G1CollectFull done
Event: 73139.864 Executing VM operation: G1CollectFull
Event: 73139.931 Executing VM operation: G1CollectFull done
Event: 73150.183 Executing VM operation: G1CollectFull
Event: 73150.240 Executing VM operation: G1CollectFull done
Event: 73160.469 Executing VM operation: G1CollectFull
Event: 73160.530 Executing VM operation: G1CollectFull done
Event: 73170.790 Executing VM operation: G1CollectFull

Events (20 events):
Event: 68139.514 Thread 0x00000172fd90f3e0 Thread added: 0x00000172fd90f3e0
Event: 68199.532 Thread 0x00000172fd90f3e0 Thread exited: 0x00000172fd90f3e0
Event: 68525.783 Thread 0x00000172fd955520 Thread added: 0x00000172fd955520
Event: 68585.800 Thread 0x00000172fd955520 Thread exited: 0x00000172fd955520
Event: 68662.375 Thread 0x00000172882889f0 Thread added: 0x00000172882889f0
Event: 68808.706 Thread 0x00000172882889f0 Thread exited: 0x00000172882889f0
Event: 68835.911 Thread 0x00000172feba0ee0 Thread added: 0x00000172feba0ee0
Event: 68939.599 Thread 0x00000172feba0ee0 Thread exited: 0x00000172feba0ee0
Event: 68978.038 Thread 0x0000017288000100 Thread added: 0x0000017288000100
Event: 69226.098 Thread 0x0000017288000100 Thread exited: 0x0000017288000100
Event: 69226.179 Thread 0x00000172fec3cb50 Thread added: 0x00000172fec3cb50
Event: 69286.191 Thread 0x00000172fec3cb50 Thread exited: 0x00000172fec3cb50
Event: 69537.976 Thread 0x00000172fec3cb50 Thread added: 0x00000172fec3cb50
Event: 69597.984 Thread 0x00000172fec3cb50 Thread exited: 0x00000172fec3cb50
Event: 69649.712 Thread 0x00000172fd90b080 Thread added: 0x00000172fd90b080
Event: 69750.278 Thread 0x00000172fd90b080 Thread exited: 0x00000172fd90b080
Event: 69829.257 Thread 0x00000172fe782ad0 Thread added: 0x00000172fe782ad0
Event: 69927.527 Thread 0x00000172fe782ad0 Thread exited: 0x00000172fe782ad0
Event: 73016.411 Thread 0x00000172fd90ef10 Thread added: 0x00000172fd90ef10
Event: 73076.430 Thread 0x00000172fd90ef10 Thread exited: 0x00000172fd90ef10


Dynamic libraries:
0x00007ff6d6200000 - 0x00007ff6d620e000 	c:\Users\nayem\.vscode\extensions\redhat.java-1.19.0-win32-x64\jre\17.0.7-win32-x86_64\bin\java.exe
0x00007ffb33710000 - 0x00007ffb33908000 	C:\WINDOWS\SYSTEM32\ntdll.dll
0x00007ffb334b0000 - 0x00007ffb3356f000 	C:\WINDOWS\System32\KERNEL32.DLL
0x00007ffb31270000 - 0x00007ffb31566000 	C:\WINDOWS\System32\KERNELBASE.dll
0x00007ffb30df0000 - 0x00007ffb30ef0000 	C:\WINDOWS\System32\ucrtbase.dll
0x00007ffb21e60000 - 0x00007ffb21e79000 	c:\Users\nayem\.vscode\extensions\redhat.java-1.19.0-win32-x64\jre\17.0.7-win32-x86_64\bin\VCRUNTIME140.dll
0x00007ffb21fc0000 - 0x00007ffb21fd7000 	c:\Users\nayem\.vscode\extensions\redhat.java-1.19.0-win32-x64\jre\17.0.7-win32-x86_64\bin\jli.dll
0x00007ffb330e0000 - 0x00007ffb3327d000 	C:\WINDOWS\System32\USER32.dll
0x00007ffb19c30000 - 0x00007ffb19eca000 	C:\WINDOWS\WinSxS\amd64_microsoft.windows.common-controls_6595b64144ccf1df_6.0.19041.1110_none_60b5254171f9507e\COMCTL32.dll
0x00007ffb33040000 - 0x00007ffb330de000 	C:\WINDOWS\System32\msvcrt.dll
0x00007ffb315e0000 - 0x00007ffb31602000 	C:\WINDOWS\System32\win32u.dll
0x00007ffb33570000 - 0x00007ffb3359c000 	C:\WINDOWS\System32\GDI32.dll
0x00007ffb31020000 - 0x00007ffb31135000 	C:\WINDOWS\System32\gdi32full.dll
0x00007ffb30ef0000 - 0x00007ffb30f8d000 	C:\WINDOWS\System32\msvcp_win.dll
0x00007ffb31c70000 - 0x00007ffb31ca0000 	C:\WINDOWS\System32\IMM32.DLL
0x00007ffb2af00000 - 0x00007ffb2af0c000 	c:\Users\nayem\.vscode\extensions\redhat.java-1.19.0-win32-x64\jre\17.0.7-win32-x86_64\bin\vcruntime140_1.dll
0x00007ffafeb50000 - 0x00007ffafebe1000 	c:\Users\nayem\.vscode\extensions\redhat.java-1.19.0-win32-x64\jre\17.0.7-win32-x86_64\bin\msvcp140.dll
0x00007ffac21d0000 - 0x00007ffac2e18000 	c:\Users\nayem\.vscode\extensions\redhat.java-1.19.0-win32-x64\jre\17.0.7-win32-x86_64\bin\server\jvm.dll
0x00007ffb317d0000 - 0x00007ffb3187f000 	C:\WINDOWS\System32\ADVAPI32.dll
0x00007ffb31ee0000 - 0x00007ffb31f7c000 	C:\WINDOWS\System32\sechost.dll
0x00007ffb319c0000 - 0x00007ffb31ae6000 	C:\WINDOWS\System32\RPCRT4.dll
0x00007ffb19a80000 - 0x00007ffb19a89000 	C:\WINDOWS\SYSTEM32\WSOCK32.dll
0x00007ffb1bd70000 - 0x00007ffb1bd97000 	C:\WINDOWS\SYSTEM32\WINMM.dll
0x00007ffb31ca0000 - 0x00007ffb31d0b000 	C:\WINDOWS\System32\WS2_32.dll
0x00007ffb27150000 - 0x00007ffb2715a000 	C:\WINDOWS\SYSTEM32\VERSION.dll
0x00007ffb2f620000 - 0x00007ffb2f632000 	C:\WINDOWS\SYSTEM32\kernel.appcore.dll
0x00007ffb29a80000 - 0x00007ffb29a8a000 	c:\Users\nayem\.vscode\extensions\redhat.java-1.19.0-win32-x64\jre\17.0.7-win32-x86_64\bin\jimage.dll
0x00007ffb2eb80000 - 0x00007ffb2ed64000 	C:\WINDOWS\SYSTEM32\DBGHELP.DLL
0x00007ffb134d0000 - 0x00007ffb13504000 	C:\WINDOWS\SYSTEM32\dbgcore.DLL
0x00007ffb30f90000 - 0x00007ffb31012000 	C:\WINDOWS\System32\bcryptPrimitives.dll
0x00007ffb1e9a0000 - 0x00007ffb1e9c5000 	c:\Users\nayem\.vscode\extensions\redhat.java-1.19.0-win32-x64\jre\17.0.7-win32-x86_64\bin\java.dll
0x00007ffb21370000 - 0x00007ffb21388000 	c:\Users\nayem\.vscode\extensions\redhat.java-1.19.0-win32-x64\jre\17.0.7-win32-x86_64\bin\zip.dll
0x00007ffb31f80000 - 0x00007ffb326c4000 	C:\WINDOWS\System32\SHELL32.dll
0x00007ffb2ee70000 - 0x00007ffb2f603000 	C:\WINDOWS\SYSTEM32\windows.storage.dll
0x00007ffb32b40000 - 0x00007ffb32e94000 	C:\WINDOWS\System32\combase.dll
0x00007ffb30850000 - 0x00007ffb3087e000 	C:\WINDOWS\SYSTEM32\Wldp.dll
0x00007ffb31910000 - 0x00007ffb319bd000 	C:\WINDOWS\System32\SHCORE.dll
0x00007ffb33670000 - 0x00007ffb336c5000 	C:\WINDOWS\System32\shlwapi.dll
0x00007ffb30d30000 - 0x00007ffb30d4f000 	C:\WINDOWS\SYSTEM32\profapi.dll
0x00007ffb1e980000 - 0x00007ffb1e999000 	C:\Users\nayem\.vscode\extensions\redhat.java-1.19.0-win32-x64\jre\17.0.7-win32-x86_64\bin\net.dll
0x00007ffb222d0000 - 0x00007ffb223da000 	C:\WINDOWS\SYSTEM32\WINHTTP.dll
0x00007ffb305b0000 - 0x00007ffb3061a000 	C:\WINDOWS\system32\mswsock.dll
0x00007ffb1e8d0000 - 0x00007ffb1e8e5000 	C:\Users\nayem\.vscode\extensions\redhat.java-1.19.0-win32-x64\jre\17.0.7-win32-x86_64\bin\nio.dll
0x00007ffb307a0000 - 0x00007ffb307b8000 	C:\WINDOWS\SYSTEM32\CRYPTSP.dll
0x00007ffb2fe60000 - 0x00007ffb2fe94000 	C:\WINDOWS\system32\rsaenh.dll
0x00007ffb31190000 - 0x00007ffb311b7000 	C:\WINDOWS\System32\bcrypt.dll
0x00007ffb30cb0000 - 0x00007ffb30cde000 	C:\WINDOWS\SYSTEM32\USERENV.dll
0x00007ffb307c0000 - 0x00007ffb307cc000 	C:\WINDOWS\SYSTEM32\CRYPTBASE.dll
0x00007ffb30230000 - 0x00007ffb3026c000 	C:\WINDOWS\SYSTEM32\IPHLPAPI.DLL
0x00007ffb334a0000 - 0x00007ffb334a8000 	C:\WINDOWS\System32\NSI.dll
0x00007ffb22950000 - 0x00007ffb22967000 	C:\WINDOWS\SYSTEM32\dhcpcsvc6.DLL
0x00007ffb26760000 - 0x00007ffb2677d000 	C:\WINDOWS\SYSTEM32\dhcpcsvc.DLL
0x00007ffb302a0000 - 0x00007ffb3036b000 	C:\WINDOWS\SYSTEM32\DNSAPI.dll
0x00007ffb29360000 - 0x00007ffb29369000 	C:\Users\nayem\.vscode\extensions\redhat.java-1.19.0-win32-x64\jre\17.0.7-win32-x86_64\bin\management.dll
0x00007ffb21f80000 - 0x00007ffb21f8b000 	C:\Users\nayem\.vscode\extensions\redhat.java-1.19.0-win32-x64\jre\17.0.7-win32-x86_64\bin\management_ext.dll
0x00007ffb33280000 - 0x00007ffb33288000 	C:\WINDOWS\System32\PSAPI.DLL
0x00007ffb2c360000 - 0x00007ffb2c36e000 	C:\Users\nayem\.vscode\extensions\redhat.java-1.19.0-win32-x64\jre\17.0.7-win32-x86_64\bin\sunmscapi.dll
0x00007ffb31610000 - 0x00007ffb3176e000 	C:\WINDOWS\System32\CRYPT32.dll
0x00007ffb308c0000 - 0x00007ffb308e8000 	C:\WINDOWS\SYSTEM32\ncrypt.dll
0x00007ffb30880000 - 0x00007ffb308bb000 	C:\WINDOWS\SYSTEM32\NTASN1.dll
0x00007ffb22240000 - 0x00007ffb2224a000 	C:\Windows\System32\rasadhlp.dll
0x00007ffb1e0a0000 - 0x00007ffb1e122000 	C:\WINDOWS\System32\fwpuclnt.dll
0x00007ffb293d0000 - 0x00007ffb293e0000 	c:\Users\nayem\.vscode\extensions\redhat.java-1.19.0-win32-x64\jre\17.0.7-win32-x86_64\bin\verify.dll
0x000000006c500000 - 0x000000006c5c7000 	C:\Users\nayem\AppData\Local\Temp\snappy-1.1.8-553a43f5-2060-4044-8efd-992116800f71-snappyjava.dll

dbghelp: loaded successfully - version: 4.0.5 - missing functions: none
symbol engine: initialized successfully - sym options: 0x614 - pdb path: .;c:\Users\nayem\.vscode\extensions\redhat.java-1.19.0-win32-x64\jre\17.0.7-win32-x86_64\bin;C:\WINDOWS\SYSTEM32;C:\WINDOWS\WinSxS\amd64_microsoft.windows.common-controls_6595b64144ccf1df_6.0.19041.1110_none_60b5254171f9507e;c:\Users\nayem\.vscode\extensions\redhat.java-1.19.0-win32-x64\jre\17.0.7-win32-x86_64\bin\server;C:\Users\nayem\AppData\Local\Temp

VM Arguments:
jvm_args: -XX:+HeapDumpOnOutOfMemoryError -Xmx1024m -Dsts.lsp.client=vscode -Dsts.log.file=/dev/null -XX:TieredStopAtLevel=1 -Xlog:jni+resolve=off -Dspring.config.location=file:c:\Users\nayem\.vscode\extensions\vmware.vscode-spring-boot-1.46.0\language-server\BOOT-INF\classes\application.properties 
java_command: org.springframework.ide.vscode.boot.app.BootLanguageServerBootApp
java_class_path (initial): c:\Users\nayem\.vscode\extensions\vmware.vscode-spring-boot-1.46.0\language-server\BOOT-INF\classes;c:\Users\nayem\.vscode\extensions\vmware.vscode-spring-boot-1.46.0\language-server\BOOT-INF\lib\annotations-24.0.1.jar;c:\Users\nayem\.vscode\extensions\vmware.vscode-spring-boot-1.46.0\language-server\BOOT-INF\lib\antlr-runtime-3.5.3.jar;c:\Users\nayem\.vscode\extensions\vmware.vscode-spring-boot-1.46.0\language-server\BOOT-INF\lib\antlr4-4.11.1.jar;c:\Users\nayem\.vscode\extensions\vmware.vscode-spring-boot-1.46.0\language-server\BOOT-INF\lib\antlr4-runtime-4.11.1.jar;c:\Users\nayem\.vscode\extensions\vmware.vscode-spring-boot-1.46.0\language-server\BOOT-INF\lib\asm-9.5.jar;c:\Users\nayem\.vscode\extensions\vmware.vscode-spring-boot-1.46.0\language-server\BOOT-INF\lib\asm-analysis-9.5.jar;c:\Users\nayem\.vscode\extensions\vmware.vscode-spring-boot-1.46.0\language-server\BOOT-INF\lib\asm-tree-9.5.jar;c:\Users\nayem\.vscode\extensions\vmware.vscode-spring-boot-1.46.0\language-server\BOOT-INF\lib\asm-util-9.5.jar;c:\Users\nayem\.vscode\extensions\vmware.vscode-spring-boot-1.46.0\language-server\BOOT-INF\lib\caffeine-3.1.2.jar;c:\Users\nayem\.vscode\extensions\vmware.vscode-spring-boot-1.46.0\language-server\BOOT-INF\lib\checker-qual-3.12.0.jar;c:\Users\nayem\.vscode\extensions\vmware.vscode-spring-boot-1.46.0\language-server\BOOT-INF\lib\classgraph-4.8.149.jar;c:\Users\nayem\.vscode\extensions\vmware.vscode-spring-boot-1.46.0\language-server\BOOT-INF\lib\commons-codec-1.15.jar;c:\Users\nayem\.vscode\extensions\vmware.vscode-spring-boot-1.46.0\language-server\BOOT-INF\lib\commons-compress-1.23.0.jar;c:\Users\nayem\.vscode\extensions\vmware.vscode-spring-boot-1.46.0\language-server\BOOT-INF\lib\commons-io-2.4.jar;c:\Users\nayem\.vscode\extensions\vmware.vscode-spring-boot-1.46.0\language-server\BOOT-INF\lib\commons-java-1.46.0-SNAPSHOT.jar;c:\Users\nayem\.vscode\extensions\vmware.vscode-spring-boot-1.46.0\language-server\BOOT-INF\lib\commons-
Launcher Type: SUN_STANDARD

[Global flags]
     intx CICompilerCount                          = 4                                         {product} {ergonomic}
     uint ConcGCThreads                            = 2                                         {product} {ergonomic}
     uint G1ConcRefinementThreads                  = 8                                         {product} {ergonomic}
   size_t G1HeapRegionSize                         = 1048576                                   {product} {ergonomic}
    uintx GCDrainStackTargetSize                   = 64                                        {product} {ergonomic}
     bool HeapDumpOnOutOfMemoryError               = true                                   {manageable} {command line}
   size_t InitialHeapSize                          = 268435456                                 {product} {ergonomic}
   size_t MarkStackSize                            = 4194304                                   {product} {ergonomic}
   size_t MaxHeapSize                              = 1073741824                                {product} {command line}
   size_t MaxNewSize                               = 643825664                                 {product} {ergonomic}
   size_t MinHeapDeltaBytes                        = 1048576                                   {product} {ergonomic}
   size_t MinHeapSize                              = 8388608                                   {product} {ergonomic}
    uintx NonProfiledCodeHeapSize                  = 0                                      {pd product} {ergonomic}
     bool ProfileInterpreter                       = false                                  {pd product} {command line}
    uintx ProfiledCodeHeapSize                     = 0                                      {pd product} {ergonomic}
   size_t SoftMaxHeapSize                          = 1073741824                             {manageable} {ergonomic}
     intx TieredStopAtLevel                        = 1                                         {product} {command line}
     bool UseCompressedClassPointers               = true                           {product lp64_product} {ergonomic}
     bool UseCompressedOops                        = true                           {product lp64_product} {ergonomic}
     bool UseG1GC                                  = true                                      {product} {ergonomic}
     bool UseLargePagesIndividualAllocation        = false                                  {pd product} {ergonomic}

Logging:
Log output configuration:
 #0: stdout all=warning,jni+resolve=off uptime,level,tags
 #1: stderr all=off uptime,level,tags

Environment Variables:
PATH=C:\Program Files\Common Files\Oracle\Java\javapath;C:\Program Files (x86)\Intel\iCLS Client\;C:\Program Files\Intel\iCLS Client\;C:\Windows\system32;C:\Windows;C:\Windows\System32\Wbem;C:\Windows\System32\WindowsPowerShell\v1.0\;C:\Program Files (x86)\Intel\Intel(R) Management Engine Components\DAL;C:\Program Files\Intel\Intel(R) Management Engine Components\DAL;C:\Program Files (x86)\Intel\Intel(R) Management Engine Components\IPT;C:\Program Files\Intel\Intel(R) Management Engine Components\IPT;C:\Program Files (x86)\NVIDIA Corporation\PhysX\Common;C:\Program Files\Intel\WiFi\bin\;C:\Program Files\Common Files\Intel\WirelessCommon\;C:\WINDOWS\system32;C:\WINDOWS;C:\WINDOWS\System32\Wbem;C:\WINDOWS\System32\WindowsPowerShell\v1.0\;C:\WINDOWS\System32\OpenSSH\;C:\MinGW\bin;C:\Program Files\Git\cmd;C:\Program Files\nodejs\;C:\Users\nayem\AppData\Local\Programs\Python\Python311\Scripts\;C:\Users\nayem\AppData\Local\Programs\Python\Python311\;C:\Users\nayem\AppData\Local\Microsoft\WindowsApps;;C:\Users\nayem\AppData\Local\Programs\Microsoft VS Code\bin;C:\Program Files\JetBrains\IntelliJ IDEA Community Edition 2023.1.1\bin;;C:\Users\nayem\AppData\Roaming\npm
USERNAME=nayem
OS=Windows_NT
PROCESSOR_IDENTIFIER=Intel64 Family 6 Model 142 Stepping 10, GenuineIntel
TMP=C:\Users\nayem\AppData\Local\Temp
TEMP=C:\Users\nayem\AppData\Local\Temp



---------------  S Y S T E M  ---------------

OS:
 Windows 10 , 64 bit Build 19041 (10.0.19041.2913)
OS uptime: 9 days 5:52 hours

CPU: total 8 (initial active 8) (4 cores per cpu, 2 threads per core) family 6 model 142 stepping 10 microcode 0xb4, cx8, cmov, fxsr, ht, mmx, 3dnowpref, sse, sse2, sse3, ssse3, sse4.1, sse4.2, popcnt, lzcnt, tsc, tscinvbit, avx, avx2, aes, erms, clmul, bmi1, bmi2, adx, fma, vzeroupper, clflush, clflushopt

Memory: 4k page, system-wide physical 16270M (5527M free)
TotalPageFile size 31398M (AvailPageFile size 27M)
current process WorkingSet (physical memory assigned to process): 178M, peak: 1095M
current process commit charge ("private bytes"): 503M, peak: 1074M

vm_info: OpenJDK 64-Bit Server VM (17.0.7+7) for windows-amd64 JRE (17.0.7+7), built on Apr 18 2023 22:10:42 by "temurin" with MS VC++ 16.7 (VS2019)

END.
